mode: set
github.com/dhruvsaxena1998/splitplus/cmd/worker/main.go:17.13,23.16 4 0
github.com/dhruvsaxena1998/splitplus/cmd/worker/main.go:23.16,25.3 1 0
github.com/dhruvsaxena1998/splitplus/cmd/worker/main.go:26.2,53.31 18 0
github.com/dhruvsaxena1998/splitplus/cmd/api/main.go:15.13,19.16 3 0
github.com/dhruvsaxena1998/splitplus/cmd/api/main.go:19.16,21.3 1 0
github.com/dhruvsaxena1998/splitplus/cmd/api/main.go:22.2,35.36 6 0
github.com/dhruvsaxena1998/splitplus/internal/app/app.go:46.58,91.38 25 0
github.com/dhruvsaxena1998/splitplus/internal/app/app.go:91.38,93.3 1 0
github.com/dhruvsaxena1998/splitplus/internal/app/app.go:95.2,95.12 1 0
github.com/dhruvsaxena1998/splitplus/internal/db/pool.go:10.70,12.16 2 0
github.com/dhruvsaxena1998/splitplus/internal/db/pool.go:12.16,14.3 1 0
github.com/dhruvsaxena1998/splitplus/internal/db/pool.go:16.2,20.40 4 0
github.com/dhruvsaxena1998/splitplus/internal/db/sqlc/balances.sql.go:47.109,49.16 2 0
github.com/dhruvsaxena1998/splitplus/internal/db/sqlc/balances.sql.go:49.16,51.3 1 0
github.com/dhruvsaxena1998/splitplus/internal/db/sqlc/balances.sql.go:52.2,54.18 3 0
github.com/dhruvsaxena1998/splitplus/internal/db/sqlc/balances.sql.go:54.18,63.17 2 0
github.com/dhruvsaxena1998/splitplus/internal/db/sqlc/balances.sql.go:63.17,65.4 1 0
github.com/dhruvsaxena1998/splitplus/internal/db/sqlc/balances.sql.go:66.3,66.27 1 0
github.com/dhruvsaxena1998/splitplus/internal/db/sqlc/balances.sql.go:68.2,68.35 1 0
github.com/dhruvsaxena1998/splitplus/internal/db/sqlc/balances.sql.go:68.35,70.3 1 0
github.com/dhruvsaxena1998/splitplus/internal/db/sqlc/balances.sql.go:71.2,71.19 1 0
github.com/dhruvsaxena1998/splitplus/internal/db/sqlc/balances.sql.go:103.118,105.16 2 0
github.com/dhruvsaxena1998/splitplus/internal/db/sqlc/balances.sql.go:105.16,107.3 1 0
github.com/dhruvsaxena1998/splitplus/internal/db/sqlc/balances.sql.go:108.2,110.18 3 0
github.com/dhruvsaxena1998/splitplus/internal/db/sqlc/balances.sql.go:110.18,118.17 2 0
github.com/dhruvsaxena1998/splitplus/internal/db/sqlc/balances.sql.go:118.17,120.4 1 0
github.com/dhruvsaxena1998/splitplus/internal/db/sqlc/balances.sql.go:121.3,121.27 1 0
github.com/dhruvsaxena1998/splitplus/internal/db/sqlc/balances.sql.go:123.2,123.35 1 0
github.com/dhruvsaxena1998/splitplus/internal/db/sqlc/balances.sql.go:123.35,125.3 1 0
github.com/dhruvsaxena1998/splitplus/internal/db/sqlc/balances.sql.go:126.2,126.19 1 0
github.com/dhruvsaxena1998/splitplus/internal/db/sqlc/balances.sql.go:167.129,180.2 4 0
github.com/dhruvsaxena1998/splitplus/internal/db/sqlc/db.go:20.28,22.2 1 0
github.com/dhruvsaxena1998/splitplus/internal/db/sqlc/db.go:28.46,32.2 1 0
github.com/dhruvsaxena1998/splitplus/internal/db/sqlc/expense_categories.sql.go:37.116,61.2 4 0
github.com/dhruvsaxena1998/splitplus/internal/db/sqlc/expense_categories.sql.go:77.97,80.2 2 0
github.com/dhruvsaxena1998/splitplus/internal/db/sqlc/expense_categories.sql.go:88.97,105.2 4 0
github.com/dhruvsaxena1998/splitplus/internal/db/sqlc/expense_categories.sql.go:119.112,136.2 4 0
github.com/dhruvsaxena1998/splitplus/internal/db/sqlc/expense_categories.sql.go:145.111,147.16 2 0
github.com/dhruvsaxena1998/splitplus/internal/db/sqlc/expense_categories.sql.go:147.16,149.3 1 0
github.com/dhruvsaxena1998/splitplus/internal/db/sqlc/expense_categories.sql.go:150.2,152.18 3 0
github.com/dhruvsaxena1998/splitplus/internal/db/sqlc/expense_categories.sql.go:152.18,166.17 2 0
github.com/dhruvsaxena1998/splitplus/internal/db/sqlc/expense_categories.sql.go:166.17,168.4 1 0
github.com/dhruvsaxena1998/splitplus/internal/db/sqlc/expense_categories.sql.go:169.3,169.27 1 0
github.com/dhruvsaxena1998/splitplus/internal/db/sqlc/expense_categories.sql.go:171.2,171.35 1 0
github.com/dhruvsaxena1998/splitplus/internal/db/sqlc/expense_categories.sql.go:171.35,173.3 1 0
github.com/dhruvsaxena1998/splitplus/internal/db/sqlc/expense_categories.sql.go:174.2,174.19 1 0
github.com/dhruvsaxena1998/splitplus/internal/db/sqlc/expense_categories.sql.go:200.116,224.2 4 0
github.com/dhruvsaxena1998/splitplus/internal/db/sqlc/expense_comments.sql.go:19.99,24.2 4 0
github.com/dhruvsaxena1998/splitplus/internal/db/sqlc/expense_comments.sql.go:42.117,55.2 4 0
github.com/dhruvsaxena1998/splitplus/internal/db/sqlc/expense_comments.sql.go:63.83,66.2 2 0
github.com/dhruvsaxena1998/splitplus/internal/db/sqlc/expense_comments.sql.go:92.112,108.2 4 0
github.com/dhruvsaxena1998/splitplus/internal/db/sqlc/expense_comments.sql.go:135.117,137.16 2 0
github.com/dhruvsaxena1998/splitplus/internal/db/sqlc/expense_comments.sql.go:137.16,139.3 1 0
github.com/dhruvsaxena1998/splitplus/internal/db/sqlc/expense_comments.sql.go:140.2,142.18 3 0
github.com/dhruvsaxena1998/splitplus/internal/db/sqlc/expense_comments.sql.go:142.18,155.17 2 0
github.com/dhruvsaxena1998/splitplus/internal/db/sqlc/expense_comments.sql.go:155.17,157.4 1 0
github.com/dhruvsaxena1998/splitplus/internal/db/sqlc/expense_comments.sql.go:158.3,158.27 1 0
github.com/dhruvsaxena1998/splitplus/internal/db/sqlc/expense_comments.sql.go:160.2,160.35 1 0
github.com/dhruvsaxena1998/splitplus/internal/db/sqlc/expense_comments.sql.go:160.35,162.3 1 0
github.com/dhruvsaxena1998/splitplus/internal/db/sqlc/expense_comments.sql.go:163.2,163.19 1 0
github.com/dhruvsaxena1998/splitplus/internal/db/sqlc/expense_comments.sql.go:180.117,193.2 4 0
github.com/dhruvsaxena1998/splitplus/internal/db/sqlc/expenses.sql.go:32.96,64.2 4 0
github.com/dhruvsaxena1998/splitplus/internal/db/sqlc/expenses.sql.go:78.117,97.2 4 0
github.com/dhruvsaxena1998/splitplus/internal/db/sqlc/expenses.sql.go:111.111,130.2 4 0
github.com/dhruvsaxena1998/splitplus/internal/db/sqlc/expenses.sql.go:138.76,141.2 2 0
github.com/dhruvsaxena1998/splitplus/internal/db/sqlc/expenses.sql.go:149.91,152.2 2 0
github.com/dhruvsaxena1998/splitplus/internal/db/sqlc/expenses.sql.go:160.89,163.2 2 0
github.com/dhruvsaxena1998/splitplus/internal/db/sqlc/expenses.sql.go:170.88,191.2 4 0
github.com/dhruvsaxena1998/splitplus/internal/db/sqlc/expenses.sql.go:224.117,226.16 2 0
github.com/dhruvsaxena1998/splitplus/internal/db/sqlc/expenses.sql.go:226.16,228.3 1 0
github.com/dhruvsaxena1998/splitplus/internal/db/sqlc/expenses.sql.go:229.2,231.18 3 0
github.com/dhruvsaxena1998/splitplus/internal/db/sqlc/expenses.sql.go:231.18,244.17 2 0
github.com/dhruvsaxena1998/splitplus/internal/db/sqlc/expenses.sql.go:244.17,246.4 1 0
github.com/dhruvsaxena1998/splitplus/internal/db/sqlc/expenses.sql.go:247.3,247.27 1 0
github.com/dhruvsaxena1998/splitplus/internal/db/sqlc/expenses.sql.go:249.2,249.35 1 0
github.com/dhruvsaxena1998/splitplus/internal/db/sqlc/expenses.sql.go:249.35,251.3 1 0
github.com/dhruvsaxena1998/splitplus/internal/db/sqlc/expenses.sql.go:252.2,252.19 1 0
github.com/dhruvsaxena1998/splitplus/internal/db/sqlc/expenses.sql.go:286.113,288.16 2 0
github.com/dhruvsaxena1998/splitplus/internal/db/sqlc/expenses.sql.go:288.16,290.3 1 0
github.com/dhruvsaxena1998/splitplus/internal/db/sqlc/expenses.sql.go:291.2,293.18 3 0
github.com/dhruvsaxena1998/splitplus/internal/db/sqlc/expenses.sql.go:293.18,306.17 2 0
github.com/dhruvsaxena1998/splitplus/internal/db/sqlc/expenses.sql.go:306.17,308.4 1 0
github.com/dhruvsaxena1998/splitplus/internal/db/sqlc/expenses.sql.go:309.3,309.27 1 0
github.com/dhruvsaxena1998/splitplus/internal/db/sqlc/expenses.sql.go:311.2,311.35 1 0
github.com/dhruvsaxena1998/splitplus/internal/db/sqlc/expenses.sql.go:311.35,313.3 1 0
github.com/dhruvsaxena1998/splitplus/internal/db/sqlc/expenses.sql.go:314.2,314.19 1 0
github.com/dhruvsaxena1998/splitplus/internal/db/sqlc/expenses.sql.go:323.100,325.16 2 0
github.com/dhruvsaxena1998/splitplus/internal/db/sqlc/expenses.sql.go:325.16,327.3 1 0
github.com/dhruvsaxena1998/splitplus/internal/db/sqlc/expenses.sql.go:328.2,330.18 3 0
github.com/dhruvsaxena1998/splitplus/internal/db/sqlc/expenses.sql.go:330.18,348.17 2 0
github.com/dhruvsaxena1998/splitplus/internal/db/sqlc/expenses.sql.go:348.17,350.4 1 0
github.com/dhruvsaxena1998/splitplus/internal/db/sqlc/expenses.sql.go:351.3,351.27 1 0
github.com/dhruvsaxena1998/splitplus/internal/db/sqlc/expenses.sql.go:353.2,353.35 1 0
github.com/dhruvsaxena1998/splitplus/internal/db/sqlc/expenses.sql.go:353.35,355.3 1 0
github.com/dhruvsaxena1998/splitplus/internal/db/sqlc/expenses.sql.go:356.2,356.19 1 0
github.com/dhruvsaxena1998/splitplus/internal/db/sqlc/expenses.sql.go:397.108,399.16 2 0
github.com/dhruvsaxena1998/splitplus/internal/db/sqlc/expenses.sql.go:399.16,401.3 1 0
github.com/dhruvsaxena1998/splitplus/internal/db/sqlc/expenses.sql.go:402.2,404.18 3 0
github.com/dhruvsaxena1998/splitplus/internal/db/sqlc/expenses.sql.go:404.18,422.17 2 0
github.com/dhruvsaxena1998/splitplus/internal/db/sqlc/expenses.sql.go:422.17,424.4 1 0
github.com/dhruvsaxena1998/splitplus/internal/db/sqlc/expenses.sql.go:425.3,425.27 1 0
github.com/dhruvsaxena1998/splitplus/internal/db/sqlc/expenses.sql.go:427.2,427.35 1 0
github.com/dhruvsaxena1998/splitplus/internal/db/sqlc/expenses.sql.go:427.35,429.3 1 0
github.com/dhruvsaxena1998/splitplus/internal/db/sqlc/expenses.sql.go:430.2,430.19 1 0
github.com/dhruvsaxena1998/splitplus/internal/db/sqlc/expenses.sql.go:460.96,491.2 4 0
github.com/dhruvsaxena1998/splitplus/internal/db/sqlc/expenses.sql.go:509.111,528.2 4 0
github.com/dhruvsaxena1998/splitplus/internal/db/sqlc/friendships.sql.go:25.105,38.2 4 0
github.com/dhruvsaxena1998/splitplus/internal/db/sqlc/friendships.sql.go:47.79,50.2 2 0
github.com/dhruvsaxena1998/splitplus/internal/db/sqlc/friendships.sql.go:62.99,75.2 4 0
github.com/dhruvsaxena1998/splitplus/internal/db/sqlc/friendships.sql.go:82.94,95.2 4 0
github.com/dhruvsaxena1998/splitplus/internal/db/sqlc/friendships.sql.go:131.98,133.16 2 0
github.com/dhruvsaxena1998/splitplus/internal/db/sqlc/friendships.sql.go:133.16,135.3 1 0
github.com/dhruvsaxena1998/splitplus/internal/db/sqlc/friendships.sql.go:136.2,138.18 3 0
github.com/dhruvsaxena1998/splitplus/internal/db/sqlc/friendships.sql.go:138.18,151.17 2 0
github.com/dhruvsaxena1998/splitplus/internal/db/sqlc/friendships.sql.go:151.17,153.4 1 0
github.com/dhruvsaxena1998/splitplus/internal/db/sqlc/friendships.sql.go:154.3,154.27 1 0
github.com/dhruvsaxena1998/splitplus/internal/db/sqlc/friendships.sql.go:156.2,156.35 1 0
github.com/dhruvsaxena1998/splitplus/internal/db/sqlc/friendships.sql.go:156.35,158.3 1 0
github.com/dhruvsaxena1998/splitplus/internal/db/sqlc/friendships.sql.go:159.2,159.19 1 0
github.com/dhruvsaxena1998/splitplus/internal/db/sqlc/friendships.sql.go:170.115,172.16 2 0
github.com/dhruvsaxena1998/splitplus/internal/db/sqlc/friendships.sql.go:172.16,174.3 1 0
github.com/dhruvsaxena1998/splitplus/internal/db/sqlc/friendships.sql.go:175.2,177.18 3 0
github.com/dhruvsaxena1998/splitplus/internal/db/sqlc/friendships.sql.go:177.18,187.17 2 0
github.com/dhruvsaxena1998/splitplus/internal/db/sqlc/friendships.sql.go:187.17,189.4 1 0
github.com/dhruvsaxena1998/splitplus/internal/db/sqlc/friendships.sql.go:190.3,190.27 1 0
github.com/dhruvsaxena1998/splitplus/internal/db/sqlc/friendships.sql.go:192.2,192.35 1 0
github.com/dhruvsaxena1998/splitplus/internal/db/sqlc/friendships.sql.go:192.35,194.3 1 0
github.com/dhruvsaxena1998/splitplus/internal/db/sqlc/friendships.sql.go:195.2,195.19 1 0
github.com/dhruvsaxena1998/splitplus/internal/db/sqlc/friendships.sql.go:206.109,208.16 2 0
github.com/dhruvsaxena1998/splitplus/internal/db/sqlc/friendships.sql.go:208.16,210.3 1 0
github.com/dhruvsaxena1998/splitplus/internal/db/sqlc/friendships.sql.go:211.2,213.18 3 0
github.com/dhruvsaxena1998/splitplus/internal/db/sqlc/friendships.sql.go:213.18,223.17 2 0
github.com/dhruvsaxena1998/splitplus/internal/db/sqlc/friendships.sql.go:223.17,225.4 1 0
github.com/dhruvsaxena1998/splitplus/internal/db/sqlc/friendships.sql.go:226.3,226.27 1 0
github.com/dhruvsaxena1998/splitplus/internal/db/sqlc/friendships.sql.go:228.2,228.35 1 0
github.com/dhruvsaxena1998/splitplus/internal/db/sqlc/friendships.sql.go:228.35,230.3 1 0
github.com/dhruvsaxena1998/splitplus/internal/db/sqlc/friendships.sql.go:231.2,231.19 1 0
github.com/dhruvsaxena1998/splitplus/internal/db/sqlc/friendships.sql.go:248.117,261.2 4 0
github.com/dhruvsaxena1998/splitplus/internal/db/sqlc/group-members.sql.go:29.108,54.2 4 0
github.com/dhruvsaxena1998/splitplus/internal/db/sqlc/group-members.sql.go:66.102,83.2 4 0
github.com/dhruvsaxena1998/splitplus/internal/db/sqlc/group-members.sql.go:114.110,116.16 2 0
github.com/dhruvsaxena1998/splitplus/internal/db/sqlc/group-members.sql.go:116.16,118.3 1 0
github.com/dhruvsaxena1998/splitplus/internal/db/sqlc/group-members.sql.go:119.2,121.18 3 0
github.com/dhruvsaxena1998/splitplus/internal/db/sqlc/group-members.sql.go:121.18,133.17 2 0
github.com/dhruvsaxena1998/splitplus/internal/db/sqlc/group-members.sql.go:133.17,135.4 1 0
github.com/dhruvsaxena1998/splitplus/internal/db/sqlc/group-members.sql.go:136.3,136.27 1 0
github.com/dhruvsaxena1998/splitplus/internal/db/sqlc/group-members.sql.go:138.2,138.35 1 0
github.com/dhruvsaxena1998/splitplus/internal/db/sqlc/group-members.sql.go:138.35,140.3 1 0
github.com/dhruvsaxena1998/splitplus/internal/db/sqlc/group-members.sql.go:141.2,141.19 1 0
github.com/dhruvsaxena1998/splitplus/internal/db/sqlc/group-members.sql.go:183.109,185.16 2 0
github.com/dhruvsaxena1998/splitplus/internal/db/sqlc/group-members.sql.go:185.16,187.3 1 0
github.com/dhruvsaxena1998/splitplus/internal/db/sqlc/group-members.sql.go:188.2,190.18 3 0
github.com/dhruvsaxena1998/splitplus/internal/db/sqlc/group-members.sql.go:190.18,206.17 2 0
github.com/dhruvsaxena1998/splitplus/internal/db/sqlc/group-members.sql.go:206.17,208.4 1 0
github.com/dhruvsaxena1998/splitplus/internal/db/sqlc/group-members.sql.go:209.3,209.27 1 0
github.com/dhruvsaxena1998/splitplus/internal/db/sqlc/group-members.sql.go:211.2,211.35 1 0
github.com/dhruvsaxena1998/splitplus/internal/db/sqlc/group-members.sql.go:211.35,213.3 1 0
github.com/dhruvsaxena1998/splitplus/internal/db/sqlc/group-members.sql.go:214.2,214.19 1 0
github.com/dhruvsaxena1998/splitplus/internal/db/sqlc/group-members.sql.go:231.120,253.2 4 0
github.com/dhruvsaxena1998/splitplus/internal/db/sqlc/group_activities.sql.go:36.114,57.2 4 0
github.com/dhruvsaxena1998/splitplus/internal/db/sqlc/group_activities.sql.go:93.112,95.16 2 0
github.com/dhruvsaxena1998/splitplus/internal/db/sqlc/group_activities.sql.go:95.16,97.3 1 0
github.com/dhruvsaxena1998/splitplus/internal/db/sqlc/group_activities.sql.go:98.2,100.18 3 0
github.com/dhruvsaxena1998/splitplus/internal/db/sqlc/group_activities.sql.go:100.18,114.17 2 0
github.com/dhruvsaxena1998/splitplus/internal/db/sqlc/group_activities.sql.go:114.17,116.4 1 0
github.com/dhruvsaxena1998/splitplus/internal/db/sqlc/group_activities.sql.go:117.3,117.27 1 0
github.com/dhruvsaxena1998/splitplus/internal/db/sqlc/group_activities.sql.go:119.2,119.35 1 0
github.com/dhruvsaxena1998/splitplus/internal/db/sqlc/group_activities.sql.go:119.35,121.3 1 0
github.com/dhruvsaxena1998/splitplus/internal/db/sqlc/group_activities.sql.go:122.2,122.19 1 0
github.com/dhruvsaxena1998/splitplus/internal/db/sqlc/group_activities.sql.go:165.125,167.16 2 0
github.com/dhruvsaxena1998/splitplus/internal/db/sqlc/group_activities.sql.go:167.16,169.3 1 0
github.com/dhruvsaxena1998/splitplus/internal/db/sqlc/group_activities.sql.go:170.2,172.18 3 0
github.com/dhruvsaxena1998/splitplus/internal/db/sqlc/group_activities.sql.go:172.18,186.17 2 0
github.com/dhruvsaxena1998/splitplus/internal/db/sqlc/group_activities.sql.go:186.17,188.4 1 0
github.com/dhruvsaxena1998/splitplus/internal/db/sqlc/group_activities.sql.go:189.3,189.27 1 0
github.com/dhruvsaxena1998/splitplus/internal/db/sqlc/group_activities.sql.go:191.2,191.35 1 0
github.com/dhruvsaxena1998/splitplus/internal/db/sqlc/group_activities.sql.go:191.35,193.3 1 0
github.com/dhruvsaxena1998/splitplus/internal/db/sqlc/group_activities.sql.go:194.2,194.19 1 0
github.com/dhruvsaxena1998/splitplus/internal/db/sqlc/groups.sql.go:26.90,48.2 4 0
github.com/dhruvsaxena1998/splitplus/internal/db/sqlc/groups.sql.go:55.84,72.2 4 0
github.com/dhruvsaxena1998/splitplus/internal/db/sqlc/recurring_expenses.sql.go:40.123,78.2 4 0
github.com/dhruvsaxena1998/splitplus/internal/db/sqlc/recurring_expenses.sql.go:92.144,111.2 4 0
github.com/dhruvsaxena1998/splitplus/internal/db/sqlc/recurring_expenses.sql.go:125.138,144.2 4 0
github.com/dhruvsaxena1998/splitplus/internal/db/sqlc/recurring_expenses.sql.go:152.85,155.2 2 0
github.com/dhruvsaxena1998/splitplus/internal/db/sqlc/recurring_expenses.sql.go:162.106,186.2 4 0
github.com/dhruvsaxena1998/splitplus/internal/db/sqlc/recurring_expenses.sql.go:196.92,198.16 2 0
github.com/dhruvsaxena1998/splitplus/internal/db/sqlc/recurring_expenses.sql.go:198.16,200.3 1 0
github.com/dhruvsaxena1998/splitplus/internal/db/sqlc/recurring_expenses.sql.go:201.2,203.18 3 0
github.com/dhruvsaxena1998/splitplus/internal/db/sqlc/recurring_expenses.sql.go:203.18,224.17 2 0
github.com/dhruvsaxena1998/splitplus/internal/db/sqlc/recurring_expenses.sql.go:224.17,226.4 1 0
github.com/dhruvsaxena1998/splitplus/internal/db/sqlc/recurring_expenses.sql.go:227.3,227.27 1 0
github.com/dhruvsaxena1998/splitplus/internal/db/sqlc/recurring_expenses.sql.go:229.2,229.35 1 0
github.com/dhruvsaxena1998/splitplus/internal/db/sqlc/recurring_expenses.sql.go:229.35,231.3 1 0
github.com/dhruvsaxena1998/splitplus/internal/db/sqlc/recurring_expenses.sql.go:232.2,232.19 1 0
github.com/dhruvsaxena1998/splitplus/internal/db/sqlc/recurring_expenses.sql.go:266.144,268.16 2 0
github.com/dhruvsaxena1998/splitplus/internal/db/sqlc/recurring_expenses.sql.go:268.16,270.3 1 0
github.com/dhruvsaxena1998/splitplus/internal/db/sqlc/recurring_expenses.sql.go:271.2,273.18 3 0
github.com/dhruvsaxena1998/splitplus/internal/db/sqlc/recurring_expenses.sql.go:273.18,286.17 2 0
github.com/dhruvsaxena1998/splitplus/internal/db/sqlc/recurring_expenses.sql.go:286.17,288.4 1 0
github.com/dhruvsaxena1998/splitplus/internal/db/sqlc/recurring_expenses.sql.go:289.3,289.27 1 0
github.com/dhruvsaxena1998/splitplus/internal/db/sqlc/recurring_expenses.sql.go:291.2,291.35 1 0
github.com/dhruvsaxena1998/splitplus/internal/db/sqlc/recurring_expenses.sql.go:291.35,293.3 1 0
github.com/dhruvsaxena1998/splitplus/internal/db/sqlc/recurring_expenses.sql.go:294.2,294.19 1 0
github.com/dhruvsaxena1998/splitplus/internal/db/sqlc/recurring_expenses.sql.go:328.140,330.16 2 0
github.com/dhruvsaxena1998/splitplus/internal/db/sqlc/recurring_expenses.sql.go:330.16,332.3 1 0
github.com/dhruvsaxena1998/splitplus/internal/db/sqlc/recurring_expenses.sql.go:333.2,335.18 3 0
github.com/dhruvsaxena1998/splitplus/internal/db/sqlc/recurring_expenses.sql.go:335.18,348.17 2 0
github.com/dhruvsaxena1998/splitplus/internal/db/sqlc/recurring_expenses.sql.go:348.17,350.4 1 0
github.com/dhruvsaxena1998/splitplus/internal/db/sqlc/recurring_expenses.sql.go:351.3,351.27 1 0
github.com/dhruvsaxena1998/splitplus/internal/db/sqlc/recurring_expenses.sql.go:353.2,353.35 1 0
github.com/dhruvsaxena1998/splitplus/internal/db/sqlc/recurring_expenses.sql.go:353.35,355.3 1 0
github.com/dhruvsaxena1998/splitplus/internal/db/sqlc/recurring_expenses.sql.go:356.2,356.19 1 0
github.com/dhruvsaxena1998/splitplus/internal/db/sqlc/recurring_expenses.sql.go:365.118,367.16 2 0
github.com/dhruvsaxena1998/splitplus/internal/db/sqlc/recurring_expenses.sql.go:367.16,369.3 1 0
github.com/dhruvsaxena1998/splitplus/internal/db/sqlc/recurring_expenses.sql.go:370.2,372.18 3 0
github.com/dhruvsaxena1998/splitplus/internal/db/sqlc/recurring_expenses.sql.go:372.18,393.17 2 0
github.com/dhruvsaxena1998/splitplus/internal/db/sqlc/recurring_expenses.sql.go:393.17,395.4 1 0
github.com/dhruvsaxena1998/splitplus/internal/db/sqlc/recurring_expenses.sql.go:396.3,396.27 1 0
github.com/dhruvsaxena1998/splitplus/internal/db/sqlc/recurring_expenses.sql.go:398.2,398.35 1 0
github.com/dhruvsaxena1998/splitplus/internal/db/sqlc/recurring_expenses.sql.go:398.35,400.3 1 0
github.com/dhruvsaxena1998/splitplus/internal/db/sqlc/recurring_expenses.sql.go:401.2,401.19 1 0
github.com/dhruvsaxena1998/splitplus/internal/db/sqlc/recurring_expenses.sql.go:417.127,441.2 4 0
github.com/dhruvsaxena1998/splitplus/internal/db/sqlc/recurring_expenses.sql.go:478.123,516.2 4 0
github.com/dhruvsaxena1998/splitplus/internal/db/sqlc/recurring_expenses.sql.go:531.147,555.2 4 0
github.com/dhruvsaxena1998/splitplus/internal/db/sqlc/settlements.sql.go:37.105,72.2 4 0
github.com/dhruvsaxena1998/splitplus/internal/db/sqlc/settlements.sql.go:80.79,83.2 2 0
github.com/dhruvsaxena1998/splitplus/internal/db/sqlc/settlements.sql.go:90.94,113.2 4 0
github.com/dhruvsaxena1998/splitplus/internal/db/sqlc/settlements.sql.go:177.131,179.16 2 0
github.com/dhruvsaxena1998/splitplus/internal/db/sqlc/settlements.sql.go:179.16,181.3 1 0
github.com/dhruvsaxena1998/splitplus/internal/db/sqlc/settlements.sql.go:182.2,184.18 3 0
github.com/dhruvsaxena1998/splitplus/internal/db/sqlc/settlements.sql.go:184.18,208.17 2 0
github.com/dhruvsaxena1998/splitplus/internal/db/sqlc/settlements.sql.go:208.17,210.4 1 0
github.com/dhruvsaxena1998/splitplus/internal/db/sqlc/settlements.sql.go:211.3,211.27 1 0
github.com/dhruvsaxena1998/splitplus/internal/db/sqlc/settlements.sql.go:213.2,213.35 1 0
github.com/dhruvsaxena1998/splitplus/internal/db/sqlc/settlements.sql.go:213.35,215.3 1 0
github.com/dhruvsaxena1998/splitplus/internal/db/sqlc/settlements.sql.go:216.2,216.19 1 0
github.com/dhruvsaxena1998/splitplus/internal/db/sqlc/settlements.sql.go:273.121,275.16 2 0
github.com/dhruvsaxena1998/splitplus/internal/db/sqlc/settlements.sql.go:275.16,277.3 1 0
github.com/dhruvsaxena1998/splitplus/internal/db/sqlc/settlements.sql.go:278.2,280.18 3 0
github.com/dhruvsaxena1998/splitplus/internal/db/sqlc/settlements.sql.go:280.18,304.17 2 0
github.com/dhruvsaxena1998/splitplus/internal/db/sqlc/settlements.sql.go:304.17,306.4 1 0
github.com/dhruvsaxena1998/splitplus/internal/db/sqlc/settlements.sql.go:307.3,307.27 1 0
github.com/dhruvsaxena1998/splitplus/internal/db/sqlc/settlements.sql.go:309.2,309.35 1 0
github.com/dhruvsaxena1998/splitplus/internal/db/sqlc/settlements.sql.go:309.35,311.3 1 0
github.com/dhruvsaxena1998/splitplus/internal/db/sqlc/settlements.sql.go:312.2,312.19 1 0
github.com/dhruvsaxena1998/splitplus/internal/db/sqlc/settlements.sql.go:372.119,374.16 2 0
github.com/dhruvsaxena1998/splitplus/internal/db/sqlc/settlements.sql.go:374.16,376.3 1 0
github.com/dhruvsaxena1998/splitplus/internal/db/sqlc/settlements.sql.go:377.2,379.18 3 0
github.com/dhruvsaxena1998/splitplus/internal/db/sqlc/settlements.sql.go:379.18,404.17 2 0
github.com/dhruvsaxena1998/splitplus/internal/db/sqlc/settlements.sql.go:404.17,406.4 1 0
github.com/dhruvsaxena1998/splitplus/internal/db/sqlc/settlements.sql.go:407.3,407.27 1 0
github.com/dhruvsaxena1998/splitplus/internal/db/sqlc/settlements.sql.go:409.2,409.35 1 0
github.com/dhruvsaxena1998/splitplus/internal/db/sqlc/settlements.sql.go:409.35,411.3 1 0
github.com/dhruvsaxena1998/splitplus/internal/db/sqlc/settlements.sql.go:412.2,412.19 1 0
github.com/dhruvsaxena1998/splitplus/internal/db/sqlc/settlements.sql.go:441.105,473.2 4 0
github.com/dhruvsaxena1998/splitplus/internal/db/sqlc/settlements.sql.go:491.117,514.2 4 0
github.com/dhruvsaxena1998/splitplus/internal/db/sqlc/users.sql.go:24.87,41.2 4 0
github.com/dhruvsaxena1998/splitplus/internal/db/sqlc/users.sql.go:48.82,65.2 4 0
github.com/dhruvsaxena1998/splitplus/internal/repository/balance_repository.go:24.68,26.2 1 0
github.com/dhruvsaxena1998/splitplus/internal/repository/balance_repository.go:28.124,30.2 1 0
github.com/dhruvsaxena1998/splitplus/internal/repository/balance_repository.go:32.152,34.2 1 0
github.com/dhruvsaxena1998/splitplus/internal/repository/balance_repository.go:36.133,38.2 1 0
github.com/dhruvsaxena1998/splitplus/internal/repository/balance_repository.go:40.99,42.2 1 0
github.com/dhruvsaxena1998/splitplus/internal/repository/balance_repository.go:44.125,46.2 1 0
github.com/dhruvsaxena1998/splitplus/internal/repository/expense_category_repository.go:26.81,31.2 1 0
github.com/dhruvsaxena1998/splitplus/internal/repository/expense_category_repository.go:33.142,35.2 1 0
github.com/dhruvsaxena1998/splitplus/internal/repository/expense_category_repository.go:37.120,39.2 1 0
github.com/dhruvsaxena1998/splitplus/internal/repository/expense_category_repository.go:41.140,46.2 1 0
github.com/dhruvsaxena1998/splitplus/internal/repository/expense_category_repository.go:48.134,50.2 1 0
github.com/dhruvsaxena1998/splitplus/internal/repository/expense_category_repository.go:52.142,54.2 1 0
github.com/dhruvsaxena1998/splitplus/internal/repository/expense_category_repository.go:56.106,61.2 1 0
github.com/dhruvsaxena1998/splitplus/internal/repository/expense_category_repository.go:63.115,69.16 2 0
github.com/dhruvsaxena1998/splitplus/internal/repository/expense_category_repository.go:69.16,71.3 1 0
github.com/dhruvsaxena1998/splitplus/internal/repository/expense_category_repository.go:72.2,72.39 1 0
github.com/dhruvsaxena1998/splitplus/internal/repository/expense_comment_repository.go:23.76,25.2 1 0
github.com/dhruvsaxena1998/splitplus/internal/repository/expense_comment_repository.go:27.140,29.2 1 0
github.com/dhruvsaxena1998/splitplus/internal/repository/expense_comment_repository.go:31.127,33.2 1 0
github.com/dhruvsaxena1998/splitplus/internal/repository/expense_comment_repository.go:35.132,37.2 1 0
github.com/dhruvsaxena1998/splitplus/internal/repository/expense_comment_repository.go:39.140,41.2 1 0
github.com/dhruvsaxena1998/splitplus/internal/repository/expense_comment_repository.go:43.93,45.2 1 0
github.com/dhruvsaxena1998/splitplus/internal/repository/expense_comment_repository.go:47.109,49.2 1 0
github.com/dhruvsaxena1998/splitplus/internal/repository/expense_repository.go:47.88,49.2 1 0
github.com/dhruvsaxena1998/splitplus/internal/repository/expense_repository.go:51.74,53.2 1 0
github.com/dhruvsaxena1998/splitplus/internal/repository/expense_repository.go:55.65,60.2 1 0
github.com/dhruvsaxena1998/splitplus/internal/repository/expense_repository.go:62.119,64.2 1 0
github.com/dhruvsaxena1998/splitplus/internal/repository/expense_repository.go:66.103,68.2 1 0
github.com/dhruvsaxena1998/splitplus/internal/repository/expense_repository.go:70.115,72.2 1 0
github.com/dhruvsaxena1998/splitplus/internal/repository/expense_repository.go:74.119,76.2 1 0
github.com/dhruvsaxena1998/splitplus/internal/repository/expense_repository.go:78.86,80.2 1 0
github.com/dhruvsaxena1998/splitplus/internal/repository/expense_repository.go:82.140,84.2 1 0
github.com/dhruvsaxena1998/splitplus/internal/repository/expense_repository.go:86.132,88.2 1 0
github.com/dhruvsaxena1998/splitplus/internal/repository/expense_repository.go:90.101,92.2 1 0
github.com/dhruvsaxena1998/splitplus/internal/repository/expense_repository.go:94.134,96.2 1 0
github.com/dhruvsaxena1998/splitplus/internal/repository/expense_repository.go:98.128,100.2 1 0
github.com/dhruvsaxena1998/splitplus/internal/repository/expense_repository.go:102.99,104.2 1 0
github.com/dhruvsaxena1998/splitplus/internal/repository/expense_repository.go:106.131,108.2 1 0
github.com/dhruvsaxena1998/splitplus/internal/repository/expense_repository.go:110.99,112.2 1 0
github.com/dhruvsaxena1998/splitplus/internal/repository/expense_repository.go:114.125,116.2 1 0
github.com/dhruvsaxena1998/splitplus/internal/repository/friend_repository.go:27.66,29.2 1 0
github.com/dhruvsaxena1998/splitplus/internal/repository/friend_repository.go:31.127,33.2 1 0
github.com/dhruvsaxena1998/splitplus/internal/repository/friend_repository.go:35.122,40.2 1 0
github.com/dhruvsaxena1998/splitplus/internal/repository/friend_repository.go:42.108,44.2 1 0
github.com/dhruvsaxena1998/splitplus/internal/repository/friend_repository.go:46.112,48.2 1 0
github.com/dhruvsaxena1998/splitplus/internal/repository/friend_repository.go:50.123,52.2 1 0
github.com/dhruvsaxena1998/splitplus/internal/repository/friend_repository.go:54.123,56.2 1 0
github.com/dhruvsaxena1998/splitplus/internal/repository/friend_repository.go:58.139,60.2 1 0
github.com/dhruvsaxena1998/splitplus/internal/repository/friend_repository.go:62.88,64.2 1 0
github.com/dhruvsaxena1998/splitplus/internal/repository/friend_repository.go:66.96,68.2 1 0
github.com/dhruvsaxena1998/splitplus/internal/repository/group_activity_repository.go:22.77,27.2 1 0
github.com/dhruvsaxena1998/splitplus/internal/repository/group_activity_repository.go:29.138,31.2 1 0
github.com/dhruvsaxena1998/splitplus/internal/repository/group_activity_repository.go:33.154,35.2 1 0
github.com/dhruvsaxena1998/splitplus/internal/repository/group_activity_repository.go:37.134,39.2 1 0
github.com/dhruvsaxena1998/splitplus/internal/repository/group_repository.go:37.84,39.2 1 0
github.com/dhruvsaxena1998/splitplus/internal/repository/group_repository.go:41.72,43.2 1 0
github.com/dhruvsaxena1998/splitplus/internal/repository/group_repository.go:45.61,50.2 1 0
github.com/dhruvsaxena1998/splitplus/internal/repository/group_repository.go:52.111,54.2 1 0
github.com/dhruvsaxena1998/splitplus/internal/repository/group_repository.go:56.97,58.2 1 0
github.com/dhruvsaxena1998/splitplus/internal/repository/group_repository.go:60.129,62.2 1 0
github.com/dhruvsaxena1998/splitplus/internal/repository/group_repository.go:64.123,66.2 1 0
github.com/dhruvsaxena1998/splitplus/internal/repository/group_repository.go:68.141,70.2 1 0
github.com/dhruvsaxena1998/splitplus/internal/repository/group_repository.go:72.122,74.2 1 0
github.com/dhruvsaxena1998/splitplus/internal/repository/group_repository.go:76.123,78.2 1 0
github.com/dhruvsaxena1998/splitplus/internal/repository/group_repository.go:80.95,82.2 1 0
github.com/dhruvsaxena1998/splitplus/internal/repository/recurring_expense_repository.go:45.106,47.2 1 0
github.com/dhruvsaxena1998/splitplus/internal/repository/recurring_expense_repository.go:49.83,51.2 1 0
github.com/dhruvsaxena1998/splitplus/internal/repository/recurring_expense_repository.go:53.83,58.2 1 0
github.com/dhruvsaxena1998/splitplus/internal/repository/recurring_expense_repository.go:60.155,62.2 1 0
github.com/dhruvsaxena1998/splitplus/internal/repository/recurring_expense_repository.go:64.130,66.2 1 0
github.com/dhruvsaxena1998/splitplus/internal/repository/recurring_expense_repository.go:68.142,70.2 1 0
github.com/dhruvsaxena1998/splitplus/internal/repository/recurring_expense_repository.go:72.155,74.2 1 0
github.com/dhruvsaxena1998/splitplus/internal/repository/recurring_expense_repository.go:76.104,78.2 1 0
github.com/dhruvsaxena1998/splitplus/internal/repository/recurring_expense_repository.go:80.116,82.2 1 0
github.com/dhruvsaxena1998/splitplus/internal/repository/recurring_expense_repository.go:84.159,86.2 1 0
github.com/dhruvsaxena1998/splitplus/internal/repository/recurring_expense_repository.go:88.179,90.2 1 0
github.com/dhruvsaxena1998/splitplus/internal/repository/recurring_expense_repository.go:92.176,94.2 1 0
github.com/dhruvsaxena1998/splitplus/internal/repository/recurring_expense_repository.go:96.168,98.2 1 0
github.com/dhruvsaxena1998/splitplus/internal/repository/recurring_expense_repository.go:100.170,102.2 1 0
github.com/dhruvsaxena1998/splitplus/internal/repository/recurring_expense_repository.go:104.164,106.2 1 0
github.com/dhruvsaxena1998/splitplus/internal/repository/recurring_expense_repository.go:108.108,110.2 1 0
github.com/dhruvsaxena1998/splitplus/internal/repository/recurring_expense_repository.go:112.134,114.2 1 0
github.com/dhruvsaxena1998/splitplus/internal/repository/settlement_repository.go:31.74,33.2 1 0
github.com/dhruvsaxena1998/splitplus/internal/repository/settlement_repository.go:35.131,37.2 1 0
github.com/dhruvsaxena1998/splitplus/internal/repository/settlement_repository.go:39.112,41.2 1 0
github.com/dhruvsaxena1998/splitplus/internal/repository/settlement_repository.go:43.139,45.2 1 0
github.com/dhruvsaxena1998/splitplus/internal/repository/settlement_repository.go:47.136,49.2 1 0
github.com/dhruvsaxena1998/splitplus/internal/repository/settlement_repository.go:51.143,53.2 1 0
github.com/dhruvsaxena1998/splitplus/internal/repository/settlement_repository.go:55.131,57.2 1 0
github.com/dhruvsaxena1998/splitplus/internal/repository/settlement_repository.go:59.92,61.2 1 0
github.com/dhruvsaxena1998/splitplus/internal/repository/settlement_repository.go:63.157,65.2 1 0
github.com/dhruvsaxena1998/splitplus/internal/repository/settlement_repository.go:67.102,69.2 1 0
github.com/dhruvsaxena1998/splitplus/internal/repository/settlement_repository.go:71.128,73.2 1 0
github.com/dhruvsaxena1998/splitplus/internal/repository/user_repository.go:17.62,19.2 1 0
github.com/dhruvsaxena1998/splitplus/internal/repository/user_repository.go:21.107,23.2 1 0
github.com/dhruvsaxena1998/splitplus/internal/http/middleware/auth.go:14.73,16.2 1 0
github.com/dhruvsaxena1998/splitplus/internal/http/middleware/auth.go:19.53,22.2 2 0
github.com/dhruvsaxena1998/splitplus/internal/http/middleware/auth.go:27.50,28.71 1 0
github.com/dhruvsaxena1998/splitplus/internal/http/middleware/auth.go:28.71,30.22 2 0
github.com/dhruvsaxena1998/splitplus/internal/http/middleware/auth.go:30.22,33.4 2 0
github.com/dhruvsaxena1998/splitplus/internal/http/middleware/auth.go:35.3,36.48 2 0
github.com/dhruvsaxena1998/splitplus/internal/http/middleware/auth.go:36.48,39.4 2 0
github.com/dhruvsaxena1998/splitplus/internal/http/middleware/auth.go:41.3,42.40 2 0
github.com/dhruvsaxena1998/splitplus/internal/http/middleware/validator.go:15.48,18.2 2 0
github.com/dhruvsaxena1998/splitplus/internal/http/middleware/validator.go:22.35,23.46 1 0
github.com/dhruvsaxena1998/splitplus/internal/http/middleware/validator.go:23.46,24.72 1 0
github.com/dhruvsaxena1998/splitplus/internal/http/middleware/validator.go:24.72,30.48 4 0
github.com/dhruvsaxena1998/splitplus/internal/http/middleware/validator.go:30.48,33.5 2 0
github.com/dhruvsaxena1998/splitplus/internal/http/middleware/validator.go:35.4,35.41 1 0
github.com/dhruvsaxena1998/splitplus/internal/http/middleware/validator.go:35.41,37.68 2 0
github.com/dhruvsaxena1998/splitplus/internal/http/middleware/validator.go:37.68,38.49 1 0
github.com/dhruvsaxena1998/splitplus/internal/http/middleware/validator.go:38.49,40.7 1 0
github.com/dhruvsaxena1998/splitplus/internal/http/middleware/validator.go:41.11,43.6 1 0
github.com/dhruvsaxena1998/splitplus/internal/http/middleware/validator.go:44.5,45.11 2 0
github.com/dhruvsaxena1998/splitplus/internal/http/middleware/validator.go:48.4,49.41 2 0
github.com/dhruvsaxena1998/splitplus/internal/http/middleware/validator.go:54.72,55.26 1 0
github.com/dhruvsaxena1998/splitplus/internal/http/middleware/validator.go:56.18,57.23 1 0
github.com/dhruvsaxena1998/splitplus/internal/http/middleware/validator.go:58.15,59.41 1 0
github.com/dhruvsaxena1998/splitplus/internal/http/middleware/validator.go:60.13,61.75 1 0
github.com/dhruvsaxena1998/splitplus/internal/http/middleware/validator.go:62.13,63.74 1 0
github.com/dhruvsaxena1998/splitplus/internal/http/middleware/validator.go:64.10,65.69 1 0
github.com/dhruvsaxena1998/splitplus/internal/job/recurring_expense_generator.go:17.103,22.2 1 0
github.com/dhruvsaxena1998/splitplus/internal/job/recurring_expense_generator.go:24.64,29.25 3 0
github.com/dhruvsaxena1998/splitplus/internal/job/recurring_expense_generator.go:29.25,31.3 1 0
github.com/dhruvsaxena1998/splitplus/internal/job/recurring_expense_generator.go:32.2,38.12 3 0
github.com/dhruvsaxena1998/splitplus/internal/job/recurring_expense_generator.go:38.12,39.10 1 0
github.com/dhruvsaxena1998/splitplus/internal/job/recurring_expense_generator.go:40.35,42.29 1 0
github.com/dhruvsaxena1998/splitplus/internal/job/recurring_expense_generator.go:43.21,44.10 1 0
github.com/dhruvsaxena1998/splitplus/internal/job/recurring_expense_generator.go:45.17,46.10 1 0
github.com/dhruvsaxena1998/splitplus/internal/job/recurring_expense_generator.go:51.2,51.12 1 0
github.com/dhruvsaxena1998/splitplus/internal/job/recurring_expense_generator.go:51.12,52.7 1 0
github.com/dhruvsaxena1998/splitplus/internal/job/recurring_expense_generator.go:52.7,53.11 1 0
github.com/dhruvsaxena1998/splitplus/internal/job/recurring_expense_generator.go:54.22,55.30 1 0
github.com/dhruvsaxena1998/splitplus/internal/job/recurring_expense_generator.go:56.22,57.11 1 0
github.com/dhruvsaxena1998/splitplus/internal/job/recurring_expense_generator.go:58.18,59.11 1 0
github.com/dhruvsaxena1998/splitplus/internal/job/recurring_expense_generator.go:65.44,66.21 1 0
github.com/dhruvsaxena1998/splitplus/internal/job/recurring_expense_generator.go:66.21,68.3 1 0
github.com/dhruvsaxena1998/splitplus/internal/job/recurring_expense_generator.go:69.2,69.15 1 0
github.com/dhruvsaxena1998/splitplus/internal/job/recurring_expense_generator.go:72.77,76.16 3 0
github.com/dhruvsaxena1998/splitplus/internal/job/recurring_expense_generator.go:76.16,79.3 2 0
github.com/dhruvsaxena1998/splitplus/internal/job/recurring_expense_generator.go:81.2,81.59 1 0
github.com/dhruvsaxena1998/splitplus/internal/http/response/response.go:18.80,26.2 3 0
github.com/dhruvsaxena1998/splitplus/internal/http/response/response.go:28.76,37.2 4 0
github.com/dhruvsaxena1998/splitplus/internal/http/response/response.go:39.90,48.2 4 0
github.com/dhruvsaxena1998/splitplus/internal/http/router/balance_router.go:11.70,12.39 1 0
github.com/dhruvsaxena1998/splitplus/internal/http/router/balance_router.go:12.39,14.61 1 0
github.com/dhruvsaxena1998/splitplus/internal/http/router/balance_router.go:14.61,22.4 3 0
github.com/dhruvsaxena1998/splitplus/internal/http/router/balance_router.go:25.3,25.58 1 0
github.com/dhruvsaxena1998/splitplus/internal/http/router/balance_router.go:25.58,28.4 2 0
github.com/dhruvsaxena1998/splitplus/internal/http/router/balance_router.go:31.3,31.52 1 0
github.com/dhruvsaxena1998/splitplus/internal/http/router/balance_router.go:31.52,34.4 2 0
github.com/dhruvsaxena1998/splitplus/internal/http/router/debug.go:16.32,24.10 2 0
github.com/dhruvsaxena1998/splitplus/internal/http/router/debug.go:24.10,25.19 1 0
github.com/dhruvsaxena1998/splitplus/internal/http/router/debug.go:25.19,30.4 1 0
github.com/dhruvsaxena1998/splitplus/internal/http/router/debug.go:31.3,31.13 1 0
github.com/dhruvsaxena1998/splitplus/internal/http/router/debug.go:34.2,34.22 1 0
github.com/dhruvsaxena1998/splitplus/internal/http/router/debug.go:34.22,37.3 2 0
github.com/dhruvsaxena1998/splitplus/internal/http/router/debug.go:40.2,42.27 3 0
github.com/dhruvsaxena1998/splitplus/internal/http/router/debug.go:42.27,43.35 1 0
github.com/dhruvsaxena1998/splitplus/internal/http/router/debug.go:43.35,45.4 1 0
github.com/dhruvsaxena1998/splitplus/internal/http/router/debug.go:46.3,46.33 1 0
github.com/dhruvsaxena1998/splitplus/internal/http/router/debug.go:46.33,48.4 1 0
github.com/dhruvsaxena1998/splitplus/internal/http/router/debug.go:52.2,66.27 10 0
github.com/dhruvsaxena1998/splitplus/internal/http/router/debug.go:66.27,68.3 1 0
github.com/dhruvsaxena1998/splitplus/internal/http/router/debug.go:71.2,72.49 2 0
github.com/dhruvsaxena1998/splitplus/internal/http/router/expense_category_router.go:11.87,12.39 1 0
github.com/dhruvsaxena1998/splitplus/internal/http/router/expense_category_router.go:12.39,19.63 3 0
github.com/dhruvsaxena1998/splitplus/internal/http/router/expense_category_router.go:19.63,27.4 6 0
github.com/dhruvsaxena1998/splitplus/internal/http/router/expense_comment_router.go:12.84,13.39 1 0
github.com/dhruvsaxena1998/splitplus/internal/http/router/expense_comment_router.go:13.39,17.83 2 0
github.com/dhruvsaxena1998/splitplus/internal/http/router/expense_comment_router.go:17.83,31.48 4 0
github.com/dhruvsaxena1998/splitplus/internal/http/router/expense_comment_router.go:31.48,41.5 2 0
github.com/dhruvsaxena1998/splitplus/internal/http/router/expense_router.go:12.70,13.39 1 0
github.com/dhruvsaxena1998/splitplus/internal/http/router/expense_router.go:13.39,17.61 2 0
github.com/dhruvsaxena1998/splitplus/internal/http/router/expense_router.go:17.61,31.48 4 0
github.com/dhruvsaxena1998/splitplus/internal/http/router/expense_router.go:31.48,44.5 3 0
github.com/dhruvsaxena1998/splitplus/internal/http/router/friend_router.go:16.10,17.39 1 0
github.com/dhruvsaxena1998/splitplus/internal/http/router/friend_router.go:17.39,20.30 2 0
github.com/dhruvsaxena1998/splitplus/internal/http/router/friend_router.go:20.30,23.43 2 0
github.com/dhruvsaxena1998/splitplus/internal/http/router/friend_router.go:23.43,34.48 8 0
github.com/dhruvsaxena1998/splitplus/internal/http/router/friend_router.go:34.48,49.6 4 0
github.com/dhruvsaxena1998/splitplus/internal/http/router/group_activity_router.go:11.83,12.39 1 0
github.com/dhruvsaxena1998/splitplus/internal/http/router/group_activity_router.go:12.39,13.61 1 0
github.com/dhruvsaxena1998/splitplus/internal/http/router/group_activity_router.go:13.61,18.4 2 0
github.com/dhruvsaxena1998/splitplus/internal/http/router/group_activity_router.go:20.3,20.82 1 0
github.com/dhruvsaxena1998/splitplus/internal/http/router/group_activity_router.go:20.82,25.4 2 0
github.com/dhruvsaxena1998/splitplus/internal/http/router/group_router.go:12.64,13.39 1 0
github.com/dhruvsaxena1998/splitplus/internal/http/router/group_router.go:13.39,16.41 2 0
github.com/dhruvsaxena1998/splitplus/internal/http/router/group_router.go:16.41,31.46 4 0
github.com/dhruvsaxena1998/splitplus/internal/http/router/group_router.go:31.46,44.5 3 0
github.com/dhruvsaxena1998/splitplus/internal/http/router/recurring_expense_router.go:12.97,13.39 1 0
github.com/dhruvsaxena1998/splitplus/internal/http/router/recurring_expense_router.go:13.39,17.71 2 0
github.com/dhruvsaxena1998/splitplus/internal/http/router/recurring_expense_router.go:17.71,31.58 4 0
github.com/dhruvsaxena1998/splitplus/internal/http/router/recurring_expense_router.go:31.58,47.5 4 0
github.com/dhruvsaxena1998/splitplus/internal/http/router/router.go:15.41,17.2 1 0
github.com/dhruvsaxena1998/splitplus/internal/http/router/router.go:19.39,28.27 6 0
github.com/dhruvsaxena1998/splitplus/internal/http/router/router.go:28.27,30.3 1 0
github.com/dhruvsaxena1998/splitplus/internal/http/router/router.go:32.2,32.10 1 0
github.com/dhruvsaxena1998/splitplus/internal/http/router/settlement_router.go:12.79,13.39 1 0
github.com/dhruvsaxena1998/splitplus/internal/http/router/settlement_router.go:13.39,17.64 2 0
github.com/dhruvsaxena1998/splitplus/internal/http/router/settlement_router.go:17.64,31.51 4 0
github.com/dhruvsaxena1998/splitplus/internal/http/router/settlement_router.go:31.51,51.5 4 0
github.com/dhruvsaxena1998/splitplus/internal/http/router/user_router.go:12.61,13.39 1 0
github.com/dhruvsaxena1998/splitplus/internal/http/router/user_router.go:13.39,16.40 2 0
github.com/dhruvsaxena1998/splitplus/internal/http/router/user_router.go:16.40,18.4 1 0
github.com/dhruvsaxena1998/splitplus/internal/http/handlers/balances.go:16.87,17.54 1 0
github.com/dhruvsaxena1998/splitplus/internal/http/handlers/balances.go:17.54,19.10 2 0
github.com/dhruvsaxena1998/splitplus/internal/http/handlers/balances.go:19.10,22.4 2 0
github.com/dhruvsaxena1998/splitplus/internal/http/handlers/balances.go:24.3,26.50 3 0
github.com/dhruvsaxena1998/splitplus/internal/http/handlers/balances.go:26.50,29.4 2 0
github.com/dhruvsaxena1998/splitplus/internal/http/handlers/balances.go:31.3,32.17 2 0
github.com/dhruvsaxena1998/splitplus/internal/http/handlers/balances.go:32.17,34.15 2 0
github.com/dhruvsaxena1998/splitplus/internal/http/handlers/balances.go:35.34,36.37 1 0
github.com/dhruvsaxena1998/splitplus/internal/http/handlers/balances.go:37.35,38.38 1 0
github.com/dhruvsaxena1998/splitplus/internal/http/handlers/balances.go:39.12,40.48 1 0
github.com/dhruvsaxena1998/splitplus/internal/http/handlers/balances.go:42.4,43.10 2 0
github.com/dhruvsaxena1998/splitplus/internal/http/handlers/balances.go:46.3,46.51 1 0
github.com/dhruvsaxena1998/splitplus/internal/http/handlers/balances.go:50.91,51.54 1 0
github.com/dhruvsaxena1998/splitplus/internal/http/handlers/balances.go:51.54,53.10 2 0
github.com/dhruvsaxena1998/splitplus/internal/http/handlers/balances.go:53.10,56.4 2 0
github.com/dhruvsaxena1998/splitplus/internal/http/handlers/balances.go:58.3,60.50 3 0
github.com/dhruvsaxena1998/splitplus/internal/http/handlers/balances.go:60.50,63.4 2 0
github.com/dhruvsaxena1998/splitplus/internal/http/handlers/balances.go:65.3,67.48 3 0
github.com/dhruvsaxena1998/splitplus/internal/http/handlers/balances.go:67.48,70.4 2 0
github.com/dhruvsaxena1998/splitplus/internal/http/handlers/balances.go:72.3,73.17 2 0
github.com/dhruvsaxena1998/splitplus/internal/http/handlers/balances.go:73.17,75.15 2 0
github.com/dhruvsaxena1998/splitplus/internal/http/handlers/balances.go:76.62,77.37 1 0
github.com/dhruvsaxena1998/splitplus/internal/http/handlers/balances.go:78.35,79.38 1 0
github.com/dhruvsaxena1998/splitplus/internal/http/handlers/balances.go:80.12,81.48 1 0
github.com/dhruvsaxena1998/splitplus/internal/http/handlers/balances.go:83.4,84.10 2 0
github.com/dhruvsaxena1998/splitplus/internal/http/handlers/balances.go:87.3,87.50 1 0
github.com/dhruvsaxena1998/splitplus/internal/http/handlers/balances.go:91.91,92.54 1 0
github.com/dhruvsaxena1998/splitplus/internal/http/handlers/balances.go:92.54,94.10 2 0
github.com/dhruvsaxena1998/splitplus/internal/http/handlers/balances.go:94.10,97.4 2 0
github.com/dhruvsaxena1998/splitplus/internal/http/handlers/balances.go:99.3,100.17 2 0
github.com/dhruvsaxena1998/splitplus/internal/http/handlers/balances.go:100.17,103.4 2 0
github.com/dhruvsaxena1998/splitplus/internal/http/handlers/balances.go:105.3,105.51 1 0
github.com/dhruvsaxena1998/splitplus/internal/http/handlers/balances.go:109.88,110.54 1 0
github.com/dhruvsaxena1998/splitplus/internal/http/handlers/balances.go:110.54,112.10 2 0
github.com/dhruvsaxena1998/splitplus/internal/http/handlers/balances.go:112.10,115.4 2 0
github.com/dhruvsaxena1998/splitplus/internal/http/handlers/balances.go:117.3,119.50 3 0
github.com/dhruvsaxena1998/splitplus/internal/http/handlers/balances.go:119.50,122.4 2 0
github.com/dhruvsaxena1998/splitplus/internal/http/handlers/balances.go:124.3,125.17 2 0
github.com/dhruvsaxena1998/splitplus/internal/http/handlers/balances.go:125.17,127.15 2 0
github.com/dhruvsaxena1998/splitplus/internal/http/handlers/balances.go:128.34,129.37 1 0
github.com/dhruvsaxena1998/splitplus/internal/http/handlers/balances.go:130.35,131.38 1 0
github.com/dhruvsaxena1998/splitplus/internal/http/handlers/balances.go:132.12,133.48 1 0
github.com/dhruvsaxena1998/splitplus/internal/http/handlers/balances.go:135.4,136.10 2 0
github.com/dhruvsaxena1998/splitplus/internal/http/handlers/balances.go:139.3,139.48 1 0
github.com/dhruvsaxena1998/splitplus/internal/http/handlers/expense_categories.go:49.97,50.54 1 1
github.com/dhruvsaxena1998/splitplus/internal/http/handlers/expense_categories.go:50.54,54.29 3 1
github.com/dhruvsaxena1998/splitplus/internal/http/handlers/expense_categories.go:54.29,61.4 1 1
github.com/dhruvsaxena1998/splitplus/internal/http/handlers/expense_categories.go:63.3,63.47 1 1
github.com/dhruvsaxena1998/splitplus/internal/http/handlers/expense_categories.go:67.98,68.54 1 1
github.com/dhruvsaxena1998/splitplus/internal/http/handlers/expense_categories.go:68.54,70.17 2 1
github.com/dhruvsaxena1998/splitplus/internal/http/handlers/expense_categories.go:70.17,73.4 2 0
github.com/dhruvsaxena1998/splitplus/internal/http/handlers/expense_categories.go:75.3,76.10 2 1
github.com/dhruvsaxena1998/splitplus/internal/http/handlers/expense_categories.go:76.10,79.4 2 0
github.com/dhruvsaxena1998/splitplus/internal/http/handlers/expense_categories.go:81.3,82.17 2 1
github.com/dhruvsaxena1998/splitplus/internal/http/handlers/expense_categories.go:82.17,84.40 2 1
github.com/dhruvsaxena1998/splitplus/internal/http/handlers/expense_categories.go:84.40,86.5 1 1
github.com/dhruvsaxena1998/splitplus/internal/http/handlers/expense_categories.go:87.4,88.10 2 1
github.com/dhruvsaxena1998/splitplus/internal/http/handlers/expense_categories.go:91.3,92.34 2 1
github.com/dhruvsaxena1998/splitplus/internal/http/handlers/expense_categories.go:92.34,105.4 1 1
github.com/dhruvsaxena1998/splitplus/internal/http/handlers/expense_categories.go:107.3,107.47 1 1
github.com/dhruvsaxena1998/splitplus/internal/http/handlers/expense_categories.go:111.98,112.54 1 1
github.com/dhruvsaxena1998/splitplus/internal/http/handlers/expense_categories.go:112.54,114.10 2 1
github.com/dhruvsaxena1998/splitplus/internal/http/handlers/expense_categories.go:114.10,117.4 2 0
github.com/dhruvsaxena1998/splitplus/internal/http/handlers/expense_categories.go:119.3,120.17 2 1
github.com/dhruvsaxena1998/splitplus/internal/http/handlers/expense_categories.go:120.17,123.4 2 0
github.com/dhruvsaxena1998/splitplus/internal/http/handlers/expense_categories.go:125.3,126.10 2 1
github.com/dhruvsaxena1998/splitplus/internal/http/handlers/expense_categories.go:126.10,129.4 2 0
github.com/dhruvsaxena1998/splitplus/internal/http/handlers/expense_categories.go:131.3,140.17 3 1
github.com/dhruvsaxena1998/splitplus/internal/http/handlers/expense_categories.go:140.17,142.15 2 0
github.com/dhruvsaxena1998/splitplus/internal/http/handlers/expense_categories.go:143.40,144.39 1 0
github.com/dhruvsaxena1998/splitplus/internal/http/handlers/expense_categories.go:145.35,146.38 1 0
github.com/dhruvsaxena1998/splitplus/internal/http/handlers/expense_categories.go:147.42,148.37 1 0
github.com/dhruvsaxena1998/splitplus/internal/http/handlers/expense_categories.go:149.12,150.48 1 0
github.com/dhruvsaxena1998/splitplus/internal/http/handlers/expense_categories.go:152.4,153.10 2 0
github.com/dhruvsaxena1998/splitplus/internal/http/handlers/expense_categories.go:156.3,169.52 2 1
github.com/dhruvsaxena1998/splitplus/internal/http/handlers/expense_categories.go:173.106,174.54 1 0
github.com/dhruvsaxena1998/splitplus/internal/http/handlers/expense_categories.go:174.54,176.10 2 0
github.com/dhruvsaxena1998/splitplus/internal/http/handlers/expense_categories.go:176.10,179.4 2 0
github.com/dhruvsaxena1998/splitplus/internal/http/handlers/expense_categories.go:181.3,182.17 2 0
github.com/dhruvsaxena1998/splitplus/internal/http/handlers/expense_categories.go:182.17,185.4 2 0
github.com/dhruvsaxena1998/splitplus/internal/http/handlers/expense_categories.go:187.3,188.10 2 0
github.com/dhruvsaxena1998/splitplus/internal/http/handlers/expense_categories.go:188.10,191.4 2 0
github.com/dhruvsaxena1998/splitplus/internal/http/handlers/expense_categories.go:193.3,194.17 2 0
github.com/dhruvsaxena1998/splitplus/internal/http/handlers/expense_categories.go:194.17,196.40 2 0
github.com/dhruvsaxena1998/splitplus/internal/http/handlers/expense_categories.go:196.40,198.5 1 0
github.com/dhruvsaxena1998/splitplus/internal/http/handlers/expense_categories.go:199.4,200.10 2 0
github.com/dhruvsaxena1998/splitplus/internal/http/handlers/expense_categories.go:203.3,204.34 2 0
github.com/dhruvsaxena1998/splitplus/internal/http/handlers/expense_categories.go:204.34,217.4 1 0
github.com/dhruvsaxena1998/splitplus/internal/http/handlers/expense_categories.go:219.3,219.52 1 0
github.com/dhruvsaxena1998/splitplus/internal/http/handlers/expense_categories.go:223.98,224.54 1 0
github.com/dhruvsaxena1998/splitplus/internal/http/handlers/expense_categories.go:224.54,226.10 2 0
github.com/dhruvsaxena1998/splitplus/internal/http/handlers/expense_categories.go:226.10,229.4 2 0
github.com/dhruvsaxena1998/splitplus/internal/http/handlers/expense_categories.go:231.3,232.17 2 0
github.com/dhruvsaxena1998/splitplus/internal/http/handlers/expense_categories.go:232.17,235.4 2 0
github.com/dhruvsaxena1998/splitplus/internal/http/handlers/expense_categories.go:237.3,238.17 2 0
github.com/dhruvsaxena1998/splitplus/internal/http/handlers/expense_categories.go:238.17,241.4 2 0
github.com/dhruvsaxena1998/splitplus/internal/http/handlers/expense_categories.go:243.3,244.10 2 0
github.com/dhruvsaxena1998/splitplus/internal/http/handlers/expense_categories.go:244.10,247.4 2 0
github.com/dhruvsaxena1998/splitplus/internal/http/handlers/expense_categories.go:249.3,259.17 3 0
github.com/dhruvsaxena1998/splitplus/internal/http/handlers/expense_categories.go:259.17,261.15 2 0
github.com/dhruvsaxena1998/splitplus/internal/http/handlers/expense_categories.go:262.37,263.37 1 0
github.com/dhruvsaxena1998/splitplus/internal/http/handlers/expense_categories.go:264.35,265.38 1 0
github.com/dhruvsaxena1998/splitplus/internal/http/handlers/expense_categories.go:266.40,267.39 1 0
github.com/dhruvsaxena1998/splitplus/internal/http/handlers/expense_categories.go:268.42,269.37 1 0
github.com/dhruvsaxena1998/splitplus/internal/http/handlers/expense_categories.go:270.12,271.48 1 0
github.com/dhruvsaxena1998/splitplus/internal/http/handlers/expense_categories.go:273.4,274.10 2 0
github.com/dhruvsaxena1998/splitplus/internal/http/handlers/expense_categories.go:277.3,290.47 2 0
github.com/dhruvsaxena1998/splitplus/internal/http/handlers/expense_categories.go:294.98,295.54 1 0
github.com/dhruvsaxena1998/splitplus/internal/http/handlers/expense_categories.go:295.54,297.17 2 0
github.com/dhruvsaxena1998/splitplus/internal/http/handlers/expense_categories.go:297.17,300.4 2 0
github.com/dhruvsaxena1998/splitplus/internal/http/handlers/expense_categories.go:302.3,303.17 2 0
github.com/dhruvsaxena1998/splitplus/internal/http/handlers/expense_categories.go:303.17,306.4 2 0
github.com/dhruvsaxena1998/splitplus/internal/http/handlers/expense_categories.go:308.3,309.10 2 0
github.com/dhruvsaxena1998/splitplus/internal/http/handlers/expense_categories.go:309.10,312.4 2 0
github.com/dhruvsaxena1998/splitplus/internal/http/handlers/expense_categories.go:314.3,315.17 2 0
github.com/dhruvsaxena1998/splitplus/internal/http/handlers/expense_categories.go:315.17,317.15 2 0
github.com/dhruvsaxena1998/splitplus/internal/http/handlers/expense_categories.go:318.37,319.37 1 0
github.com/dhruvsaxena1998/splitplus/internal/http/handlers/expense_categories.go:320.35,321.38 1 0
github.com/dhruvsaxena1998/splitplus/internal/http/handlers/expense_categories.go:322.12,323.48 1 0
github.com/dhruvsaxena1998/splitplus/internal/http/handlers/expense_categories.go:325.4,326.10 2 0
github.com/dhruvsaxena1998/splitplus/internal/http/handlers/expense_categories.go:329.3,329.60 1 0
github.com/dhruvsaxena1998/splitplus/internal/http/handlers/expense_comments.go:28.90,29.54 1 1
github.com/dhruvsaxena1998/splitplus/internal/http/handlers/expense_comments.go:29.54,31.10 2 1
github.com/dhruvsaxena1998/splitplus/internal/http/handlers/expense_comments.go:31.10,34.4 2 0
github.com/dhruvsaxena1998/splitplus/internal/http/handlers/expense_comments.go:36.3,37.17 2 1
github.com/dhruvsaxena1998/splitplus/internal/http/handlers/expense_comments.go:37.17,40.4 2 0
github.com/dhruvsaxena1998/splitplus/internal/http/handlers/expense_comments.go:42.3,43.10 2 1
github.com/dhruvsaxena1998/splitplus/internal/http/handlers/expense_comments.go:43.10,46.4 2 0
github.com/dhruvsaxena1998/splitplus/internal/http/handlers/expense_comments.go:48.3,49.17 2 1
github.com/dhruvsaxena1998/splitplus/internal/http/handlers/expense_comments.go:49.17,51.15 2 1
github.com/dhruvsaxena1998/splitplus/internal/http/handlers/expense_comments.go:52.36,53.37 1 1
github.com/dhruvsaxena1998/splitplus/internal/http/handlers/expense_comments.go:54.35,55.38 1 1
github.com/dhruvsaxena1998/splitplus/internal/http/handlers/expense_comments.go:57.4,58.10 2 1
github.com/dhruvsaxena1998/splitplus/internal/http/handlers/expense_comments.go:71.3,82.52 2 1
github.com/dhruvsaxena1998/splitplus/internal/http/handlers/expense_comments.go:86.89,87.54 1 1
github.com/dhruvsaxena1998/splitplus/internal/http/handlers/expense_comments.go:87.54,89.17 2 1
github.com/dhruvsaxena1998/splitplus/internal/http/handlers/expense_comments.go:89.17,92.4 2 1
github.com/dhruvsaxena1998/splitplus/internal/http/handlers/expense_comments.go:94.3,95.17 2 1
github.com/dhruvsaxena1998/splitplus/internal/http/handlers/expense_comments.go:95.17,98.4 2 0
github.com/dhruvsaxena1998/splitplus/internal/http/handlers/expense_comments.go:100.3,101.30 2 1
github.com/dhruvsaxena1998/splitplus/internal/http/handlers/expense_comments.go:101.30,115.4 1 1
github.com/dhruvsaxena1998/splitplus/internal/http/handlers/expense_comments.go:117.3,117.47 1 1
github.com/dhruvsaxena1998/splitplus/internal/http/handlers/expense_comments.go:121.90,122.54 1 1
github.com/dhruvsaxena1998/splitplus/internal/http/handlers/expense_comments.go:122.54,124.10 2 1
github.com/dhruvsaxena1998/splitplus/internal/http/handlers/expense_comments.go:124.10,127.4 2 0
github.com/dhruvsaxena1998/splitplus/internal/http/handlers/expense_comments.go:129.3,130.17 2 1
github.com/dhruvsaxena1998/splitplus/internal/http/handlers/expense_comments.go:130.17,133.4 2 0
github.com/dhruvsaxena1998/splitplus/internal/http/handlers/expense_comments.go:135.3,136.10 2 1
github.com/dhruvsaxena1998/splitplus/internal/http/handlers/expense_comments.go:136.10,139.4 2 0
github.com/dhruvsaxena1998/splitplus/internal/http/handlers/expense_comments.go:141.3,142.17 2 1
github.com/dhruvsaxena1998/splitplus/internal/http/handlers/expense_comments.go:142.17,144.15 2 1
github.com/dhruvsaxena1998/splitplus/internal/http/handlers/expense_comments.go:145.36,146.37 1 0
github.com/dhruvsaxena1998/splitplus/internal/http/handlers/expense_comments.go:147.43,148.38 1 1
github.com/dhruvsaxena1998/splitplus/internal/http/handlers/expense_comments.go:150.4,151.10 2 1
github.com/dhruvsaxena1998/splitplus/internal/http/handlers/expense_comments.go:154.3,163.47 2 1
github.com/dhruvsaxena1998/splitplus/internal/http/handlers/expense_comments.go:167.90,168.54 1 1
github.com/dhruvsaxena1998/splitplus/internal/http/handlers/expense_comments.go:168.54,170.17 2 1
github.com/dhruvsaxena1998/splitplus/internal/http/handlers/expense_comments.go:170.17,173.4 2 0
github.com/dhruvsaxena1998/splitplus/internal/http/handlers/expense_comments.go:175.3,176.10 2 1
github.com/dhruvsaxena1998/splitplus/internal/http/handlers/expense_comments.go:176.10,179.4 2 0
github.com/dhruvsaxena1998/splitplus/internal/http/handlers/expense_comments.go:181.3,182.17 2 1
github.com/dhruvsaxena1998/splitplus/internal/http/handlers/expense_comments.go:182.17,184.15 2 1
github.com/dhruvsaxena1998/splitplus/internal/http/handlers/expense_comments.go:185.36,186.37 1 0
github.com/dhruvsaxena1998/splitplus/internal/http/handlers/expense_comments.go:187.43,188.38 1 1
github.com/dhruvsaxena1998/splitplus/internal/http/handlers/expense_comments.go:190.4,191.10 2 1
github.com/dhruvsaxena1998/splitplus/internal/http/handlers/expense_comments.go:194.3,194.38 1 1
github.com/dhruvsaxena1998/splitplus/internal/http/handlers/expenses.go:107.83,108.54 1 1
github.com/dhruvsaxena1998/splitplus/internal/http/handlers/expenses.go:108.54,110.10 2 1
github.com/dhruvsaxena1998/splitplus/internal/http/handlers/expenses.go:110.10,113.4 2 0
github.com/dhruvsaxena1998/splitplus/internal/http/handlers/expenses.go:115.3,116.17 2 1
github.com/dhruvsaxena1998/splitplus/internal/http/handlers/expenses.go:116.17,119.4 2 0
github.com/dhruvsaxena1998/splitplus/internal/http/handlers/expenses.go:121.3,122.10 2 1
github.com/dhruvsaxena1998/splitplus/internal/http/handlers/expenses.go:122.10,125.4 2 0
github.com/dhruvsaxena1998/splitplus/internal/http/handlers/expenses.go:128.3,129.17 2 1
github.com/dhruvsaxena1998/splitplus/internal/http/handlers/expenses.go:129.17,132.4 2 1
github.com/dhruvsaxena1998/splitplus/internal/http/handlers/expenses.go:135.3,136.34 2 1
github.com/dhruvsaxena1998/splitplus/internal/http/handlers/expenses.go:136.34,138.18 2 1
github.com/dhruvsaxena1998/splitplus/internal/http/handlers/expenses.go:138.18,141.5 2 0
github.com/dhruvsaxena1998/splitplus/internal/http/handlers/expenses.go:142.4,146.5 1 1
github.com/dhruvsaxena1998/splitplus/internal/http/handlers/expenses.go:150.3,151.32 2 1
github.com/dhruvsaxena1998/splitplus/internal/http/handlers/expenses.go:151.32,153.18 2 1
github.com/dhruvsaxena1998/splitplus/internal/http/handlers/expenses.go:153.18,156.5 2 0
github.com/dhruvsaxena1998/splitplus/internal/http/handlers/expenses.go:157.4,161.5 1 1
github.com/dhruvsaxena1998/splitplus/internal/http/handlers/expenses.go:165.3,166.27 2 1
github.com/dhruvsaxena1998/splitplus/internal/http/handlers/expenses.go:166.27,168.18 2 0
github.com/dhruvsaxena1998/splitplus/internal/http/handlers/expenses.go:168.18,171.5 2 0
github.com/dhruvsaxena1998/splitplus/internal/http/handlers/expenses.go:172.4,172.34 1 0
github.com/dhruvsaxena1998/splitplus/internal/http/handlers/expenses.go:175.3,188.17 2 1
github.com/dhruvsaxena1998/splitplus/internal/http/handlers/expenses.go:188.17,190.15 2 1
github.com/dhruvsaxena1998/splitplus/internal/http/handlers/expenses.go:191.36,192.37 1 0
github.com/dhruvsaxena1998/splitplus/internal/http/handlers/expenses.go:193.35,194.38 1 1
github.com/dhruvsaxena1998/splitplus/internal/http/handlers/expenses.go:195.68,196.39 1 0
github.com/dhruvsaxena1998/splitplus/internal/http/handlers/expenses.go:197.98,198.48 1 0
github.com/dhruvsaxena1998/splitplus/internal/http/handlers/expenses.go:200.4,201.10 2 1
github.com/dhruvsaxena1998/splitplus/internal/http/handlers/expenses.go:205.3,206.17 2 1
github.com/dhruvsaxena1998/splitplus/internal/http/handlers/expenses.go:206.17,208.15 2 0
github.com/dhruvsaxena1998/splitplus/internal/http/handlers/expenses.go:209.36,210.37 1 0
github.com/dhruvsaxena1998/splitplus/internal/http/handlers/expenses.go:211.35,212.38 1 0
github.com/dhruvsaxena1998/splitplus/internal/http/handlers/expenses.go:214.4,215.10 2 0
github.com/dhruvsaxena1998/splitplus/internal/http/handlers/expenses.go:218.3,219.17 2 1
github.com/dhruvsaxena1998/splitplus/internal/http/handlers/expenses.go:219.17,221.15 2 0
github.com/dhruvsaxena1998/splitplus/internal/http/handlers/expenses.go:222.36,223.37 1 0
github.com/dhruvsaxena1998/splitplus/internal/http/handlers/expenses.go:224.35,225.38 1 0
github.com/dhruvsaxena1998/splitplus/internal/http/handlers/expenses.go:227.4,228.10 2 0
github.com/dhruvsaxena1998/splitplus/internal/http/handlers/expenses.go:231.3,237.52 2 1
github.com/dhruvsaxena1998/splitplus/internal/http/handlers/expenses.go:241.80,242.54 1 0
github.com/dhruvsaxena1998/splitplus/internal/http/handlers/expenses.go:242.54,244.17 2 0
github.com/dhruvsaxena1998/splitplus/internal/http/handlers/expenses.go:244.17,247.4 2 0
github.com/dhruvsaxena1998/splitplus/internal/http/handlers/expenses.go:249.3,250.10 2 0
github.com/dhruvsaxena1998/splitplus/internal/http/handlers/expenses.go:250.10,253.4 2 0
github.com/dhruvsaxena1998/splitplus/internal/http/handlers/expenses.go:255.3,256.17 2 0
github.com/dhruvsaxena1998/splitplus/internal/http/handlers/expenses.go:256.17,258.15 2 0
github.com/dhruvsaxena1998/splitplus/internal/http/handlers/expenses.go:259.36,260.37 1 0
github.com/dhruvsaxena1998/splitplus/internal/http/handlers/expenses.go:261.35,262.38 1 0
github.com/dhruvsaxena1998/splitplus/internal/http/handlers/expenses.go:264.4,265.10 2 0
github.com/dhruvsaxena1998/splitplus/internal/http/handlers/expenses.go:269.3,270.17 2 0
github.com/dhruvsaxena1998/splitplus/internal/http/handlers/expenses.go:270.17,272.15 2 0
github.com/dhruvsaxena1998/splitplus/internal/http/handlers/expenses.go:273.36,274.37 1 0
github.com/dhruvsaxena1998/splitplus/internal/http/handlers/expenses.go:275.35,276.38 1 0
github.com/dhruvsaxena1998/splitplus/internal/http/handlers/expenses.go:278.4,279.10 2 0
github.com/dhruvsaxena1998/splitplus/internal/http/handlers/expenses.go:282.3,283.17 2 0
github.com/dhruvsaxena1998/splitplus/internal/http/handlers/expenses.go:283.17,285.15 2 0
github.com/dhruvsaxena1998/splitplus/internal/http/handlers/expenses.go:286.36,287.37 1 0
github.com/dhruvsaxena1998/splitplus/internal/http/handlers/expenses.go:288.35,289.38 1 0
github.com/dhruvsaxena1998/splitplus/internal/http/handlers/expenses.go:291.4,292.10 2 0
github.com/dhruvsaxena1998/splitplus/internal/http/handlers/expenses.go:295.3,301.47 2 0
github.com/dhruvsaxena1998/splitplus/internal/http/handlers/expenses.go:305.82,306.54 1 0
github.com/dhruvsaxena1998/splitplus/internal/http/handlers/expenses.go:306.54,308.17 2 0
github.com/dhruvsaxena1998/splitplus/internal/http/handlers/expenses.go:308.17,311.4 2 0
github.com/dhruvsaxena1998/splitplus/internal/http/handlers/expenses.go:313.3,314.10 2 0
github.com/dhruvsaxena1998/splitplus/internal/http/handlers/expenses.go:314.10,317.4 2 0
github.com/dhruvsaxena1998/splitplus/internal/http/handlers/expenses.go:319.3,320.17 2 0
github.com/dhruvsaxena1998/splitplus/internal/http/handlers/expenses.go:320.17,322.15 2 0
github.com/dhruvsaxena1998/splitplus/internal/http/handlers/expenses.go:323.36,324.37 1 0
github.com/dhruvsaxena1998/splitplus/internal/http/handlers/expenses.go:325.35,326.38 1 0
github.com/dhruvsaxena1998/splitplus/internal/http/handlers/expenses.go:328.4,329.10 2 0
github.com/dhruvsaxena1998/splitplus/internal/http/handlers/expenses.go:332.3,333.30 2 0
github.com/dhruvsaxena1998/splitplus/internal/http/handlers/expenses.go:333.30,336.18 2 0
github.com/dhruvsaxena1998/splitplus/internal/http/handlers/expenses.go:336.18,338.16 2 0
github.com/dhruvsaxena1998/splitplus/internal/http/handlers/expenses.go:339.37,340.38 1 0
github.com/dhruvsaxena1998/splitplus/internal/http/handlers/expenses.go:341.36,342.39 1 0
github.com/dhruvsaxena1998/splitplus/internal/http/handlers/expenses.go:344.5,345.11 2 0
github.com/dhruvsaxena1998/splitplus/internal/http/handlers/expenses.go:348.4,351.5 1 0
github.com/dhruvsaxena1998/splitplus/internal/http/handlers/expenses.go:354.3,354.47 1 0
github.com/dhruvsaxena1998/splitplus/internal/http/handlers/expenses.go:358.83,359.54 1 0
github.com/dhruvsaxena1998/splitplus/internal/http/handlers/expenses.go:359.54,361.10 2 0
github.com/dhruvsaxena1998/splitplus/internal/http/handlers/expenses.go:361.10,364.4 2 0
github.com/dhruvsaxena1998/splitplus/internal/http/handlers/expenses.go:366.3,367.17 2 0
github.com/dhruvsaxena1998/splitplus/internal/http/handlers/expenses.go:367.17,370.4 2 0
github.com/dhruvsaxena1998/splitplus/internal/http/handlers/expenses.go:372.3,373.10 2 0
github.com/dhruvsaxena1998/splitplus/internal/http/handlers/expenses.go:373.10,376.4 2 0
github.com/dhruvsaxena1998/splitplus/internal/http/handlers/expenses.go:379.3,380.17 2 0
github.com/dhruvsaxena1998/splitplus/internal/http/handlers/expenses.go:380.17,383.4 2 0
github.com/dhruvsaxena1998/splitplus/internal/http/handlers/expenses.go:386.3,387.34 2 0
github.com/dhruvsaxena1998/splitplus/internal/http/handlers/expenses.go:387.34,389.18 2 0
github.com/dhruvsaxena1998/splitplus/internal/http/handlers/expenses.go:389.18,392.5 2 0
github.com/dhruvsaxena1998/splitplus/internal/http/handlers/expenses.go:393.4,397.5 1 0
github.com/dhruvsaxena1998/splitplus/internal/http/handlers/expenses.go:401.3,402.32 2 0
github.com/dhruvsaxena1998/splitplus/internal/http/handlers/expenses.go:402.32,404.18 2 0
github.com/dhruvsaxena1998/splitplus/internal/http/handlers/expenses.go:404.18,407.5 2 0
github.com/dhruvsaxena1998/splitplus/internal/http/handlers/expenses.go:408.4,412.5 1 0
github.com/dhruvsaxena1998/splitplus/internal/http/handlers/expenses.go:416.3,417.27 2 0
github.com/dhruvsaxena1998/splitplus/internal/http/handlers/expenses.go:417.27,419.18 2 0
github.com/dhruvsaxena1998/splitplus/internal/http/handlers/expenses.go:419.18,422.5 2 0
github.com/dhruvsaxena1998/splitplus/internal/http/handlers/expenses.go:423.4,423.34 1 0
github.com/dhruvsaxena1998/splitplus/internal/http/handlers/expenses.go:426.3,439.17 2 0
github.com/dhruvsaxena1998/splitplus/internal/http/handlers/expenses.go:439.17,441.15 2 0
github.com/dhruvsaxena1998/splitplus/internal/http/handlers/expenses.go:442.36,443.37 1 0
github.com/dhruvsaxena1998/splitplus/internal/http/handlers/expenses.go:444.35,445.38 1 0
github.com/dhruvsaxena1998/splitplus/internal/http/handlers/expenses.go:446.68,447.39 1 0
github.com/dhruvsaxena1998/splitplus/internal/http/handlers/expenses.go:448.98,449.48 1 0
github.com/dhruvsaxena1998/splitplus/internal/http/handlers/expenses.go:451.4,452.10 2 0
github.com/dhruvsaxena1998/splitplus/internal/http/handlers/expenses.go:456.3,457.17 2 0
github.com/dhruvsaxena1998/splitplus/internal/http/handlers/expenses.go:457.17,459.15 2 0
github.com/dhruvsaxena1998/splitplus/internal/http/handlers/expenses.go:460.36,461.37 1 0
github.com/dhruvsaxena1998/splitplus/internal/http/handlers/expenses.go:462.35,463.38 1 0
github.com/dhruvsaxena1998/splitplus/internal/http/handlers/expenses.go:465.4,466.10 2 0
github.com/dhruvsaxena1998/splitplus/internal/http/handlers/expenses.go:469.3,470.17 2 0
github.com/dhruvsaxena1998/splitplus/internal/http/handlers/expenses.go:470.17,472.15 2 0
github.com/dhruvsaxena1998/splitplus/internal/http/handlers/expenses.go:473.36,474.37 1 0
github.com/dhruvsaxena1998/splitplus/internal/http/handlers/expenses.go:475.35,476.38 1 0
github.com/dhruvsaxena1998/splitplus/internal/http/handlers/expenses.go:478.4,479.10 2 0
github.com/dhruvsaxena1998/splitplus/internal/http/handlers/expenses.go:482.3,488.47 2 0
github.com/dhruvsaxena1998/splitplus/internal/http/handlers/expenses.go:492.83,493.54 1 0
github.com/dhruvsaxena1998/splitplus/internal/http/handlers/expenses.go:493.54,495.17 2 0
github.com/dhruvsaxena1998/splitplus/internal/http/handlers/expenses.go:495.17,498.4 2 0
github.com/dhruvsaxena1998/splitplus/internal/http/handlers/expenses.go:500.3,501.10 2 0
github.com/dhruvsaxena1998/splitplus/internal/http/handlers/expenses.go:501.10,504.4 2 0
github.com/dhruvsaxena1998/splitplus/internal/http/handlers/expenses.go:506.3,507.17 2 0
github.com/dhruvsaxena1998/splitplus/internal/http/handlers/expenses.go:507.17,509.15 2 0
github.com/dhruvsaxena1998/splitplus/internal/http/handlers/expenses.go:510.36,511.37 1 0
github.com/dhruvsaxena1998/splitplus/internal/http/handlers/expenses.go:512.35,513.38 1 0
github.com/dhruvsaxena1998/splitplus/internal/http/handlers/expenses.go:515.4,516.10 2 0
github.com/dhruvsaxena1998/splitplus/internal/http/handlers/expenses.go:519.3,519.38 1 0
github.com/dhruvsaxena1998/splitplus/internal/http/handlers/expenses.go:525.62,528.24 3 1
github.com/dhruvsaxena1998/splitplus/internal/http/handlers/expenses.go:528.24,530.3 1 0
github.com/dhruvsaxena1998/splitplus/internal/http/handlers/expenses.go:532.2,533.30 2 1
github.com/dhruvsaxena1998/splitplus/internal/http/handlers/expenses.go:533.30,535.3 1 0
github.com/dhruvsaxena1998/splitplus/internal/http/handlers/expenses.go:537.2,538.25 2 1
github.com/dhruvsaxena1998/splitplus/internal/http/handlers/expenses.go:538.25,540.3 1 0
github.com/dhruvsaxena1998/splitplus/internal/http/handlers/expenses.go:542.2,556.3 1 1
github.com/dhruvsaxena1998/splitplus/internal/http/handlers/expenses.go:559.75,561.29 2 0
github.com/dhruvsaxena1998/splitplus/internal/http/handlers/expenses.go:561.29,571.3 2 0
github.com/dhruvsaxena1998/splitplus/internal/http/handlers/expenses.go:572.2,572.13 1 0
github.com/dhruvsaxena1998/splitplus/internal/http/handlers/expenses.go:575.91,577.29 2 1
github.com/dhruvsaxena1998/splitplus/internal/http/handlers/expenses.go:577.29,592.3 2 1
github.com/dhruvsaxena1998/splitplus/internal/http/handlers/expenses.go:593.2,593.13 1 1
github.com/dhruvsaxena1998/splitplus/internal/http/handlers/expenses.go:596.67,598.27 2 0
github.com/dhruvsaxena1998/splitplus/internal/http/handlers/expenses.go:598.27,608.3 2 0
github.com/dhruvsaxena1998/splitplus/internal/http/handlers/expenses.go:609.2,609.13 1 0
github.com/dhruvsaxena1998/splitplus/internal/http/handlers/expenses.go:612.83,614.27 2 1
github.com/dhruvsaxena1998/splitplus/internal/http/handlers/expenses.go:614.27,629.3 2 1
github.com/dhruvsaxena1998/splitplus/internal/http/handlers/expenses.go:630.2,630.13 1 1
github.com/dhruvsaxena1998/splitplus/internal/http/handlers/expenses.go:633.56,634.14 1 1
github.com/dhruvsaxena1998/splitplus/internal/http/handlers/expenses.go:634.14,636.3 1 1
github.com/dhruvsaxena1998/splitplus/internal/http/handlers/expenses.go:637.2,638.16 2 0
github.com/dhruvsaxena1998/splitplus/internal/http/handlers/expenses.go:638.16,640.3 1 0
github.com/dhruvsaxena1998/splitplus/internal/http/handlers/expenses.go:641.2,641.33 1 0
github.com/dhruvsaxena1998/splitplus/internal/http/handlers/expenses.go:641.33,643.3 1 0
github.com/dhruvsaxena1998/splitplus/internal/http/handlers/expenses.go:644.2,644.17 1 0
github.com/dhruvsaxena1998/splitplus/internal/http/handlers/friend_expenses.go:16.101,17.54 1 0
github.com/dhruvsaxena1998/splitplus/internal/http/handlers/friend_expenses.go:17.54,19.10 2 0
github.com/dhruvsaxena1998/splitplus/internal/http/handlers/friend_expenses.go:19.10,22.4 2 0
github.com/dhruvsaxena1998/splitplus/internal/http/handlers/friend_expenses.go:24.3,25.10 2 0
github.com/dhruvsaxena1998/splitplus/internal/http/handlers/friend_expenses.go:25.10,28.4 2 0
github.com/dhruvsaxena1998/splitplus/internal/http/handlers/friend_expenses.go:30.3,32.17 3 0
github.com/dhruvsaxena1998/splitplus/internal/http/handlers/friend_expenses.go:32.17,35.4 2 0
github.com/dhruvsaxena1998/splitplus/internal/http/handlers/friend_expenses.go:38.3,39.17 2 0
github.com/dhruvsaxena1998/splitplus/internal/http/handlers/friend_expenses.go:39.17,42.4 2 0
github.com/dhruvsaxena1998/splitplus/internal/http/handlers/friend_expenses.go:45.3,46.34 2 0
github.com/dhruvsaxena1998/splitplus/internal/http/handlers/friend_expenses.go:46.34,48.18 2 0
github.com/dhruvsaxena1998/splitplus/internal/http/handlers/friend_expenses.go:48.18,51.5 2 0
github.com/dhruvsaxena1998/splitplus/internal/http/handlers/friend_expenses.go:52.4,56.5 1 0
github.com/dhruvsaxena1998/splitplus/internal/http/handlers/friend_expenses.go:60.3,61.32 2 0
github.com/dhruvsaxena1998/splitplus/internal/http/handlers/friend_expenses.go:61.32,63.18 2 0
github.com/dhruvsaxena1998/splitplus/internal/http/handlers/friend_expenses.go:63.18,66.5 2 0
github.com/dhruvsaxena1998/splitplus/internal/http/handlers/friend_expenses.go:67.4,71.5 1 0
github.com/dhruvsaxena1998/splitplus/internal/http/handlers/friend_expenses.go:74.3,84.17 2 0
github.com/dhruvsaxena1998/splitplus/internal/http/handlers/friend_expenses.go:84.17,86.15 2 0
github.com/dhruvsaxena1998/splitplus/internal/http/handlers/friend_expenses.go:87.98,88.48 1 0
github.com/dhruvsaxena1998/splitplus/internal/http/handlers/friend_expenses.go:89.67,90.38 1 0
github.com/dhruvsaxena1998/splitplus/internal/http/handlers/friend_expenses.go:92.4,93.10 2 0
github.com/dhruvsaxena1998/splitplus/internal/http/handlers/friend_expenses.go:97.3,98.17 2 0
github.com/dhruvsaxena1998/splitplus/internal/http/handlers/friend_expenses.go:98.17,101.4 2 0
github.com/dhruvsaxena1998/splitplus/internal/http/handlers/friend_expenses.go:102.3,103.17 2 0
github.com/dhruvsaxena1998/splitplus/internal/http/handlers/friend_expenses.go:103.17,106.4 2 0
github.com/dhruvsaxena1998/splitplus/internal/http/handlers/friend_expenses.go:108.3,114.52 2 0
github.com/dhruvsaxena1998/splitplus/internal/http/handlers/friend_expenses.go:118.100,119.54 1 0
github.com/dhruvsaxena1998/splitplus/internal/http/handlers/friend_expenses.go:119.54,121.10 2 0
github.com/dhruvsaxena1998/splitplus/internal/http/handlers/friend_expenses.go:121.10,124.4 2 0
github.com/dhruvsaxena1998/splitplus/internal/http/handlers/friend_expenses.go:126.3,128.17 3 0
github.com/dhruvsaxena1998/splitplus/internal/http/handlers/friend_expenses.go:128.17,131.4 2 0
github.com/dhruvsaxena1998/splitplus/internal/http/handlers/friend_expenses.go:133.3,134.17 2 0
github.com/dhruvsaxena1998/splitplus/internal/http/handlers/friend_expenses.go:134.17,136.15 2 0
github.com/dhruvsaxena1998/splitplus/internal/http/handlers/friend_expenses.go:137.67,138.38 1 0
github.com/dhruvsaxena1998/splitplus/internal/http/handlers/friend_expenses.go:140.4,141.10 2 0
github.com/dhruvsaxena1998/splitplus/internal/http/handlers/friend_expenses.go:145.3,146.30 2 0
github.com/dhruvsaxena1998/splitplus/internal/http/handlers/friend_expenses.go:146.30,148.18 2 0
github.com/dhruvsaxena1998/splitplus/internal/http/handlers/friend_expenses.go:148.18,151.5 2 0
github.com/dhruvsaxena1998/splitplus/internal/http/handlers/friend_expenses.go:153.4,156.5 1 0
github.com/dhruvsaxena1998/splitplus/internal/http/handlers/friend_expenses.go:159.3,159.47 1 0
github.com/dhruvsaxena1998/splitplus/internal/http/handlers/friend_settlements.go:26.110,27.54 1 0
github.com/dhruvsaxena1998/splitplus/internal/http/handlers/friend_settlements.go:27.54,29.10 2 0
github.com/dhruvsaxena1998/splitplus/internal/http/handlers/friend_settlements.go:29.10,32.4 2 0
github.com/dhruvsaxena1998/splitplus/internal/http/handlers/friend_settlements.go:34.3,35.10 2 0
github.com/dhruvsaxena1998/splitplus/internal/http/handlers/friend_settlements.go:35.10,38.4 2 0
github.com/dhruvsaxena1998/splitplus/internal/http/handlers/friend_settlements.go:40.3,42.17 3 0
github.com/dhruvsaxena1998/splitplus/internal/http/handlers/friend_settlements.go:42.17,45.4 2 0
github.com/dhruvsaxena1998/splitplus/internal/http/handlers/friend_settlements.go:47.3,48.51 2 0
github.com/dhruvsaxena1998/splitplus/internal/http/handlers/friend_settlements.go:48.51,51.4 2 0
github.com/dhruvsaxena1998/splitplus/internal/http/handlers/friend_settlements.go:52.3,52.51 1 0
github.com/dhruvsaxena1998/splitplus/internal/http/handlers/friend_settlements.go:52.51,55.4 2 0
github.com/dhruvsaxena1998/splitplus/internal/http/handlers/friend_settlements.go:57.3,58.19 2 0
github.com/dhruvsaxena1998/splitplus/internal/http/handlers/friend_settlements.go:58.19,60.4 1 0
github.com/dhruvsaxena1998/splitplus/internal/http/handlers/friend_settlements.go:62.3,72.17 2 0
github.com/dhruvsaxena1998/splitplus/internal/http/handlers/friend_settlements.go:72.17,74.15 2 0
github.com/dhruvsaxena1998/splitplus/internal/http/handlers/friend_settlements.go:75.35,76.38 1 0
github.com/dhruvsaxena1998/splitplus/internal/http/handlers/friend_settlements.go:77.60,78.39 1 0
github.com/dhruvsaxena1998/splitplus/internal/http/handlers/friend_settlements.go:79.12,80.39 1 0
github.com/dhruvsaxena1998/splitplus/internal/http/handlers/friend_settlements.go:82.4,83.10 2 0
github.com/dhruvsaxena1998/splitplus/internal/http/handlers/friend_settlements.go:86.3,87.52 2 0
github.com/dhruvsaxena1998/splitplus/internal/http/handlers/friend_settlements.go:91.109,92.54 1 0
github.com/dhruvsaxena1998/splitplus/internal/http/handlers/friend_settlements.go:92.54,94.10 2 0
github.com/dhruvsaxena1998/splitplus/internal/http/handlers/friend_settlements.go:94.10,97.4 2 0
github.com/dhruvsaxena1998/splitplus/internal/http/handlers/friend_settlements.go:99.3,101.17 3 0
github.com/dhruvsaxena1998/splitplus/internal/http/handlers/friend_settlements.go:101.17,104.4 2 0
github.com/dhruvsaxena1998/splitplus/internal/http/handlers/friend_settlements.go:106.3,107.17 2 0
github.com/dhruvsaxena1998/splitplus/internal/http/handlers/friend_settlements.go:107.17,109.15 2 0
github.com/dhruvsaxena1998/splitplus/internal/http/handlers/friend_settlements.go:110.35,111.38 1 0
github.com/dhruvsaxena1998/splitplus/internal/http/handlers/friend_settlements.go:112.12,113.39 1 0
github.com/dhruvsaxena1998/splitplus/internal/http/handlers/friend_settlements.go:115.4,116.10 2 0
github.com/dhruvsaxena1998/splitplus/internal/http/handlers/friend_settlements.go:119.3,120.28 2 0
github.com/dhruvsaxena1998/splitplus/internal/http/handlers/friend_settlements.go:120.28,122.24 2 0
github.com/dhruvsaxena1998/splitplus/internal/http/handlers/friend_settlements.go:122.24,123.51 1 0
github.com/dhruvsaxena1998/splitplus/internal/http/handlers/friend_settlements.go:123.51,124.37 1 0
github.com/dhruvsaxena1998/splitplus/internal/http/handlers/friend_settlements.go:124.37,126.7 1 0
github.com/dhruvsaxena1998/splitplus/internal/http/handlers/friend_settlements.go:130.4,159.5 3 0
github.com/dhruvsaxena1998/splitplus/internal/http/handlers/friend_settlements.go:162.3,162.47 1 0
[...]
github.com/dhruvsaxena1998/splitplus/internal/service/recurring_expense_service.go:261.67,263.3 1 0
github.com/dhruvsaxena1998/splitplus/internal/service/recurring_expense_service.go:266.2,270.16 3 1
github.com/dhruvsaxena1998/splitplus/internal/service/recurring_expense_service.go:270.16,272.3 1 0
github.com/dhruvsaxena1998/splitplus/internal/service/recurring_expense_service.go:275.2,277.26 3 1
github.com/dhruvsaxena1998/splitplus/internal/service/recurring_expense_service.go:277.26,279.3 1 0
github.com/dhruvsaxena1998/splitplus/internal/service/recurring_expense_service.go:280.2,284.29 3 1
github.com/dhruvsaxena1998/splitplus/internal/service/recurring_expense_service.go:284.29,286.3 1 1
github.com/dhruvsaxena1998/splitplus/internal/service/recurring_expense_service.go:287.2,288.28 2 1
github.com/dhruvsaxena1998/splitplus/internal/service/recurring_expense_service.go:288.28,290.3 1 0
github.com/dhruvsaxena1998/splitplus/internal/service/recurring_expense_service.go:293.2,294.16 2 1
github.com/dhruvsaxena1998/splitplus/internal/service/recurring_expense_service.go:294.16,296.3 1 0
github.com/dhruvsaxena1998/splitplus/internal/service/recurring_expense_service.go:297.2,317.16 4 1
github.com/dhruvsaxena1998/splitplus/internal/service/recurring_expense_service.go:317.16,319.3 1 0
github.com/dhruvsaxena1998/splitplus/internal/service/recurring_expense_service.go:322.2,322.30 1 1
github.com/dhruvsaxena1998/splitplus/internal/service/recurring_expense_service.go:322.30,324.3 1 0
github.com/dhruvsaxena1998/splitplus/internal/service/recurring_expense_service.go:325.2,325.104 1 1
github.com/dhruvsaxena1998/splitplus/internal/service/recurring_expense_service.go:325.104,327.3 1 0
github.com/dhruvsaxena1998/splitplus/internal/service/recurring_expense_service.go:329.2,329.46 1 1
github.com/dhruvsaxena1998/splitplus/internal/service/recurring_expense_service.go:329.46,331.17 2 1
github.com/dhruvsaxena1998/splitplus/internal/service/recurring_expense_service.go:331.17,333.4 1 0
github.com/dhruvsaxena1998/splitplus/internal/service/recurring_expense_service.go:335.3,341.17 2 1
github.com/dhruvsaxena1998/splitplus/internal/service/recurring_expense_service.go:341.17,343.4 1 0
github.com/dhruvsaxena1998/splitplus/internal/service/recurring_expense_service.go:347.2,347.28 1 1
github.com/dhruvsaxena1998/splitplus/internal/service/recurring_expense_service.go:347.28,349.3 1 0
github.com/dhruvsaxena1998/splitplus/internal/service/recurring_expense_service.go:350.2,350.98 1 1
github.com/dhruvsaxena1998/splitplus/internal/service/recurring_expense_service.go:350.98,352.3 1 0
github.com/dhruvsaxena1998/splitplus/internal/service/recurring_expense_service.go:354.2,354.42 1 1
github.com/dhruvsaxena1998/splitplus/internal/service/recurring_expense_service.go:354.42,356.17 2 1
github.com/dhruvsaxena1998/splitplus/internal/service/recurring_expense_service.go:356.17,358.4 1 0
github.com/dhruvsaxena1998/splitplus/internal/service/recurring_expense_service.go:360.3,366.17 2 1
github.com/dhruvsaxena1998/splitplus/internal/service/recurring_expense_service.go:366.17,368.4 1 0
github.com/dhruvsaxena1998/splitplus/internal/service/recurring_expense_service.go:371.2,371.39 1 1
github.com/dhruvsaxena1998/splitplus/internal/service/recurring_expense_service.go:371.39,373.3 1 0
github.com/dhruvsaxena1998/splitplus/internal/service/recurring_expense_service.go:375.2,375.30 1 1
github.com/dhruvsaxena1998/splitplus/internal/service/recurring_expense_service.go:378.80,380.29 2 1
github.com/dhruvsaxena1998/splitplus/internal/service/recurring_expense_service.go:380.29,386.3 1 1
github.com/dhruvsaxena1998/splitplus/internal/service/recurring_expense_service.go:387.2,387.15 1 1
github.com/dhruvsaxena1998/splitplus/internal/service/recurring_expense_service.go:390.72,392.27 2 1
github.com/dhruvsaxena1998/splitplus/internal/service/recurring_expense_service.go:392.27,398.3 1 1
github.com/dhruvsaxena1998/splitplus/internal/service/recurring_expense_service.go:399.2,399.15 1 1
github.com/dhruvsaxena1998/splitplus/internal/service/recurring_expense_service.go:402.140,404.16 2 0
github.com/dhruvsaxena1998/splitplus/internal/service/recurring_expense_service.go:404.16,406.3 1 0
github.com/dhruvsaxena1998/splitplus/internal/service/recurring_expense_service.go:409.2,409.94 1 0
github.com/dhruvsaxena1998/splitplus/internal/service/recurring_expense_service.go:409.94,411.3 1 0
github.com/dhruvsaxena1998/splitplus/internal/service/recurring_expense_service.go:413.2,413.30 1 0
github.com/dhruvsaxena1998/splitplus/internal/service/recurring_expense_service.go:416.152,418.77 1 0
github.com/dhruvsaxena1998/splitplus/internal/service/recurring_expense_service.go:418.77,420.3 1 0
github.com/dhruvsaxena1998/splitplus/internal/service/recurring_expense_service.go:422.2,422.58 1 0
github.com/dhruvsaxena1998/splitplus/internal/service/recurring_expense_service.go:425.145,428.16 2 0
github.com/dhruvsaxena1998/splitplus/internal/service/recurring_expense_service.go:428.16,430.3 1 0
github.com/dhruvsaxena1998/splitplus/internal/service/recurring_expense_service.go:433.2,433.90 1 0
github.com/dhruvsaxena1998/splitplus/internal/service/recurring_expense_service.go:433.90,435.3 1 0
github.com/dhruvsaxena1998/splitplus/internal/service/recurring_expense_service.go:438.2,440.31 3 0
github.com/dhruvsaxena1998/splitplus/internal/service/recurring_expense_service.go:440.31,442.3 1 0
github.com/dhruvsaxena1998/splitplus/internal/service/recurring_expense_service.go:445.2,445.94 1 0
github.com/dhruvsaxena1998/splitplus/internal/service/recurring_expense_service.go:445.94,447.3 1 0
github.com/dhruvsaxena1998/splitplus/internal/service/recurring_expense_service.go:450.2,451.56 2 0
github.com/dhruvsaxena1998/splitplus/internal/service/recurring_expense_service.go:451.56,453.3 1 0
github.com/dhruvsaxena1998/splitplus/internal/service/recurring_expense_service.go:456.2,457.17 2 0
github.com/dhruvsaxena1998/splitplus/internal/service/recurring_expense_service.go:457.17,459.3 1 0
github.com/dhruvsaxena1998/splitplus/internal/service/recurring_expense_service.go:462.2,462.67 1 0
github.com/dhruvsaxena1998/splitplus/internal/service/recurring_expense_service.go:462.67,464.3 1 0
github.com/dhruvsaxena1998/splitplus/internal/service/recurring_expense_service.go:467.2,468.16 2 0
github.com/dhruvsaxena1998/splitplus/internal/service/recurring_expense_service.go:468.16,470.3 1 0
github.com/dhruvsaxena1998/splitplus/internal/service/recurring_expense_service.go:473.2,475.26 3 0
github.com/dhruvsaxena1998/splitplus/internal/service/recurring_expense_service.go:475.26,477.3 1 0
github.com/dhruvsaxena1998/splitplus/internal/service/recurring_expense_service.go:480.2,484.29 3 0
github.com/dhruvsaxena1998/splitplus/internal/service/recurring_expense_service.go:484.29,486.3 1 0
github.com/dhruvsaxena1998/splitplus/internal/service/recurring_expense_service.go:487.2,488.28 2 0
github.com/dhruvsaxena1998/splitplus/internal/service/recurring_expense_service.go:488.28,490.3 1 0
github.com/dhruvsaxena1998/splitplus/internal/service/recurring_expense_service.go:493.2,508.16 2 0
github.com/dhruvsaxena1998/splitplus/internal/service/recurring_expense_service.go:508.16,510.3 1 0
github.com/dhruvsaxena1998/splitplus/internal/service/recurring_expense_service.go:512.2,512.21 1 0
github.com/dhruvsaxena1998/splitplus/internal/service/recurring_expense_service.go:515.114,518.16 2 0
github.com/dhruvsaxena1998/splitplus/internal/service/recurring_expense_service.go:518.16,520.3 1 0
github.com/dhruvsaxena1998/splitplus/internal/service/recurring_expense_service.go:523.2,523.86 1 0
github.com/dhruvsaxena1998/splitplus/internal/service/recurring_expense_service.go:523.86,525.3 1 0
github.com/dhruvsaxena1998/splitplus/internal/service/recurring_expense_service.go:527.2,527.47 1 0
github.com/dhruvsaxena1998/splitplus/internal/service/recurring_expense_service.go:530.152,533.16 2 0
github.com/dhruvsaxena1998/splitplus/internal/service/recurring_expense_service.go:533.16,535.3 1 0
github.com/dhruvsaxena1998/splitplus/internal/service/recurring_expense_service.go:538.2,538.94 1 0
github.com/dhruvsaxena1998/splitplus/internal/service/recurring_expense_service.go:538.94,540.3 1 0
github.com/dhruvsaxena1998/splitplus/internal/service/recurring_expense_service.go:543.2,543.37 1 0
github.com/dhruvsaxena1998/splitplus/internal/service/recurring_expense_service.go:543.37,545.3 1 0
github.com/dhruvsaxena1998/splitplus/internal/service/recurring_expense_service.go:548.2,548.64 1 0
github.com/dhruvsaxena1998/splitplus/internal/service/recurring_expense_service.go:548.64,550.3 1 0
github.com/dhruvsaxena1998/splitplus/internal/service/recurring_expense_service.go:553.2,554.16 2 0
github.com/dhruvsaxena1998/splitplus/internal/service/recurring_expense_service.go:554.16,556.3 1 0
github.com/dhruvsaxena1998/splitplus/internal/service/recurring_expense_service.go:558.2,559.16 2 0
github.com/dhruvsaxena1998/splitplus/internal/service/recurring_expense_service.go:559.16,561.3 1 0
github.com/dhruvsaxena1998/splitplus/internal/service/recurring_expense_service.go:564.2,565.32 2 0
github.com/dhruvsaxena1998/splitplus/internal/service/recurring_expense_service.go:565.32,572.3 2 0
github.com/dhruvsaxena1998/splitplus/internal/service/recurring_expense_service.go:574.2,575.30 2 0
github.com/dhruvsaxena1998/splitplus/internal/service/recurring_expense_service.go:575.30,582.3 2 0
github.com/dhruvsaxena1998/splitplus/internal/service/recurring_expense_service.go:585.2,599.16 3 0
github.com/dhruvsaxena1998/splitplus/internal/service/recurring_expense_service.go:599.16,601.3 1 0
github.com/dhruvsaxena1998/splitplus/internal/service/recurring_expense_service.go:604.2,605.39 2 0
github.com/dhruvsaxena1998/splitplus/internal/service/recurring_expense_service.go:605.39,608.3 2 0
github.com/dhruvsaxena1998/splitplus/internal/service/recurring_expense_service.go:609.2,610.38 2 0
github.com/dhruvsaxena1998/splitplus/internal/service/recurring_expense_service.go:610.38,613.3 2 0
github.com/dhruvsaxena1998/splitplus/internal/service/recurring_expense_service.go:615.2,616.16 2 0
github.com/dhruvsaxena1998/splitplus/internal/service/recurring_expense_service.go:616.16,618.3 1 0
github.com/dhruvsaxena1998/splitplus/internal/service/recurring_expense_service.go:621.2,622.86 2 0
github.com/dhruvsaxena1998/splitplus/internal/service/recurring_expense_service.go:622.86,624.101 1 0
github.com/dhruvsaxena1998/splitplus/internal/service/recurring_expense_service.go:624.101,626.4 1 0
github.com/dhruvsaxena1998/splitplus/internal/service/recurring_expense_service.go:630.2,635.16 3 0
github.com/dhruvsaxena1998/splitplus/internal/service/recurring_expense_service.go:635.16,637.3 1 0
github.com/dhruvsaxena1998/splitplus/internal/service/recurring_expense_service.go:640.2,640.15 1 0
github.com/dhruvsaxena1998/splitplus/internal/service/recurring_expense_service.go:640.15,645.17 2 0
github.com/dhruvsaxena1998/splitplus/internal/service/recurring_expense_service.go:645.17,647.4 1 0
github.com/dhruvsaxena1998/splitplus/internal/service/recurring_expense_service.go:650.2,650.27 1 0
github.com/dhruvsaxena1998/splitplus/internal/service/recurring_expense_service.go:653.90,656.16 2 0
github.com/dhruvsaxena1998/splitplus/internal/service/recurring_expense_service.go:656.16,658.3 1 0
github.com/dhruvsaxena1998/splitplus/internal/service/recurring_expense_service.go:661.2,661.47 1 0
github.com/dhruvsaxena1998/splitplus/internal/service/recurring_expense_service.go:661.47,664.17 2 0
github.com/dhruvsaxena1998/splitplus/internal/service/recurring_expense_service.go:664.17,667.12 1 0
github.com/dhruvsaxena1998/splitplus/internal/service/recurring_expense_service.go:671.2,671.12 1 0
github.com/dhruvsaxena1998/splitplus/internal/service/recurring_expense_service.go:674.46,675.16 1 0
github.com/dhruvsaxena1998/splitplus/internal/service/recurring_expense_service.go:675.16,677.3 1 0
github.com/dhruvsaxena1998/splitplus/internal/service/recurring_expense_service.go:678.2,678.11 1 0
github.com/dhruvsaxena1998/splitplus/internal/service/settlement_service.go:66.121,71.2 1 0
github.com/dhruvsaxena1998/splitplus/internal/service/settlement_service.go:73.109,78.16 2 0
github.com/dhruvsaxena1998/splitplus/internal/service/settlement_service.go:78.16,80.3 1 0
github.com/dhruvsaxena1998/splitplus/internal/service/settlement_service.go:81.2,81.12 1 0
github.com/dhruvsaxena1998/splitplus/internal/service/settlement_service.go:84.65,90.28 2 0
github.com/dhruvsaxena1998/splitplus/internal/service/settlement_service.go:90.28,92.3 1 0
github.com/dhruvsaxena1998/splitplus/internal/service/settlement_service.go:93.2,93.12 1 0
github.com/dhruvsaxena1998/splitplus/internal/service/settlement_service.go:96.121,99.16 2 0
github.com/dhruvsaxena1998/splitplus/internal/service/settlement_service.go:99.16,101.3 1 0
github.com/dhruvsaxena1998/splitplus/internal/service/settlement_service.go:104.2,104.87 1 0
github.com/dhruvsaxena1998/splitplus/internal/service/settlement_service.go:104.87,106.3 1 0
github.com/dhruvsaxena1998/splitplus/internal/service/settlement_service.go:109.2,109.85 1 0
github.com/dhruvsaxena1998/splitplus/internal/service/settlement_service.go:109.85,111.3 1 0
github.com/dhruvsaxena1998/splitplus/internal/service/settlement_service.go:112.2,112.85 1 0
github.com/dhruvsaxena1998/splitplus/internal/service/settlement_service.go:112.85,114.3 1 0
github.com/dhruvsaxena1998/splitplus/internal/service/settlement_service.go:117.2,117.36 1 0
github.com/dhruvsaxena1998/splitplus/internal/service/settlement_service.go:117.36,119.3 1 0
github.com/dhruvsaxena1998/splitplus/internal/service/settlement_service.go:122.2,123.56 2 0
github.com/dhruvsaxena1998/splitplus/internal/service/settlement_service.go:123.56,125.3 1 0
github.com/dhruvsaxena1998/splitplus/internal/service/settlement_service.go:128.2,129.18 2 0
github.com/dhruvsaxena1998/splitplus/internal/service/settlement_service.go:129.18,131.3 1 0
github.com/dhruvsaxena1998/splitplus/internal/service/settlement_service.go:132.2,132.49 1 0
github.com/dhruvsaxena1998/splitplus/internal/service/settlement_service.go:132.49,134.3 1 0
github.com/dhruvsaxena1998/splitplus/internal/service/settlement_service.go:137.2,138.24 2 0
github.com/dhruvsaxena1998/splitplus/internal/service/settlement_service.go:138.24,140.3 1 0
github.com/dhruvsaxena1998/splitplus/internal/service/settlement_service.go:143.2,144.16 2 0
github.com/dhruvsaxena1998/splitplus/internal/service/settlement_service.go:144.16,146.3 1 0
github.com/dhruvsaxena1998/splitplus/internal/service/settlement_service.go:149.2,162.16 2 0
github.com/dhruvsaxena1998/splitplus/internal/service/settlement_service.go:162.16,164.3 1 0
github.com/dhruvsaxena1998/splitplus/internal/service/settlement_service.go:167.2,180.24 2 0
github.com/dhruvsaxena1998/splitplus/internal/service/settlement_service.go:183.132,185.16 2 0
github.com/dhruvsaxena1998/splitplus/internal/service/settlement_service.go:185.16,187.3 1 0
github.com/dhruvsaxena1998/splitplus/internal/service/settlement_service.go:190.2,190.88 1 0
github.com/dhruvsaxena1998/splitplus/internal/service/settlement_service.go:190.88,192.3 1 0
github.com/dhruvsaxena1998/splitplus/internal/service/settlement_service.go:194.2,194.24 1 0
github.com/dhruvsaxena1998/splitplus/internal/service/settlement_service.go:197.149,200.16 2 0
github.com/dhruvsaxena1998/splitplus/internal/service/settlement_service.go:200.16,202.3 1 0
github.com/dhruvsaxena1998/splitplus/internal/service/settlement_service.go:205.2,205.77 1 0
github.com/dhruvsaxena1998/splitplus/internal/service/settlement_service.go:205.77,207.3 1 0
github.com/dhruvsaxena1998/splitplus/internal/service/settlement_service.go:209.2,209.52 1 0
github.com/dhruvsaxena1998/splitplus/internal/service/settlement_service.go:212.133,214.2 1 0
github.com/dhruvsaxena1998/splitplus/internal/service/settlement_service.go:216.121,219.16 2 0
github.com/dhruvsaxena1998/splitplus/internal/service/settlement_service.go:219.16,221.3 1 0
github.com/dhruvsaxena1998/splitplus/internal/service/settlement_service.go:224.2,224.92 1 0
github.com/dhruvsaxena1998/splitplus/internal/service/settlement_service.go:224.92,226.3 1 0
github.com/dhruvsaxena1998/splitplus/internal/service/settlement_service.go:229.2,230.56 2 0
github.com/dhruvsaxena1998/splitplus/internal/service/settlement_service.go:230.56,232.3 1 0
github.com/dhruvsaxena1998/splitplus/internal/service/settlement_service.go:235.2,235.55 1 0
github.com/dhruvsaxena1998/splitplus/internal/service/settlement_service.go:235.55,237.3 1 0
github.com/dhruvsaxena1998/splitplus/internal/service/settlement_service.go:240.2,241.16 2 0
github.com/dhruvsaxena1998/splitplus/internal/service/settlement_service.go:241.16,243.3 1 0
github.com/dhruvsaxena1998/splitplus/internal/service/settlement_service.go:246.2,247.24 2 0
github.com/dhruvsaxena1998/splitplus/internal/service/settlement_service.go:247.24,249.3 1 0
github.com/dhruvsaxena1998/splitplus/internal/service/settlement_service.go:252.2,253.16 2 0
github.com/dhruvsaxena1998/splitplus/internal/service/settlement_service.go:253.16,255.3 1 0
github.com/dhruvsaxena1998/splitplus/internal/service/settlement_service.go:258.2,268.16 2 0
github.com/dhruvsaxena1998/splitplus/internal/service/settlement_service.go:268.16,270.3 1 0
github.com/dhruvsaxena1998/splitplus/internal/service/settlement_service.go:273.2,285.31 2 0
github.com/dhruvsaxena1998/splitplus/internal/service/settlement_service.go:288.133,291.16 2 0
github.com/dhruvsaxena1998/splitplus/internal/service/settlement_service.go:291.16,293.3 1 0
github.com/dhruvsaxena1998/splitplus/internal/service/settlement_service.go:296.2,296.92 1 0
github.com/dhruvsaxena1998/splitplus/internal/service/settlement_service.go:296.92,298.3 1 0
github.com/dhruvsaxena1998/splitplus/internal/service/settlement_service.go:301.2,301.55 1 0
github.com/dhruvsaxena1998/splitplus/internal/service/settlement_service.go:301.55,303.3 1 0
github.com/dhruvsaxena1998/splitplus/internal/service/settlement_service.go:306.2,311.16 2 0
github.com/dhruvsaxena1998/splitplus/internal/service/settlement_service.go:311.16,313.3 1 0
github.com/dhruvsaxena1998/splitplus/internal/service/settlement_service.go:316.2,316.69 1 0
github.com/dhruvsaxena1998/splitplus/internal/service/settlement_service.go:316.69,327.3 1 0
github.com/dhruvsaxena1998/splitplus/internal/service/settlement_service.go:327.8,327.46 1 0
github.com/dhruvsaxena1998/splitplus/internal/service/settlement_service.go:327.46,340.3 1 0
github.com/dhruvsaxena1998/splitplus/internal/service/settlement_service.go:342.2,342.31 1 0
github.com/dhruvsaxena1998/splitplus/internal/service/settlement_service.go:345.112,347.16 2 0
github.com/dhruvsaxena1998/splitplus/internal/service/settlement_service.go:347.16,349.3 1 0
github.com/dhruvsaxena1998/splitplus/internal/service/settlement_service.go:352.2,352.88 1 0
github.com/dhruvsaxena1998/splitplus/internal/service/settlement_service.go:352.88,354.3 1 0
github.com/dhruvsaxena1998/splitplus/internal/service/settlement_service.go:356.2,356.67 1 0
github.com/dhruvsaxena1998/splitplus/internal/service/settlement_service.go:356.67,358.3 1 0
github.com/dhruvsaxena1998/splitplus/internal/service/settlement_service.go:361.2,370.12 2 0
github.com/dhruvsaxena1998/splitplus/internal/service/user_service.go:27.65,29.2 1 1
github.com/dhruvsaxena1998/splitplus/internal/service/user_service.go:35.22,37.17 2 1
github.com/dhruvsaxena1998/splitplus/internal/service/user_service.go:37.17,39.3 1 1
github.com/dhruvsaxena1998/splitplus/internal/service/user_service.go:42.2,46.16 2 1
github.com/dhruvsaxena1998/splitplus/internal/service/user_service.go:46.16,48.54 2 1
github.com/dhruvsaxena1998/splitplus/internal/service/user_service.go:48.54,50.4 1 1
github.com/dhruvsaxena1998/splitplus/internal/service/user_service.go:51.3,51.26 1 1
github.com/dhruvsaxena1998/splitplus/internal/service/user_service.go:54.2,54.18 1 1
