mode: set
github.com/dhruvsaxena1998/splitplus/internal/service/balance_service.go:64.74,66.2 1 0
github.com/dhruvsaxena1998/splitplus/internal/service/balance_service.go:69.55,70.16 1 0
github.com/dhruvsaxena1998/splitplus/internal/service/balance_service.go:70.16,72.3 1 0
github.com/dhruvsaxena1998/splitplus/internal/service/balance_service.go:75.2,75.25 1 0
github.com/dhruvsaxena1998/splitplus/internal/service/balance_service.go:76.14,77.11 1 0
github.com/dhruvsaxena1998/splitplus/internal/service/balance_service.go:78.14,79.19 1 0
github.com/dhruvsaxena1998/splitplus/internal/service/balance_service.go:80.13,81.34 1 0
github.com/dhruvsaxena1998/splitplus/internal/service/balance_service.go:82.13,83.41 1 0
github.com/dhruvsaxena1998/splitplus/internal/service/balance_service.go:84.15,85.42 1 0
github.com/dhruvsaxena1998/splitplus/internal/service/balance_service.go:86.11,87.25 1 0
github.com/dhruvsaxena1998/splitplus/internal/service/balance_service.go:88.22,90.15 1 0
github.com/dhruvsaxena1998/splitplus/internal/service/balance_service.go:90.15,92.4 1 0
github.com/dhruvsaxena1998/splitplus/internal/service/balance_service.go:93.3,93.40 1 0
github.com/dhruvsaxena1998/splitplus/internal/service/balance_service.go:93.40,94.35 1 0
github.com/dhruvsaxena1998/splitplus/internal/service/balance_service.go:94.35,96.5 1 0
github.com/dhruvsaxena1998/splitplus/internal/service/balance_service.go:98.3,98.13 1 0
github.com/dhruvsaxena1998/splitplus/internal/service/balance_service.go:99.10,101.63 1 0
github.com/dhruvsaxena1998/splitplus/internal/service/balance_service.go:101.63,103.56 1 0
github.com/dhruvsaxena1998/splitplus/internal/service/balance_service.go:103.56,105.5 1 0
github.com/dhruvsaxena1998/splitplus/internal/service/balance_service.go:107.3,107.13 1 0
github.com/dhruvsaxena1998/splitplus/internal/service/balance_service.go:112.65,115.16 3 0
github.com/dhruvsaxena1998/splitplus/internal/service/balance_service.go:115.16,117.3 1 0
github.com/dhruvsaxena1998/splitplus/internal/service/balance_service.go:118.2,118.10 1 0
github.com/dhruvsaxena1998/splitplus/internal/service/balance_service.go:121.106,126.16 2 0
github.com/dhruvsaxena1998/splitplus/internal/service/balance_service.go:126.16,128.3 1 0
github.com/dhruvsaxena1998/splitplus/internal/service/balance_service.go:129.2,129.12 1 0
github.com/dhruvsaxena1998/splitplus/internal/service/balance_service.go:132.125,135.16 2 0
github.com/dhruvsaxena1998/splitplus/internal/service/balance_service.go:135.16,137.3 1 0
github.com/dhruvsaxena1998/splitplus/internal/service/balance_service.go:140.2,140.77 1 0
github.com/dhruvsaxena1998/splitplus/internal/service/balance_service.go:140.77,142.3 1 0
github.com/dhruvsaxena1998/splitplus/internal/service/balance_service.go:145.2,146.16 2 0
github.com/dhruvsaxena1998/splitplus/internal/service/balance_service.go:146.16,148.3 1 0
github.com/dhruvsaxena1998/splitplus/internal/service/balance_service.go:150.2,151.27 2 0
github.com/dhruvsaxena1998/splitplus/internal/service/balance_service.go:151.27,157.25 5 0
github.com/dhruvsaxena1998/splitplus/internal/service/balance_service.go:157.25,159.4 1 0
github.com/dhruvsaxena1998/splitplus/internal/service/balance_service.go:161.3,162.30 2 0
github.com/dhruvsaxena1998/splitplus/internal/service/balance_service.go:162.30,164.4 1 0
github.com/dhruvsaxena1998/splitplus/internal/service/balance_service.go:166.3,174.5 1 0
github.com/dhruvsaxena1998/splitplus/internal/service/balance_service.go:177.2,177.22 1 0
github.com/dhruvsaxena1998/splitplus/internal/service/balance_service.go:180.136,183.16 2 0
github.com/dhruvsaxena1998/splitplus/internal/service/balance_service.go:183.16,185.3 1 0
github.com/dhruvsaxena1998/splitplus/internal/service/balance_service.go:188.2,188.77 1 0
github.com/dhruvsaxena1998/splitplus/internal/service/balance_service.go:188.77,190.3 1 0
github.com/dhruvsaxena1998/splitplus/internal/service/balance_service.go:193.2,197.16 2 0
github.com/dhruvsaxena1998/splitplus/internal/service/balance_service.go:197.16,199.3 1 0
github.com/dhruvsaxena1998/splitplus/internal/service/balance_service.go:201.2,206.24 5 0
github.com/dhruvsaxena1998/splitplus/internal/service/balance_service.go:206.24,208.3 1 0
github.com/dhruvsaxena1998/splitplus/internal/service/balance_service.go:210.2,211.29 2 0
github.com/dhruvsaxena1998/splitplus/internal/service/balance_service.go:211.29,213.3 1 0
github.com/dhruvsaxena1998/splitplus/internal/service/balance_service.go:215.2,223.8 1 0
github.com/dhruvsaxena1998/splitplus/internal/service/balance_service.go:226.121,228.16 2 0
github.com/dhruvsaxena1998/splitplus/internal/service/balance_service.go:228.16,230.3 1 0
github.com/dhruvsaxena1998/splitplus/internal/service/balance_service.go:232.2,233.27 2 0
github.com/dhruvsaxena1998/splitplus/internal/service/balance_service.go:233.27,246.3 4 0
github.com/dhruvsaxena1998/splitplus/internal/service/balance_service.go:248.2,248.22 1 0
github.com/dhruvsaxena1998/splitplus/internal/service/balance_service.go:251.124,254.16 2 0
github.com/dhruvsaxena1998/splitplus/internal/service/balance_service.go:254.16,256.3 1 0
github.com/dhruvsaxena1998/splitplus/internal/service/balance_service.go:259.2,259.77 1 0
github.com/dhruvsaxena1998/splitplus/internal/service/balance_service.go:259.77,261.3 1 0
github.com/dhruvsaxena1998/splitplus/internal/service/balance_service.go:264.2,265.16 2 0
github.com/dhruvsaxena1998/splitplus/internal/service/balance_service.go:265.16,267.3 1 0
github.com/dhruvsaxena1998/splitplus/internal/service/balance_service.go:270.2,278.27 3 0
github.com/dhruvsaxena1998/splitplus/internal/service/balance_service.go:278.27,283.23 4 0
github.com/dhruvsaxena1998/splitplus/internal/service/balance_service.go:283.23,284.12 1 0
github.com/dhruvsaxena1998/splitplus/internal/service/balance_service.go:287.3,288.25 2 0
github.com/dhruvsaxena1998/splitplus/internal/service/balance_service.go:288.25,290.4 1 0
github.com/dhruvsaxena1998/splitplus/internal/service/balance_service.go:292.3,299.40 2 0
github.com/dhruvsaxena1998/splitplus/internal/service/balance_service.go:299.40,301.4 1 0
github.com/dhruvsaxena1998/splitplus/internal/service/balance_service.go:301.9,301.44 1 0
github.com/dhruvsaxena1998/splitplus/internal/service/balance_service.go:301.44,303.4 1 0
github.com/dhruvsaxena1998/splitplus/internal/service/balance_service.go:307.2,307.46 1 0
github.com/dhruvsaxena1998/splitplus/internal/service/balance_service.go:307.46,309.3 1 0
github.com/dhruvsaxena1998/splitplus/internal/service/balance_service.go:312.2,312.42 1 0
github.com/dhruvsaxena1998/splitplus/internal/service/balance_service.go:312.42,314.3 1 0
github.com/dhruvsaxena1998/splitplus/internal/service/balance_service.go:315.2,315.44 1 0
github.com/dhruvsaxena1998/splitplus/internal/service/balance_service.go:315.44,318.3 1 0
github.com/dhruvsaxena1998/splitplus/internal/service/balance_service.go:320.2,324.45 3 0
github.com/dhruvsaxena1998/splitplus/internal/service/balance_service.go:324.45,333.26 5 0
github.com/dhruvsaxena1998/splitplus/internal/service/balance_service.go:333.26,335.12 2 0
github.com/dhruvsaxena1998/splitplus/internal/service/balance_service.go:337.3,337.28 1 0
github.com/dhruvsaxena1998/splitplus/internal/service/balance_service.go:337.28,339.12 2 0
github.com/dhruvsaxena1998/splitplus/internal/service/balance_service.go:342.3,343.22 2 0
github.com/dhruvsaxena1998/splitplus/internal/service/balance_service.go:343.22,344.9 1 0
github.com/dhruvsaxena1998/splitplus/internal/service/balance_service.go:347.3,362.25 4 0
github.com/dhruvsaxena1998/splitplus/internal/service/balance_service.go:362.25,364.4 1 0
github.com/dhruvsaxena1998/splitplus/internal/service/balance_service.go:365.3,365.25 1 0
github.com/dhruvsaxena1998/splitplus/internal/service/balance_service.go:365.25,367.4 1 0
github.com/dhruvsaxena1998/splitplus/internal/service/balance_service.go:370.2,370.19 1 0
github.com/dhruvsaxena1998/splitplus/internal/service/category_presets.go:30.39,42.2 6 1
github.com/dhruvsaxena1998/splitplus/internal/service/category_presets.go:45.51,46.39 1 0
github.com/dhruvsaxena1998/splitplus/internal/service/category_presets.go:46.39,47.44 1 0
github.com/dhruvsaxena1998/splitplus/internal/service/category_presets.go:47.44,49.4 1 0
github.com/dhruvsaxena1998/splitplus/internal/service/category_presets.go:51.2,51.12 1 0
github.com/dhruvsaxena1998/splitplus/internal/service/expense_category_service.go:50.98,52.2 1 1
github.com/dhruvsaxena1998/splitplus/internal/service/expense_category_service.go:54.72,56.2 1 0
github.com/dhruvsaxena1998/splitplus/internal/service/expense_category_service.go:58.144,61.16 2 1
github.com/dhruvsaxena1998/splitplus/internal/service/expense_category_service.go:61.16,63.3 1 0
github.com/dhruvsaxena1998/splitplus/internal/service/expense_category_service.go:64.2,64.15 1 1
github.com/dhruvsaxena1998/splitplus/internal/service/expense_category_service.go:64.15,66.3 1 1
github.com/dhruvsaxena1998/splitplus/internal/service/expense_category_service.go:68.2,68.52 1 1
github.com/dhruvsaxena1998/splitplus/internal/service/expense_category_service.go:71.140,74.16 2 1
github.com/dhruvsaxena1998/splitplus/internal/service/expense_category_service.go:74.16,76.3 1 0
github.com/dhruvsaxena1998/splitplus/internal/service/expense_category_service.go:77.2,77.15 1 1
github.com/dhruvsaxena1998/splitplus/internal/service/expense_category_service.go:77.15,79.3 1 1
github.com/dhruvsaxena1998/splitplus/internal/service/expense_category_service.go:82.2,83.16 2 1
github.com/dhruvsaxena1998/splitplus/internal/service/expense_category_service.go:83.16,85.3 1 1
github.com/dhruvsaxena1998/splitplus/internal/service/expense_category_service.go:87.2,88.16 2 1
github.com/dhruvsaxena1998/splitplus/internal/service/expense_category_service.go:88.16,90.3 1 0
github.com/dhruvsaxena1998/splitplus/internal/service/expense_category_service.go:93.2,101.16 2 1
github.com/dhruvsaxena1998/splitplus/internal/service/expense_category_service.go:101.16,104.54 2 0
github.com/dhruvsaxena1998/splitplus/internal/service/expense_category_service.go:104.54,106.4 1 0
github.com/dhruvsaxena1998/splitplus/internal/service/expense_category_service.go:107.3,107.37 1 0
github.com/dhruvsaxena1998/splitplus/internal/service/expense_category_service.go:110.2,110.22 1 1
github.com/dhruvsaxena1998/splitplus/internal/service/expense_category_service.go:113.127,116.16 2 1
github.com/dhruvsaxena1998/splitplus/internal/service/expense_category_service.go:116.16,118.3 1 1
github.com/dhruvsaxena1998/splitplus/internal/service/expense_category_service.go:121.2,121.51 1 1
github.com/dhruvsaxena1998/splitplus/internal/service/expense_category_service.go:121.51,123.3 1 1
github.com/dhruvsaxena1998/splitplus/internal/service/expense_category_service.go:126.2,127.16 2 1
github.com/dhruvsaxena1998/splitplus/internal/service/expense_category_service.go:127.16,129.3 1 0
github.com/dhruvsaxena1998/splitplus/internal/service/expense_category_service.go:130.2,130.15 1 1
github.com/dhruvsaxena1998/splitplus/internal/service/expense_category_service.go:130.15,132.3 1 0
github.com/dhruvsaxena1998/splitplus/internal/service/expense_category_service.go:135.2,136.16 2 1
github.com/dhruvsaxena1998/splitplus/internal/service/expense_category_service.go:136.16,138.3 1 0
github.com/dhruvsaxena1998/splitplus/internal/service/expense_category_service.go:140.2,141.16 2 1
github.com/dhruvsaxena1998/splitplus/internal/service/expense_category_service.go:141.16,143.3 1 0
github.com/dhruvsaxena1998/splitplus/internal/service/expense_category_service.go:146.2,154.16 2 1
github.com/dhruvsaxena1998/splitplus/internal/service/expense_category_service.go:154.16,156.54 2 0
github.com/dhruvsaxena1998/splitplus/internal/service/expense_category_service.go:156.54,158.4 1 0
github.com/dhruvsaxena1998/splitplus/internal/service/expense_category_service.go:159.3,159.37 1 0
github.com/dhruvsaxena1998/splitplus/internal/service/expense_category_service.go:162.2,162.21 1 1
github.com/dhruvsaxena1998/splitplus/internal/service/expense_category_service.go:165.122,168.16 2 1
github.com/dhruvsaxena1998/splitplus/internal/service/expense_category_service.go:168.16,170.3 1 1
github.com/dhruvsaxena1998/splitplus/internal/service/expense_category_service.go:173.2,173.45 1 1
github.com/dhruvsaxena1998/splitplus/internal/service/expense_category_service.go:173.45,175.3 1 0
github.com/dhruvsaxena1998/splitplus/internal/service/expense_category_service.go:178.2,179.16 2 1
github.com/dhruvsaxena1998/splitplus/internal/service/expense_category_service.go:179.16,181.3 1 0
github.com/dhruvsaxena1998/splitplus/internal/service/expense_category_service.go:182.2,182.15 1 1
github.com/dhruvsaxena1998/splitplus/internal/service/expense_category_service.go:182.15,184.3 1 1
github.com/dhruvsaxena1998/splitplus/internal/service/expense_category_service.go:187.2,187.60 1 1
github.com/dhruvsaxena1998/splitplus/internal/service/expense_category_service.go:190.166,193.16 2 0
github.com/dhruvsaxena1998/splitplus/internal/service/expense_category_service.go:193.16,195.3 1 0
github.com/dhruvsaxena1998/splitplus/internal/service/expense_category_service.go:196.2,196.15 1 0
github.com/dhruvsaxena1998/splitplus/internal/service/expense_category_service.go:196.15,198.3 1 0
github.com/dhruvsaxena1998/splitplus/internal/service/expense_category_service.go:200.2,202.41 2 0
github.com/dhruvsaxena1998/splitplus/internal/service/expense_category_service.go:202.41,205.20 2 0
github.com/dhruvsaxena1998/splitplus/internal/service/expense_category_service.go:205.20,207.12 1 0
github.com/dhruvsaxena1998/splitplus/internal/service/expense_category_service.go:211.3,212.38 2 0
github.com/dhruvsaxena1998/splitplus/internal/service/expense_category_service.go:212.38,215.12 2 0
github.com/dhruvsaxena1998/splitplus/internal/service/expense_category_service.go:219.3,226.17 2 0
github.com/dhruvsaxena1998/splitplus/internal/service/expense_category_service.go:226.17,228.12 1 0
github.com/dhruvsaxena1998/splitplus/internal/service/expense_category_service.go:231.3,231.39 1 0
github.com/dhruvsaxena1998/splitplus/internal/service/expense_category_service.go:234.2,234.24 1 0
github.com/dhruvsaxena1998/splitplus/internal/service/expense_comment_service.go:35.25,41.2 1 1
github.com/dhruvsaxena1998/splitplus/internal/service/expense_comment_service.go:43.144,44.19 1 1
github.com/dhruvsaxena1998/splitplus/internal/service/expense_comment_service.go:44.19,46.3 1 1
github.com/dhruvsaxena1998/splitplus/internal/service/expense_comment_service.go:49.2,50.16 2 1
github.com/dhruvsaxena1998/splitplus/internal/service/expense_comment_service.go:50.16,52.3 1 1
github.com/dhruvsaxena1998/splitplus/internal/service/expense_comment_service.go:54.2,59.16 2 1
github.com/dhruvsaxena1998/splitplus/internal/service/expense_comment_service.go:59.16,61.3 1 1
github.com/dhruvsaxena1998/splitplus/internal/service/expense_comment_service.go:64.2,76.20 2 1
github.com/dhruvsaxena1998/splitplus/internal/service/expense_comment_service.go:79.129,81.2 1 1
github.com/dhruvsaxena1998/splitplus/internal/service/expense_comment_service.go:83.144,84.19 1 1
github.com/dhruvsaxena1998/splitplus/internal/service/expense_comment_service.go:84.19,86.3 1 1
github.com/dhruvsaxena1998/splitplus/internal/service/expense_comment_service.go:89.2,90.16 2 1
github.com/dhruvsaxena1998/splitplus/internal/service/expense_comment_service.go:90.16,92.3 1 1
github.com/dhruvsaxena1998/splitplus/internal/service/expense_comment_service.go:94.2,94.31 1 1
github.com/dhruvsaxena1998/splitplus/internal/service/expense_comment_service.go:94.31,96.3 1 1
github.com/dhruvsaxena1998/splitplus/internal/service/expense_comment_service.go:98.2,101.4 1 1
github.com/dhruvsaxena1998/splitplus/internal/service/expense_comment_service.go:104.105,107.16 2 1
github.com/dhruvsaxena1998/splitplus/internal/service/expense_comment_service.go:107.16,109.3 1 1
github.com/dhruvsaxena1998/splitplus/internal/service/expense_comment_service.go:111.2,111.31 1 1
github.com/dhruvsaxena1998/splitplus/internal/service/expense_comment_service.go:111.31,113.3 1 1
github.com/dhruvsaxena1998/splitplus/internal/service/expense_comment_service.go:115.2,115.45 1 1
github.com/dhruvsaxena1998/splitplus/internal/service/expense_comment_service.go:118.47,119.18 1 1
github.com/dhruvsaxena1998/splitplus/internal/service/expense_comment_service.go:119.18,121.3 1 1
github.com/dhruvsaxena1998/splitplus/internal/service/expense_comment_service.go:122.2,122.10 1 1
github.com/dhruvsaxena1998/splitplus/internal/service/expense_service.go:90.18,96.2 1 1
github.com/dhruvsaxena1998/splitplus/internal/service/expense_service.go:99.56,101.16 2 1
github.com/dhruvsaxena1998/splitplus/internal/service/expense_service.go:101.16,103.3 1 0
github.com/dhruvsaxena1998/splitplus/internal/service/expense_service.go:104.2,106.15 3 1
github.com/dhruvsaxena1998/splitplus/internal/service/expense_service.go:109.56,110.14 1 0
github.com/dhruvsaxena1998/splitplus/internal/service/expense_service.go:110.14,112.3 1 0
github.com/dhruvsaxena1998/splitplus/internal/service/expense_service.go:113.2,114.16 2 0
github.com/dhruvsaxena1998/splitplus/internal/service/expense_service.go:114.16,116.3 1 0
github.com/dhruvsaxena1998/splitplus/internal/service/expense_service.go:117.2,117.33 1 0
github.com/dhruvsaxena1998/splitplus/internal/service/expense_service.go:117.33,119.3 1 0
github.com/dhruvsaxena1998/splitplus/internal/service/expense_service.go:120.2,120.49 1 0
github.com/dhruvsaxena1998/splitplus/internal/service/expense_service.go:123.66,124.14 1 0
github.com/dhruvsaxena1998/splitplus/internal/service/expense_service.go:124.14,126.3 1 0
github.com/dhruvsaxena1998/splitplus/internal/service/expense_service.go:127.2,128.16 2 0
github.com/dhruvsaxena1998/splitplus/internal/service/expense_service.go:128.16,130.3 1 0
github.com/dhruvsaxena1998/splitplus/internal/service/expense_service.go:131.2,131.33 1 0
github.com/dhruvsaxena1998/splitplus/internal/service/expense_service.go:131.33,133.3 1 0
github.com/dhruvsaxena1998/splitplus/internal/service/expense_service.go:134.2,134.58 1 0
github.com/dhruvsaxena1998/splitplus/internal/service/expense_service.go:137.106,142.16 2 1
github.com/dhruvsaxena1998/splitplus/internal/service/expense_service.go:142.16,144.3 1 1
github.com/dhruvsaxena1998/splitplus/internal/service/expense_service.go:145.2,145.12 1 1
github.com/dhruvsaxena1998/splitplus/internal/service/expense_service.go:148.101,150.16 2 1
github.com/dhruvsaxena1998/splitplus/internal/service/expense_service.go:150.16,152.3 1 0
github.com/dhruvsaxena1998/splitplus/internal/service/expense_service.go:154.2,155.35 2 1
github.com/dhruvsaxena1998/splitplus/internal/service/expense_service.go:155.35,157.17 2 1
github.com/dhruvsaxena1998/splitplus/internal/service/expense_service.go:157.17,159.4 1 0
github.com/dhruvsaxena1998/splitplus/internal/service/expense_service.go:160.3,160.43 1 1
github.com/dhruvsaxena1998/splitplus/internal/service/expense_service.go:160.43,162.4 1 1
github.com/dhruvsaxena1998/splitplus/internal/service/expense_service.go:163.3,163.28 1 1
github.com/dhruvsaxena1998/splitplus/internal/service/expense_service.go:166.2,166.34 1 1
github.com/dhruvsaxena1998/splitplus/internal/service/expense_service.go:166.34,168.3 1 1
github.com/dhruvsaxena1998/splitplus/internal/service/expense_service.go:170.2,170.12 1 1
github.com/dhruvsaxena1998/splitplus/internal/service/expense_service.go:173.95,175.16 2 1
github.com/dhruvsaxena1998/splitplus/internal/service/expense_service.go:175.16,177.3 1 0
github.com/dhruvsaxena1998/splitplus/internal/service/expense_service.go:179.2,180.31 2 1
github.com/dhruvsaxena1998/splitplus/internal/service/expense_service.go:180.31,182.17 2 1
github.com/dhruvsaxena1998/splitplus/internal/service/expense_service.go:182.17,184.4 1 0
github.com/dhruvsaxena1998/splitplus/internal/service/expense_service.go:185.3,185.36 1 1
github.com/dhruvsaxena1998/splitplus/internal/service/expense_service.go:185.36,187.4 1 1
github.com/dhruvsaxena1998/splitplus/internal/service/expense_service.go:188.3,188.28 1 1
github.com/dhruvsaxena1998/splitplus/internal/service/expense_service.go:191.2,191.34 1 1
github.com/dhruvsaxena1998/splitplus/internal/service/expense_service.go:191.34,193.3 1 1
github.com/dhruvsaxena1998/splitplus/internal/service/expense_service.go:195.2,195.12 1 1
github.com/dhruvsaxena1998/splitplus/internal/service/expense_service.go:198.116,199.44 1 1
github.com/dhruvsaxena1998/splitplus/internal/service/expense_service.go:199.44,201.3 1 1
github.com/dhruvsaxena1998/splitplus/internal/service/expense_service.go:203.2,204.16 2 0
github.com/dhruvsaxena1998/splitplus/internal/service/expense_service.go:204.16,206.3 1 0
github.com/dhruvsaxena1998/splitplus/internal/service/expense_service.go:209.2,209.45 1 0
github.com/dhruvsaxena1998/splitplus/internal/service/expense_service.go:209.45,211.3 1 0
github.com/dhruvsaxena1998/splitplus/internal/service/expense_service.go:213.2,213.12 1 0
github.com/dhruvsaxena1998/splitplus/internal/service/expense_service.go:216.116,219.16 2 1
github.com/dhruvsaxena1998/splitplus/internal/service/expense_service.go:219.16,221.3 1 0
github.com/dhruvsaxena1998/splitplus/internal/service/expense_service.go:224.2,224.87 1 1
github.com/dhruvsaxena1998/splitplus/internal/service/expense_service.go:224.87,226.3 1 1
github.com/dhruvsaxena1998/splitplus/internal/service/expense_service.go:229.2,230.63 2 1
github.com/dhruvsaxena1998/splitplus/internal/service/expense_service.go:230.63,232.3 1 1
github.com/dhruvsaxena1998/splitplus/internal/service/expense_service.go:235.2,236.24 2 1
github.com/dhruvsaxena1998/splitplus/internal/service/expense_service.go:236.24,238.3 1 1
github.com/dhruvsaxena1998/splitplus/internal/service/expense_service.go:241.2,241.30 1 1
github.com/dhruvsaxena1998/splitplus/internal/service/expense_service.go:241.30,243.3 1 1
github.com/dhruvsaxena1998/splitplus/internal/service/expense_service.go:244.2,244.78 1 1
github.com/dhruvsaxena1998/splitplus/internal/service/expense_service.go:244.78,246.3 1 1
github.com/dhruvsaxena1998/splitplus/internal/service/expense_service.go:249.2,249.28 1 1
github.com/dhruvsaxena1998/splitplus/internal/service/expense_service.go:249.28,251.3 1 1
github.com/dhruvsaxena1998/splitplus/internal/service/expense_service.go:252.2,252.74 1 1
github.com/dhruvsaxena1998/splitplus/internal/service/expense_service.go:252.74,254.3 1 1
github.com/dhruvsaxena1998/splitplus/internal/service/expense_service.go:257.2,258.17 2 1
github.com/dhruvsaxena1998/splitplus/internal/service/expense_service.go:258.17,260.3 1 1
github.com/dhruvsaxena1998/splitplus/internal/service/expense_service.go:263.2,263.81 1 1
github.com/dhruvsaxena1998/splitplus/internal/service/expense_service.go:263.81,265.3 1 0
github.com/dhruvsaxena1998/splitplus/internal/service/expense_service.go:268.2,269.16 2 1
github.com/dhruvsaxena1998/splitplus/internal/service/expense_service.go:269.16,271.3 1 0
github.com/dhruvsaxena1998/splitplus/internal/service/expense_service.go:274.2,278.55 3 1
github.com/dhruvsaxena1998/splitplus/internal/service/expense_service.go:278.55,280.3 1 0
github.com/dhruvsaxena1998/splitplus/internal/service/expense_service.go:283.2,284.23 2 1
github.com/dhruvsaxena1998/splitplus/internal/service/expense_service.go:284.23,286.3 1 0
github.com/dhruvsaxena1998/splitplus/internal/service/expense_service.go:289.2,290.16 2 1
github.com/dhruvsaxena1998/splitplus/internal/service/expense_service.go:290.16,292.3 1 0
github.com/dhruvsaxena1998/splitplus/internal/service/expense_service.go:293.2,310.16 4 1
github.com/dhruvsaxena1998/splitplus/internal/service/expense_service.go:310.16,312.3 1 0
github.com/dhruvsaxena1998/splitplus/internal/service/expense_service.go:315.2,316.46 2 1
github.com/dhruvsaxena1998/splitplus/internal/service/expense_service.go:316.46,318.17 2 1
github.com/dhruvsaxena1998/splitplus/internal/service/expense_service.go:318.17,320.4 1 0
github.com/dhruvsaxena1998/splitplus/internal/service/expense_service.go:322.3,328.17 2 1
github.com/dhruvsaxena1998/splitplus/internal/service/expense_service.go:328.17,330.4 1 0
github.com/dhruvsaxena1998/splitplus/internal/service/expense_service.go:331.3,331.39 1 1
github.com/dhruvsaxena1998/splitplus/internal/service/expense_service.go:335.2,336.42 2 1
github.com/dhruvsaxena1998/splitplus/internal/service/expense_service.go:336.42,338.17 2 1
github.com/dhruvsaxena1998/splitplus/internal/service/expense_service.go:338.17,340.4 1 0
github.com/dhruvsaxena1998/splitplus/internal/service/expense_service.go:342.3,343.22 2 1
github.com/dhruvsaxena1998/splitplus/internal/service/expense_service.go:343.22,345.4 1 0
github.com/dhruvsaxena1998/splitplus/internal/service/expense_service.go:347.3,353.17 2 1
github.com/dhruvsaxena1998/splitplus/internal/service/expense_service.go:353.17,355.4 1 0
github.com/dhruvsaxena1998/splitplus/internal/service/expense_service.go:356.3,356.33 1 1
github.com/dhruvsaxena1998/splitplus/internal/service/expense_service.go:360.2,360.39 1 1
github.com/dhruvsaxena1998/splitplus/internal/service/expense_service.go:360.39,362.3 1 0
github.com/dhruvsaxena1998/splitplus/internal/service/expense_service.go:365.2,381.8 2 1
github.com/dhruvsaxena1998/splitplus/internal/service/expense_service.go:384.120,386.16 2 1
github.com/dhruvsaxena1998/splitplus/internal/service/expense_service.go:386.16,388.3 1 1
github.com/dhruvsaxena1998/splitplus/internal/service/expense_service.go:391.2,391.85 1 1
github.com/dhruvsaxena1998/splitplus/internal/service/expense_service.go:391.85,393.3 1 1
github.com/dhruvsaxena1998/splitplus/internal/service/expense_service.go:395.2,395.21 1 1
github.com/dhruvsaxena1998/splitplus/internal/service/expense_service.go:398.125,401.16 2 1
github.com/dhruvsaxena1998/splitplus/internal/service/expense_service.go:401.16,403.3 1 1
github.com/dhruvsaxena1998/splitplus/internal/service/expense_service.go:406.2,406.77 1 1
github.com/dhruvsaxena1998/splitplus/internal/service/expense_service.go:406.77,408.3 1 1
github.com/dhruvsaxena1998/splitplus/internal/service/expense_service.go:410.2,410.49 1 1
github.com/dhruvsaxena1998/splitplus/internal/service/expense_service.go:413.116,416.16 2 1
github.com/dhruvsaxena1998/splitplus/internal/service/expense_service.go:416.16,418.3 1 1
github.com/dhruvsaxena1998/splitplus/internal/service/expense_service.go:421.2,421.89 1 1
github.com/dhruvsaxena1998/splitplus/internal/service/expense_service.go:421.89,423.3 1 1
github.com/dhruvsaxena1998/splitplus/internal/service/expense_service.go:426.2,427.63 2 1
github.com/dhruvsaxena1998/splitplus/internal/service/expense_service.go:427.63,429.3 1 1
github.com/dhruvsaxena1998/splitplus/internal/service/expense_service.go:432.2,432.30 1 1
github.com/dhruvsaxena1998/splitplus/internal/service/expense_service.go:432.30,434.3 1 1
github.com/dhruvsaxena1998/splitplus/internal/service/expense_service.go:435.2,435.78 1 1
github.com/dhruvsaxena1998/splitplus/internal/service/expense_service.go:435.78,437.3 1 1
github.com/dhruvsaxena1998/splitplus/internal/service/expense_service.go:440.2,440.28 1 1
github.com/dhruvsaxena1998/splitplus/internal/service/expense_service.go:440.28,442.3 1 1
github.com/dhruvsaxena1998/splitplus/internal/service/expense_service.go:443.2,443.74 1 1
github.com/dhruvsaxena1998/splitplus/internal/service/expense_service.go:443.74,445.3 1 1
github.com/dhruvsaxena1998/splitplus/internal/service/expense_service.go:448.2,449.17 2 1
github.com/dhruvsaxena1998/splitplus/internal/service/expense_service.go:449.17,451.3 1 1
github.com/dhruvsaxena1998/splitplus/internal/service/expense_service.go:454.2,454.83 1 1
github.com/dhruvsaxena1998/splitplus/internal/service/expense_service.go:454.83,456.3 1 0
github.com/dhruvsaxena1998/splitplus/internal/service/expense_service.go:459.2,460.24 2 1
github.com/dhruvsaxena1998/splitplus/internal/service/expense_service.go:460.24,462.17 2 1
github.com/dhruvsaxena1998/splitplus/internal/service/expense_service.go:462.17,464.4 1 1
github.com/dhruvsaxena1998/splitplus/internal/service/expense_service.go:465.3,465.36 1 1
github.com/dhruvsaxena1998/splitplus/internal/service/expense_service.go:469.2,470.16 2 1
github.com/dhruvsaxena1998/splitplus/internal/service/expense_service.go:470.16,472.3 1 0
github.com/dhruvsaxena1998/splitplus/internal/service/expense_service.go:475.2,479.55 3 1
github.com/dhruvsaxena1998/splitplus/internal/service/expense_service.go:479.55,481.3 1 0
github.com/dhruvsaxena1998/splitplus/internal/service/expense_service.go:484.2,485.23 2 1
github.com/dhruvsaxena1998/splitplus/internal/service/expense_service.go:485.23,487.3 1 0
github.com/dhruvsaxena1998/splitplus/internal/service/expense_service.go:490.2,491.16 2 1
github.com/dhruvsaxena1998/splitplus/internal/service/expense_service.go:491.16,493.3 1 0
github.com/dhruvsaxena1998/splitplus/internal/service/expense_service.go:494.2,510.16 4 1
github.com/dhruvsaxena1998/splitplus/internal/service/expense_service.go:510.16,512.3 1 0
github.com/dhruvsaxena1998/splitplus/internal/service/expense_service.go:515.2,515.75 1 1
github.com/dhruvsaxena1998/splitplus/internal/service/expense_service.go:515.75,517.3 1 0
github.com/dhruvsaxena1998/splitplus/internal/service/expense_service.go:518.2,518.73 1 1
github.com/dhruvsaxena1998/splitplus/internal/service/expense_service.go:518.73,520.3 1 0
github.com/dhruvsaxena1998/splitplus/internal/service/expense_service.go:523.2,524.46 2 1
github.com/dhruvsaxena1998/splitplus/internal/service/expense_service.go:524.46,526.17 2 1
github.com/dhruvsaxena1998/splitplus/internal/service/expense_service.go:526.17,528.4 1 0
github.com/dhruvsaxena1998/splitplus/internal/service/expense_service.go:530.3,536.17 2 1
github.com/dhruvsaxena1998/splitplus/internal/service/expense_service.go:536.17,538.4 1 0
github.com/dhruvsaxena1998/splitplus/internal/service/expense_service.go:539.3,539.39 1 1
github.com/dhruvsaxena1998/splitplus/internal/service/expense_service.go:543.2,544.42 2 1
github.com/dhruvsaxena1998/splitplus/internal/service/expense_service.go:544.42,546.17 2 1
github.com/dhruvsaxena1998/splitplus/internal/service/expense_service.go:546.17,548.4 1 0
github.com/dhruvsaxena1998/splitplus/internal/service/expense_service.go:550.3,551.22 2 1
github.com/dhruvsaxena1998/splitplus/internal/service/expense_service.go:551.22,553.4 1 0
github.com/dhruvsaxena1998/splitplus/internal/service/expense_service.go:555.3,561.17 2 1
github.com/dhruvsaxena1998/splitplus/internal/service/expense_service.go:561.17,563.4 1 0
github.com/dhruvsaxena1998/splitplus/internal/service/expense_service.go:564.3,564.33 1 1
github.com/dhruvsaxena1998/splitplus/internal/service/expense_service.go:568.2,568.39 1 1
github.com/dhruvsaxena1998/splitplus/internal/service/expense_service.go:568.39,570.3 1 0
github.com/dhruvsaxena1998/splitplus/internal/service/expense_service.go:573.2,589.8 2 1
github.com/dhruvsaxena1998/splitplus/internal/service/expense_service.go:592.103,594.16 2 1
github.com/dhruvsaxena1998/splitplus/internal/service/expense_service.go:594.16,596.3 1 1
github.com/dhruvsaxena1998/splitplus/internal/service/expense_service.go:599.2,599.85 1 1
github.com/dhruvsaxena1998/splitplus/internal/service/expense_service.go:599.85,601.3 1 1
github.com/dhruvsaxena1998/splitplus/internal/service/expense_service.go:603.2,603.61 1 1
github.com/dhruvsaxena1998/splitplus/internal/service/expense_service.go:603.61,605.3 1 0
github.com/dhruvsaxena1998/splitplus/internal/service/expense_service.go:608.2,619.12 2 1
github.com/dhruvsaxena1998/splitplus/internal/service/expense_service.go:622.141,624.16 2 1
github.com/dhruvsaxena1998/splitplus/internal/service/expense_service.go:624.16,626.3 1 1
github.com/dhruvsaxena1998/splitplus/internal/service/expense_service.go:629.2,629.85 1 1
github.com/dhruvsaxena1998/splitplus/internal/service/expense_service.go:629.85,631.3 1 1
github.com/dhruvsaxena1998/splitplus/internal/service/expense_service.go:633.2,633.51 1 1
github.com/dhruvsaxena1998/splitplus/internal/service/expense_service.go:636.137,638.16 2 1
github.com/dhruvsaxena1998/splitplus/internal/service/expense_service.go:638.16,640.3 1 1
github.com/dhruvsaxena1998/splitplus/internal/service/expense_service.go:643.2,643.85 1 1
github.com/dhruvsaxena1998/splitplus/internal/service/expense_service.go:643.85,645.3 1 1
github.com/dhruvsaxena1998/splitplus/internal/service/expense_service.go:647.2,647.49 1 1
github.com/dhruvsaxena1998/splitplus/internal/service/friend_expense_service.go:28.133,33.2 1 0
github.com/dhruvsaxena1998/splitplus/internal/service/friend_expense_service.go:35.75,36.37 1 0
github.com/dhruvsaxena1998/splitplus/internal/service/friend_expense_service.go:36.37,38.3 1 0
github.com/dhruvsaxena1998/splitplus/internal/service/friend_expense_service.go:39.2,39.13 1 0
github.com/dhruvsaxena1998/splitplus/internal/service/friend_expense_service.go:42.55,43.36 1 0
github.com/dhruvsaxena1998/splitplus/internal/service/friend_expense_service.go:43.36,44.30 1 0
github.com/dhruvsaxena1998/splitplus/internal/service/friend_expense_service.go:44.30,46.4 1 0
github.com/dhruvsaxena1998/splitplus/internal/service/friend_expense_service.go:47.3,47.30 1 0
github.com/dhruvsaxena1998/splitplus/internal/service/friend_expense_service.go:47.30,49.4 1 0
github.com/dhruvsaxena1998/splitplus/internal/service/friend_expense_service.go:51.2,51.13 1 0
github.com/dhruvsaxena1998/splitplus/internal/service/friend_expense_service.go:54.108,58.16 3 0
github.com/dhruvsaxena1998/splitplus/internal/service/friend_expense_service.go:58.16,60.3 1 0
github.com/dhruvsaxena1998/splitplus/internal/service/friend_expense_service.go:61.2,61.29 1 0
github.com/dhruvsaxena1998/splitplus/internal/service/friend_expense_service.go:61.29,63.3 1 0
github.com/dhruvsaxena1998/splitplus/internal/service/friend_expense_service.go:64.2,64.12 1 0
github.com/dhruvsaxena1998/splitplus/internal/service/friend_expense_service.go:67.135,69.29 1 0
github.com/dhruvsaxena1998/splitplus/internal/service/friend_expense_service.go:69.29,70.49 1 0
github.com/dhruvsaxena1998/splitplus/internal/service/friend_expense_service.go:70.49,72.4 1 0
github.com/dhruvsaxena1998/splitplus/internal/service/friend_expense_service.go:75.2,75.28 1 0
github.com/dhruvsaxena1998/splitplus/internal/service/friend_expense_service.go:75.28,76.51 1 0
github.com/dhruvsaxena1998/splitplus/internal/service/friend_expense_service.go:76.51,78.4 1 0
github.com/dhruvsaxena1998/splitplus/internal/service/friend_expense_service.go:80.2,80.12 1 0
github.com/dhruvsaxena1998/splitplus/internal/service/friend_expense_service.go:83.161,85.71 1 0
github.com/dhruvsaxena1998/splitplus/internal/service/friend_expense_service.go:85.71,87.3 1 0
github.com/dhruvsaxena1998/splitplus/internal/service/friend_expense_service.go:90.2,91.63 2 0
github.com/dhruvsaxena1998/splitplus/internal/service/friend_expense_service.go:91.63,93.3 1 0
github.com/dhruvsaxena1998/splitplus/internal/service/friend_expense_service.go:96.2,97.24 2 0
github.com/dhruvsaxena1998/splitplus/internal/service/friend_expense_service.go:97.24,99.3 1 0
github.com/dhruvsaxena1998/splitplus/internal/service/friend_expense_service.go:102.2,102.30 1 0
github.com/dhruvsaxena1998/splitplus/internal/service/friend_expense_service.go:102.30,104.3 1 0
github.com/dhruvsaxena1998/splitplus/internal/service/friend_expense_service.go:105.2,105.78 1 0
github.com/dhruvsaxena1998/splitplus/internal/service/friend_expense_service.go:105.78,107.3 1 0
github.com/dhruvsaxena1998/splitplus/internal/service/friend_expense_service.go:108.2,108.98 1 0
github.com/dhruvsaxena1998/splitplus/internal/service/friend_expense_service.go:108.98,110.3 1 0
github.com/dhruvsaxena1998/splitplus/internal/service/friend_expense_service.go:113.2,113.28 1 0
github.com/dhruvsaxena1998/splitplus/internal/service/friend_expense_service.go:113.28,115.3 1 0
github.com/dhruvsaxena1998/splitplus/internal/service/friend_expense_service.go:116.2,116.74 1 0
github.com/dhruvsaxena1998/splitplus/internal/service/friend_expense_service.go:116.74,118.3 1 0
github.com/dhruvsaxena1998/splitplus/internal/service/friend_expense_service.go:121.2,122.17 2 0
github.com/dhruvsaxena1998/splitplus/internal/service/friend_expense_service.go:122.17,124.3 1 0
github.com/dhruvsaxena1998/splitplus/internal/service/friend_expense_service.go:127.2,128.16 2 0
github.com/dhruvsaxena1998/splitplus/internal/service/friend_expense_service.go:128.16,130.3 1 0
github.com/dhruvsaxena1998/splitplus/internal/service/friend_expense_service.go:133.2,137.16 3 0
github.com/dhruvsaxena1998/splitplus/internal/service/friend_expense_service.go:137.16,139.3 1 0
github.com/dhruvsaxena1998/splitplus/internal/service/friend_expense_service.go:140.2,155.16 4 0
github.com/dhruvsaxena1998/splitplus/internal/service/friend_expense_service.go:155.16,157.3 1 0
github.com/dhruvsaxena1998/splitplus/internal/service/friend_expense_service.go:160.2,161.46 2 0
github.com/dhruvsaxena1998/splitplus/internal/service/friend_expense_service.go:161.46,163.17 2 0
github.com/dhruvsaxena1998/splitplus/internal/service/friend_expense_service.go:163.17,165.4 1 0
github.com/dhruvsaxena1998/splitplus/internal/service/friend_expense_service.go:167.3,173.17 2 0
github.com/dhruvsaxena1998/splitplus/internal/service/friend_expense_service.go:173.17,175.4 1 0
github.com/dhruvsaxena1998/splitplus/internal/service/friend_expense_service.go:176.3,176.39 1 0
github.com/dhruvsaxena1998/splitplus/internal/service/friend_expense_service.go:180.2,181.42 2 0
github.com/dhruvsaxena1998/splitplus/internal/service/friend_expense_service.go:181.42,183.17 2 0
github.com/dhruvsaxena1998/splitplus/internal/service/friend_expense_service.go:183.17,185.4 1 0
github.com/dhruvsaxena1998/splitplus/internal/service/friend_expense_service.go:187.3,193.17 2 0
github.com/dhruvsaxena1998/splitplus/internal/service/friend_expense_service.go:193.17,195.4 1 0
github.com/dhruvsaxena1998/splitplus/internal/service/friend_expense_service.go:196.3,196.33 1 0
github.com/dhruvsaxena1998/splitplus/internal/service/friend_expense_service.go:200.2,200.39 1 0
github.com/dhruvsaxena1998/splitplus/internal/service/friend_expense_service.go:200.39,202.3 1 0
github.com/dhruvsaxena1998/splitplus/internal/service/friend_expense_service.go:204.2,208.8 1 0
github.com/dhruvsaxena1998/splitplus/internal/service/friend_expense_service.go:211.126,213.68 1 0
github.com/dhruvsaxena1998/splitplus/internal/service/friend_expense_service.go:213.68,215.3 1 0
github.com/dhruvsaxena1998/splitplus/internal/service/friend_expense_service.go:217.2,220.4 1 0
github.com/dhruvsaxena1998/splitplus/internal/service/friend_expense_service.go:223.142,225.73 1 0
github.com/dhruvsaxena1998/splitplus/internal/service/friend_expense_service.go:225.73,227.3 1 0
github.com/dhruvsaxena1998/splitplus/internal/service/friend_expense_service.go:229.2,230.16 2 0
github.com/dhruvsaxena1998/splitplus/internal/service/friend_expense_service.go:230.16,232.3 1 0
github.com/dhruvsaxena1998/splitplus/internal/service/friend_expense_service.go:235.2,235.30 1 0
github.com/dhruvsaxena1998/splitplus/internal/service/friend_expense_service.go:235.30,237.3 1 0
github.com/dhruvsaxena1998/splitplus/internal/service/friend_expense_service.go:240.2,240.65 1 0
github.com/dhruvsaxena1998/splitplus/internal/service/friend_expense_service.go:240.65,245.30 4 0
github.com/dhruvsaxena1998/splitplus/internal/service/friend_expense_service.go:245.30,246.31 1 0
github.com/dhruvsaxena1998/splitplus/internal/service/friend_expense_service.go:246.31,248.10 2 0
github.com/dhruvsaxena1998/splitplus/internal/service/friend_expense_service.go:251.3,251.13 1 0
github.com/dhruvsaxena1998/splitplus/internal/service/friend_expense_service.go:251.13,252.30 1 0
github.com/dhruvsaxena1998/splitplus/internal/service/friend_expense_service.go:252.30,253.33 1 0
github.com/dhruvsaxena1998/splitplus/internal/service/friend_expense_service.go:253.33,255.11 2 0
github.com/dhruvsaxena1998/splitplus/internal/service/friend_expense_service.go:259.3,259.13 1 0
github.com/dhruvsaxena1998/splitplus/internal/service/friend_expense_service.go:259.13,261.4 1 0
github.com/dhruvsaxena1998/splitplus/internal/service/friend_expense_service.go:264.2,264.21 1 0
github.com/dhruvsaxena1998/splitplus/internal/service/friend_expense_service.go:267.163,269.89 1 0
github.com/dhruvsaxena1998/splitplus/internal/service/friend_expense_service.go:269.89,271.3 1 0
github.com/dhruvsaxena1998/splitplus/internal/service/friend_expense_service.go:273.2,273.58 1 0
github.com/dhruvsaxena1998/splitplus/internal/service/friend_expense_service.go:276.159,278.89 1 0
github.com/dhruvsaxena1998/splitplus/internal/service/friend_expense_service.go:278.89,280.3 1 0
github.com/dhruvsaxena1998/splitplus/internal/service/friend_expense_service.go:282.2,282.56 1 0
github.com/dhruvsaxena1998/splitplus/internal/service/friend_expense_service.go:286.107,288.16 2 0
github.com/dhruvsaxena1998/splitplus/internal/service/friend_expense_service.go:288.16,290.3 1 0
github.com/dhruvsaxena1998/splitplus/internal/service/friend_expense_service.go:292.2,293.35 2 0
github.com/dhruvsaxena1998/splitplus/internal/service/friend_expense_service.go:293.35,295.17 2 0
github.com/dhruvsaxena1998/splitplus/internal/service/friend_expense_service.go:295.17,297.4 1 0
github.com/dhruvsaxena1998/splitplus/internal/service/friend_expense_service.go:298.3,298.43 1 0
github.com/dhruvsaxena1998/splitplus/internal/service/friend_expense_service.go:298.43,300.4 1 0
github.com/dhruvsaxena1998/splitplus/internal/service/friend_expense_service.go:301.3,301.28 1 0
github.com/dhruvsaxena1998/splitplus/internal/service/friend_expense_service.go:304.2,304.34 1 0
github.com/dhruvsaxena1998/splitplus/internal/service/friend_expense_service.go:304.34,306.3 1 0
github.com/dhruvsaxena1998/splitplus/internal/service/friend_expense_service.go:308.2,308.12 1 0
github.com/dhruvsaxena1998/splitplus/internal/service/friend_expense_service.go:311.101,313.16 2 0
github.com/dhruvsaxena1998/splitplus/internal/service/friend_expense_service.go:313.16,315.3 1 0
github.com/dhruvsaxena1998/splitplus/internal/service/friend_expense_service.go:317.2,318.31 2 0
github.com/dhruvsaxena1998/splitplus/internal/service/friend_expense_service.go:318.31,320.17 2 0
github.com/dhruvsaxena1998/splitplus/internal/service/friend_expense_service.go:320.17,322.4 1 0
github.com/dhruvsaxena1998/splitplus/internal/service/friend_expense_service.go:323.3,323.36 1 0
github.com/dhruvsaxena1998/splitplus/internal/service/friend_expense_service.go:323.36,325.4 1 0
github.com/dhruvsaxena1998/splitplus/internal/service/friend_expense_service.go:326.3,326.28 1 0
github.com/dhruvsaxena1998/splitplus/internal/service/friend_expense_service.go:329.2,329.34 1 0
github.com/dhruvsaxena1998/splitplus/internal/service/friend_expense_service.go:329.34,331.3 1 0
github.com/dhruvsaxena1998/splitplus/internal/service/friend_expense_service.go:333.2,333.12 1 0
github.com/dhruvsaxena1998/splitplus/internal/service/friend_service.go:42.71,44.2 1 1
github.com/dhruvsaxena1998/splitplus/internal/service/friend_service.go:47.65,48.28 1 0
github.com/dhruvsaxena1998/splitplus/internal/service/friend_service.go:48.28,50.4 1 0
github.com/dhruvsaxena1998/splitplus/internal/service/friend_service.go:51.3,51.14 1 0
github.com/dhruvsaxena1998/splitplus/internal/service/friend_service.go:54.45,55.37 1 0
github.com/dhruvsaxena1998/splitplus/internal/service/friend_service.go:55.37,56.32 1 0
github.com/dhruvsaxena1998/splitplus/internal/service/friend_service.go:56.32,58.6 1 0
github.com/dhruvsaxena1998/splitplus/internal/service/friend_service.go:59.5,59.32 1 0
github.com/dhruvsaxena1998/splitplus/internal/service/friend_service.go:59.32,61.6 1 0
github.com/dhruvsaxena1998/splitplus/internal/service/friend_service.go:63.3,63.14 1 0
github.com/dhruvsaxena1998/splitplus/internal/service/friend_service.go:66.124,67.30 1 1
github.com/dhruvsaxena1998/splitplus/internal/service/friend_service.go:67.30,69.4 1 1
github.com/dhruvsaxena1998/splitplus/internal/service/friend_service.go:72.3,72.62 1 0
github.com/dhruvsaxena1998/splitplus/internal/service/friend_service.go:72.62,74.4 1 0
github.com/dhruvsaxena1998/splitplus/internal/service/friend_service.go:76.3,79.96 2 0
github.com/dhruvsaxena1998/splitplus/internal/service/friend_service.go:79.96,81.4 1 0
github.com/dhruvsaxena1998/splitplus/internal/service/friend_service.go:83.3,88.46 2 0
github.com/dhruvsaxena1998/splitplus/internal/service/friend_service.go:91.103,93.17 2 0
github.com/dhruvsaxena1998/splitplus/internal/service/friend_service.go:93.17,95.4 1 0
github.com/dhruvsaxena1998/splitplus/internal/service/friend_service.go:96.3,97.26 2 0
github.com/dhruvsaxena1998/splitplus/internal/service/friend_service.go:97.26,107.4 2 0
github.com/dhruvsaxena1998/splitplus/internal/service/friend_service.go:108.3,108.18 1 0
github.com/dhruvsaxena1998/splitplus/internal/service/friend_service.go:111.114,113.2 1 0
github.com/dhruvsaxena1998/splitplus/internal/service/friend_service.go:115.114,117.2 1 0
github.com/dhruvsaxena1998/splitplus/internal/service/friend_service.go:119.130,121.17 2 0
github.com/dhruvsaxena1998/splitplus/internal/service/friend_service.go:121.17,123.4 1 0
github.com/dhruvsaxena1998/splitplus/internal/service/friend_service.go:125.3,125.65 1 0
github.com/dhruvsaxena1998/splitplus/internal/service/friend_service.go:125.65,127.4 1 0
github.com/dhruvsaxena1998/splitplus/internal/service/friend_service.go:128.3,128.29 1 0
github.com/dhruvsaxena1998/splitplus/internal/service/friend_service.go:128.29,130.4 1 0
github.com/dhruvsaxena1998/splitplus/internal/service/friend_service.go:131.3,134.5 1 0
github.com/dhruvsaxena1998/splitplus/internal/service/friend_service.go:137.112,139.17 2 0
github.com/dhruvsaxena1998/splitplus/internal/service/friend_service.go:139.17,141.4 1 0
github.com/dhruvsaxena1998/splitplus/internal/service/friend_service.go:143.3,143.65 1 0
github.com/dhruvsaxena1998/splitplus/internal/service/friend_service.go:143.65,145.4 1 0
github.com/dhruvsaxena1998/splitplus/internal/service/friend_service.go:146.3,146.29 1 0
github.com/dhruvsaxena1998/splitplus/internal/service/friend_service.go:146.29,148.4 1 0
github.com/dhruvsaxena1998/splitplus/internal/service/friend_service.go:149.3,149.52 1 0
github.com/dhruvsaxena1998/splitplus/internal/service/friend_service.go:152.100,155.17 3 0
github.com/dhruvsaxena1998/splitplus/internal/service/friend_service.go:155.17,157.4 1 0
github.com/dhruvsaxena1998/splitplus/internal/service/friend_service.go:158.3,158.30 1 0
github.com/dhruvsaxena1998/splitplus/internal/service/friend_service.go:158.30,160.4 1 0
github.com/dhruvsaxena1998/splitplus/internal/service/friend_service.go:161.3,161.45 1 0
github.com/dhruvsaxena1998/splitplus/internal/service/friend_settlement_service.go:38.145,43.2 1 0
github.com/dhruvsaxena1998/splitplus/internal/service/friend_settlement_service.go:45.79,46.41 1 0
github.com/dhruvsaxena1998/splitplus/internal/service/friend_settlement_service.go:46.41,48.3 1 0
github.com/dhruvsaxena1998/splitplus/internal/service/friend_settlement_service.go:49.2,49.13 1 0
github.com/dhruvsaxena1998/splitplus/internal/service/friend_settlement_service.go:52.59,53.36 1 0
github.com/dhruvsaxena1998/splitplus/internal/service/friend_settlement_service.go:53.36,54.30 1 0
github.com/dhruvsaxena1998/splitplus/internal/service/friend_settlement_service.go:54.30,56.4 1 0
github.com/dhruvsaxena1998/splitplus/internal/service/friend_settlement_service.go:57.3,57.30 1 0
github.com/dhruvsaxena1998/splitplus/internal/service/friend_settlement_service.go:57.30,59.4 1 0
github.com/dhruvsaxena1998/splitplus/internal/service/friend_settlement_service.go:61.2,61.13 1 0
github.com/dhruvsaxena1998/splitplus/internal/service/friend_settlement_service.go:64.111,67.16 3 0
github.com/dhruvsaxena1998/splitplus/internal/service/friend_settlement_service.go:67.16,69.3 1 0
github.com/dhruvsaxena1998/splitplus/internal/service/friend_settlement_service.go:70.2,70.29 1 0
github.com/dhruvsaxena1998/splitplus/internal/service/friend_settlement_service.go:70.29,72.3 1 0
github.com/dhruvsaxena1998/splitplus/internal/service/friend_settlement_service.go:73.2,73.12 1 0
github.com/dhruvsaxena1998/splitplus/internal/service/friend_settlement_service.go:76.71,82.28 2 0
github.com/dhruvsaxena1998/splitplus/internal/service/friend_settlement_service.go:82.28,84.3 1 0
github.com/dhruvsaxena1998/splitplus/internal/service/friend_settlement_service.go:85.2,85.12 1 0
github.com/dhruvsaxena1998/splitplus/internal/service/friend_settlement_service.go:88.172,90.71 1 0
github.com/dhruvsaxena1998/splitplus/internal/service/friend_settlement_service.go:90.71,92.3 1 0
github.com/dhruvsaxena1998/splitplus/internal/service/friend_settlement_service.go:95.2,95.61 1 0
github.com/dhruvsaxena1998/splitplus/internal/service/friend_settlement_service.go:95.61,97.3 1 0
github.com/dhruvsaxena1998/splitplus/internal/service/friend_settlement_service.go:98.2,98.61 1 0
github.com/dhruvsaxena1998/splitplus/internal/service/friend_settlement_service.go:98.61,100.3 1 0
github.com/dhruvsaxena1998/splitplus/internal/service/friend_settlement_service.go:103.2,103.36 1 0
github.com/dhruvsaxena1998/splitplus/internal/service/friend_settlement_service.go:103.36,105.3 1 0
github.com/dhruvsaxena1998/splitplus/internal/service/friend_settlement_service.go:108.2,109.56 2 0
github.com/dhruvsaxena1998/splitplus/internal/service/friend_settlement_service.go:109.56,111.3 1 0
github.com/dhruvsaxena1998/splitplus/internal/service/friend_settlement_service.go:114.2,115.18 2 0
github.com/dhruvsaxena1998/splitplus/internal/service/friend_settlement_service.go:115.18,117.3 1 0
github.com/dhruvsaxena1998/splitplus/internal/service/friend_settlement_service.go:118.2,118.49 1 0
github.com/dhruvsaxena1998/splitplus/internal/service/friend_settlement_service.go:118.49,120.3 1 0
github.com/dhruvsaxena1998/splitplus/internal/service/friend_settlement_service.go:123.2,124.24 2 0
github.com/dhruvsaxena1998/splitplus/internal/service/friend_settlement_service.go:124.24,126.3 1 0
github.com/dhruvsaxena1998/splitplus/internal/service/friend_settlement_service.go:129.2,130.16 2 0
github.com/dhruvsaxena1998/splitplus/internal/service/friend_settlement_service.go:130.16,132.3 1 0
github.com/dhruvsaxena1998/splitplus/internal/service/friend_settlement_service.go:135.2,148.16 2 0
github.com/dhruvsaxena1998/splitplus/internal/service/friend_settlement_service.go:148.16,150.3 1 0
github.com/dhruvsaxena1998/splitplus/internal/service/friend_settlement_service.go:152.2,152.24 1 0
github.com/dhruvsaxena1998/splitplus/internal/service/friend_settlement_service.go:155.149,157.68 1 0
github.com/dhruvsaxena1998/splitplus/internal/service/friend_settlement_service.go:157.68,159.3 1 0
github.com/dhruvsaxena1998/splitplus/internal/service/friend_settlement_service.go:161.2,164.4 1 0
github.com/dhruvsaxena1998/splitplus/internal/service/friend_settlement_service.go:167.154,169.73 1 0
github.com/dhruvsaxena1998/splitplus/internal/service/friend_settlement_service.go:169.73,171.3 1 0
github.com/dhruvsaxena1998/splitplus/internal/service/friend_settlement_service.go:173.2,174.16 2 0
github.com/dhruvsaxena1998/splitplus/internal/service/friend_settlement_service.go:174.16,176.3 1 0
github.com/dhruvsaxena1998/splitplus/internal/service/friend_settlement_service.go:179.2,179.33 1 0
github.com/dhruvsaxena1998/splitplus/internal/service/friend_settlement_service.go:179.33,181.3 1 0
github.com/dhruvsaxena1998/splitplus/internal/service/friend_settlement_service.go:184.2,184.76 1 0
github.com/dhruvsaxena1998/splitplus/internal/service/friend_settlement_service.go:184.76,186.3 1 0
github.com/dhruvsaxena1998/splitplus/internal/service/friend_settlement_service.go:188.2,188.24 1 0
github.com/dhruvsaxena1998/splitplus/internal/service/friend_settlement_service.go:191.174,193.95 1 0
github.com/dhruvsaxena1998/splitplus/internal/service/friend_settlement_service.go:193.95,195.3 1 0
github.com/dhruvsaxena1998/splitplus/internal/service/friend_settlement_service.go:198.2,198.49 1 0
github.com/dhruvsaxena1998/splitplus/internal/service/friend_settlement_service.go:198.49,200.3 1 0
github.com/dhruvsaxena1998/splitplus/internal/service/friend_settlement_service.go:202.2,206.4 1 0
github.com/dhruvsaxena1998/splitplus/internal/service/group_activity_service.go:31.92,33.2 1 1
github.com/dhruvsaxena1998/splitplus/internal/service/group_activity_service.go:35.95,37.16 2 1
github.com/dhruvsaxena1998/splitplus/internal/service/group_activity_service.go:37.16,39.3 1 1
github.com/dhruvsaxena1998/splitplus/internal/service/group_activity_service.go:41.2,50.12 2 1
github.com/dhruvsaxena1998/splitplus/internal/service/group_activity_service.go:53.154,59.2 1 1
github.com/dhruvsaxena1998/splitplus/internal/service/group_activity_service.go:61.131,63.2 1 1
github.com/dhruvsaxena1998/splitplus/internal/service/group_service.go:61.106,66.2 1 1
github.com/dhruvsaxena1998/splitplus/internal/service/group_service.go:68.108,70.16 2 1
github.com/dhruvsaxena1998/splitplus/internal/service/group_service.go:70.16,72.3 1 1
github.com/dhruvsaxena1998/splitplus/internal/service/group_service.go:74.2,75.24 2 1
github.com/dhruvsaxena1998/splitplus/internal/service/group_service.go:75.24,77.3 1 1
github.com/dhruvsaxena1998/splitplus/internal/service/group_service.go:80.2,81.16 2 1
github.com/dhruvsaxena1998/splitplus/internal/service/group_service.go:81.16,83.3 1 0
github.com/dhruvsaxena1998/splitplus/internal/service/group_service.go:84.2,95.16 4 1
github.com/dhruvsaxena1998/splitplus/internal/service/group_service.go:95.16,97.3 1 1
github.com/dhruvsaxena1998/splitplus/internal/service/group_service.go:100.2,110.16 3 1
github.com/dhruvsaxena1998/splitplus/internal/service/group_service.go:110.16,112.3 1 1
github.com/dhruvsaxena1998/splitplus/internal/service/group_service.go:115.2,115.39 1 1
github.com/dhruvsaxena1998/splitplus/internal/service/group_service.go:115.39,117.3 1 0
github.com/dhruvsaxena1998/splitplus/internal/service/group_service.go:122.2,136.8 2 1
github.com/dhruvsaxena1998/splitplus/internal/service/group_service.go:139.105,142.16 2 1
github.com/dhruvsaxena1998/splitplus/internal/service/group_service.go:142.16,144.3 1 1
github.com/dhruvsaxena1998/splitplus/internal/service/group_service.go:147.2,148.16 2 1
github.com/dhruvsaxena1998/splitplus/internal/service/group_service.go:148.16,150.3 1 1
github.com/dhruvsaxena1998/splitplus/internal/service/group_service.go:153.2,157.16 2 1
github.com/dhruvsaxena1998/splitplus/internal/service/group_service.go:157.16,159.3 1 1
github.com/dhruvsaxena1998/splitplus/internal/service/group_service.go:160.2,160.76 1 1
github.com/dhruvsaxena1998/splitplus/internal/service/group_service.go:160.76,162.3 1 1
github.com/dhruvsaxena1998/splitplus/internal/service/group_service.go:165.2,169.16 2 1
github.com/dhruvsaxena1998/splitplus/internal/service/group_service.go:169.16,171.3 1 1
github.com/dhruvsaxena1998/splitplus/internal/service/group_service.go:174.2,184.16 3 1
github.com/dhruvsaxena1998/splitplus/internal/service/group_service.go:184.16,186.54 2 0
github.com/dhruvsaxena1998/splitplus/internal/service/group_service.go:186.54,188.4 1 0
github.com/dhruvsaxena1998/splitplus/internal/service/group_service.go:189.3,189.33 1 0
github.com/dhruvsaxena1998/splitplus/internal/service/group_service.go:192.2,192.24 1 1
github.com/dhruvsaxena1998/splitplus/internal/service/group_service.go:195.103,198.16 2 1
github.com/dhruvsaxena1998/splitplus/internal/service/group_service.go:198.16,200.3 1 1
github.com/dhruvsaxena1998/splitplus/internal/service/group_service.go:203.2,207.16 2 1
github.com/dhruvsaxena1998/splitplus/internal/service/group_service.go:207.16,209.3 1 1
github.com/dhruvsaxena1998/splitplus/internal/service/group_service.go:210.2,210.36 1 1
github.com/dhruvsaxena1998/splitplus/internal/service/group_service.go:210.36,212.3 1 1
github.com/dhruvsaxena1998/splitplus/internal/service/group_service.go:215.2,222.16 3 1
github.com/dhruvsaxena1998/splitplus/internal/service/group_service.go:222.16,224.3 1 0
github.com/dhruvsaxena1998/splitplus/internal/service/group_service.go:227.2,236.31 2 1
github.com/dhruvsaxena1998/splitplus/internal/service/group_service.go:239.132,242.16 2 1
github.com/dhruvsaxena1998/splitplus/internal/service/group_service.go:242.16,244.3 1 1
github.com/dhruvsaxena1998/splitplus/internal/service/group_service.go:247.2,251.16 2 1
github.com/dhruvsaxena1998/splitplus/internal/service/group_service.go:251.16,253.3 1 1
github.com/dhruvsaxena1998/splitplus/internal/service/group_service.go:256.2,256.46 1 1
github.com/dhruvsaxena1998/splitplus/internal/service/group_service.go:259.117,261.2 1 1
github.com/dhruvsaxena1998/splitplus/internal/service/recurring_expense_service.go:82.132,87.2 1 1
github.com/dhruvsaxena1998/splitplus/internal/service/recurring_expense_service.go:89.115,94.16 2 1
github.com/dhruvsaxena1998/splitplus/internal/service/recurring_expense_service.go:94.16,96.3 1 1
github.com/dhruvsaxena1998/splitplus/internal/service/recurring_expense_service.go:97.2,97.12 1 1
github.com/dhruvsaxena1998/splitplus/internal/service/recurring_expense_service.go:100.110,102.16 2 1
github.com/dhruvsaxena1998/splitplus/internal/service/recurring_expense_service.go:102.16,104.3 1 0
github.com/dhruvsaxena1998/splitplus/internal/service/recurring_expense_service.go:106.2,107.35 2 1
github.com/dhruvsaxena1998/splitplus/internal/service/recurring_expense_service.go:107.35,109.17 2 1
github.com/dhruvsaxena1998/splitplus/internal/service/recurring_expense_service.go:109.17,111.4 1 0
github.com/dhruvsaxena1998/splitplus/internal/service/recurring_expense_service.go:112.3,112.43 1 1
github.com/dhruvsaxena1998/splitplus/internal/service/recurring_expense_service.go:112.43,114.4 1 0
github.com/dhruvsaxena1998/splitplus/internal/service/recurring_expense_service.go:115.3,115.28 1 1
github.com/dhruvsaxena1998/splitplus/internal/service/recurring_expense_service.go:118.2,118.34 1 1
github.com/dhruvsaxena1998/splitplus/internal/service/recurring_expense_service.go:118.34,120.3 1 0
github.com/dhruvsaxena1998/splitplus/internal/service/recurring_expense_service.go:122.2,122.12 1 1
github.com/dhruvsaxena1998/splitplus/internal/service/recurring_expense_service.go:125.104,127.16 2 1
github.com/dhruvsaxena1998/splitplus/internal/service/recurring_expense_service.go:127.16,129.3 1 0
github.com/dhruvsaxena1998/splitplus/internal/service/recurring_expense_service.go:131.2,132.31 2 1
github.com/dhruvsaxena1998/splitplus/internal/service/recurring_expense_service.go:132.31,134.17 2 1
github.com/dhruvsaxena1998/splitplus/internal/service/recurring_expense_service.go:134.17,136.4 1 0
github.com/dhruvsaxena1998/splitplus/internal/service/recurring_expense_service.go:137.3,137.36 1 1
github.com/dhruvsaxena1998/splitplus/internal/service/recurring_expense_service.go:137.36,139.4 1 0
github.com/dhruvsaxena1998/splitplus/internal/service/recurring_expense_service.go:140.3,140.28 1 1
github.com/dhruvsaxena1998/splitplus/internal/service/recurring_expense_service.go:143.2,143.34 1 1
github.com/dhruvsaxena1998/splitplus/internal/service/recurring_expense_service.go:143.34,145.3 1 0
github.com/dhruvsaxena1998/splitplus/internal/service/recurring_expense_service.go:147.2,147.12 1 1
github.com/dhruvsaxena1998/splitplus/internal/service/recurring_expense_service.go:150.109,151.18 1 1
github.com/dhruvsaxena1998/splitplus/internal/service/recurring_expense_service.go:152.15,153.44 1 1
github.com/dhruvsaxena1998/splitplus/internal/service/recurring_expense_service.go:153.44,155.4 1 1
github.com/dhruvsaxena1998/splitplus/internal/service/recurring_expense_service.go:156.16,157.23 1 1
github.com/dhruvsaxena1998/splitplus/internal/service/recurring_expense_service.go:157.23,159.4 1 1
github.com/dhruvsaxena1998/splitplus/internal/service/recurring_expense_service.go:160.3,160.39 1 0
github.com/dhruvsaxena1998/splitplus/internal/service/recurring_expense_service.go:160.39,162.4 1 0
github.com/dhruvsaxena1998/splitplus/internal/service/recurring_expense_service.go:163.3,163.24 1 0
github.com/dhruvsaxena1998/splitplus/internal/service/recurring_expense_service.go:163.24,165.4 1 0
github.com/dhruvsaxena1998/splitplus/internal/service/recurring_expense_service.go:166.27,167.24 1 1
github.com/dhruvsaxena1998/splitplus/internal/service/recurring_expense_service.go:167.24,169.4 1 0
github.com/dhruvsaxena1998/splitplus/internal/service/recurring_expense_service.go:170.3,170.42 1 1
github.com/dhruvsaxena1998/splitplus/internal/service/recurring_expense_service.go:170.42,172.4 1 0
github.com/dhruvsaxena1998/splitplus/internal/service/recurring_expense_service.go:173.3,173.23 1 1
github.com/dhruvsaxena1998/splitplus/internal/service/recurring_expense_service.go:173.23,175.4 1 0
github.com/dhruvsaxena1998/splitplus/internal/service/recurring_expense_service.go:176.10,177.37 1 0
github.com/dhruvsaxena1998/splitplus/internal/service/recurring_expense_service.go:179.2,179.12 1 1
github.com/dhruvsaxena1998/splitplus/internal/service/recurring_expense_service.go:182.150,183.18 1 0
github.com/dhruvsaxena1998/splitplus/internal/service/recurring_expense_service.go:184.15,185.43 1 0
github.com/dhruvsaxena1998/splitplus/internal/service/recurring_expense_service.go:186.16,187.43 1 0
github.com/dhruvsaxena1998/splitplus/internal/service/recurring_expense_service.go:188.17,191.24 2 0
github.com/dhruvsaxena1998/splitplus/internal/service/recurring_expense_service.go:191.24,195.28 3 0
github.com/dhruvsaxena1998/splitplus/internal/service/recurring_expense_service.go:195.28,197.5 1 0
github.com/dhruvsaxena1998/splitplus/internal/service/recurring_expense_service.go:198.4,198.97 1 0
github.com/dhruvsaxena1998/splitplus/internal/service/recurring_expense_service.go:200.3,200.23 1 0
github.com/dhruvsaxena1998/splitplus/internal/service/recurring_expense_service.go:201.16,204.24 2 0
github.com/dhruvsaxena1998/splitplus/internal/service/recurring_expense_service.go:204.24,207.28 3 0
github.com/dhruvsaxena1998/splitplus/internal/service/recurring_expense_service.go:207.28,209.5 1 0
github.com/dhruvsaxena1998/splitplus/internal/service/recurring_expense_service.go:210.4,210.97 1 0
github.com/dhruvsaxena1998/splitplus/internal/service/recurring_expense_service.go:212.3,212.23 1 0
github.com/dhruvsaxena1998/splitplus/internal/service/recurring_expense_service.go:213.10,214.50 1 0
github.com/dhruvsaxena1998/splitplus/internal/service/recurring_expense_service.go:218.145,221.16 2 1
github.com/dhruvsaxena1998/splitplus/internal/service/recurring_expense_service.go:221.16,223.3 1 0
github.com/dhruvsaxena1998/splitplus/internal/service/recurring_expense_service.go:226.2,226.87 1 1
github.com/dhruvsaxena1998/splitplus/internal/service/recurring_expense_service.go:226.87,228.3 1 1
github.com/dhruvsaxena1998/splitplus/internal/service/recurring_expense_service.go:231.2,233.31 3 1
github.com/dhruvsaxena1998/splitplus/internal/service/recurring_expense_service.go:233.31,235.3 1 0
github.com/dhruvsaxena1998/splitplus/internal/service/recurring_expense_service.go:238.2,238.94 1 1
github.com/dhruvsaxena1998/splitplus/internal/service/recurring_expense_service.go:238.94,240.3 1 1
github.com/dhruvsaxena1998/splitplus/internal/service/recurring_expense_service.go:243.2,244.56 2 1
github.com/dhruvsaxena1998/splitplus/internal/service/recurring_expense_service.go:244.56,246.3 1 1
github.com/dhruvsaxena1998/splitplus/internal/service/recurring_expense_service.go:249.2,250.24 2 1
github.com/dhruvsaxena1998/splitplus/internal/service/recurring_expense_service.go:250.24,252.3 1 1
github.com/dhruvsaxena1998/splitplus/internal/service/recurring_expense_service.go:255.2,256.17 2 1
github.com/dhruvsaxena1998/splitplus/internal/service/recurring_expense_service.go:256.17,258.3 1 1
github.com/dhruvsaxena1998/splitplus/internal/service/recurring_expense_service.go:261.2,261.67 1 1
github.com/dhruvsaxena1998/splitplus/internal/service/recurring_expense_service.go:261.67,263.3 1 0
github.com/dhruvsaxena1998/splitplus/internal/service/recurring_expense_service.go:266.2,270.16 3 1
github.com/dhruvsaxena1998/splitplus/internal/service/recurring_expense_service.go:270.16,272.3 1 0
github.com/dhruvsaxena1998/splitplus/internal/service/recurring_expense_service.go:275.2,277.26 3 1
github.com/dhruvsaxena1998/splitplus/internal/service/recurring_expense_service.go:277.26,279.3 1 0
github.com/dhruvsaxena1998/splitplus/internal/service/recurring_expense_service.go:280.2,284.29 3 1
github.com/dhruvsaxena1998/splitplus/internal/service/recurring_expense_service.go:284.29,286.3 1 1
github.com/dhruvsaxena1998/splitplus/internal/service/recurring_expense_service.go:287.2,288.28 2 1
github.com/dhruvsaxena1998/splitplus/internal/service/recurring_expense_service.go:288.28,290.3 1 0
github.com/dhruvsaxena1998/splitplus/internal/service/recurring_expense_service.go:293.2,294.16 2 1
github.com/dhruvsaxena1998/splitplus/internal/service/recurring_expense_service.go:294.16,296.3 1 0
github.com/dhruvsaxena1998/splitplus/internal/service/recurring_expense_service.go:297.2,317.16 4 1
github.com/dhruvsaxena1998/splitplus/internal/service/recurring_expense_service.go:317.16,319.3 1 0
github.com/dhruvsaxena1998/splitplus/internal/service/recurring_expense_service.go:322.2,322.30 1 1
github.com/dhruvsaxena1998/splitplus/internal/service/recurring_expense_service.go:322.30,324.3 1 0
github.com/dhruvsaxena1998/splitplus/internal/service/recurring_expense_service.go:325.2,325.104 1 1
github.com/dhruvsaxena1998/splitplus/internal/service/recurring_expense_service.go:325.104,327.3 1 0
github.com/dhruvsaxena1998/splitplus/internal/service/recurring_expense_service.go:329.2,329.46 1 1
github.com/dhruvsaxena1998/splitplus/internal/service/recurring_expense_service.go:329.46,331.17 2 1
github.com/dhruvsaxena1998/splitplus/internal/service/recurring_expense_service.go:331.17,333.4 1 0
github.com/dhruvsaxena1998/splitplus/internal/service/recurring_expense_service.go:335.3,341.17 2 1
github.com/dhruvsaxena1998/splitplus/internal/service/recurring_expense_service.go:341.17,343.4 1 0
github.com/dhruvsaxena1998/splitplus/internal/service/recurring_expense_service.go:347.2,347.28 1 1
github.com/dhruvsaxena1998/splitplus/internal/service/recurring_expense_service.go:347.28,349.3 1 0
github.com/dhruvsaxena1998/splitplus/internal/service/recurring_expense_service.go:350.2,350.98 1 1
github.com/dhruvsaxena1998/splitplus/internal/service/recurring_expense_service.go:350.98,352.3 1 0
github.com/dhruvsaxena1998/splitplus/internal/service/recurring_expense_service.go:354.2,354.42 1 1
github.com/dhruvsaxena1998/splitplus/internal/service/recurring_expense_service.go:354.42,356.17 2 1
github.com/dhruvsaxena1998/splitplus/internal/service/recurring_expense_service.go:356.17,358.4 1 0
github.com/dhruvsaxena1998/splitplus/internal/service/recurring_expense_service.go:360.3,366.17 2 1
github.com/dhruvsaxena1998/splitplus/internal/service/recurring_expense_service.go:366.17,368.4 1 0
github.com/dhruvsaxena1998/splitplus/internal/service/recurring_expense_service.go:371.2,371.39 1 1
github.com/dhruvsaxena1998/splitplus/internal/service/recurring_expense_service.go:371.39,373.3 1 0
github.com/dhruvsaxena1998/splitplus/internal/service/recurring_expense_service.go:375.2,375.30 1 1
github.com/dhruvsaxena1998/splitplus/internal/service/recurring_expense_service.go:378.80,380.29 2 1
github.com/dhruvsaxena1998/splitplus/internal/service/recurring_expense_service.go:380.29,386.3 1 1
github.com/dhruvsaxena1998/splitplus/internal/service/recurring_expense_service.go:387.2,387.15 1 1
github.com/dhruvsaxena1998/splitplus/internal/service/recurring_expense_service.go:390.72,392.27 2 1
github.com/dhruvsaxena1998/splitplus/internal/service/recurring_expense_service.go:392.27,398.3 1 1
github.com/dhruvsaxena1998/splitplus/internal/service/recurring_expense_service.go:399.2,399.15 1 1
github.com/dhruvsaxena1998/splitplus/internal/service/recurring_expense_service.go:402.140,404.16 2 0
github.com/dhruvsaxena1998/splitplus/internal/service/recurring_expense_service.go:404.16,406.3 1 0
github.com/dhruvsaxena1998/splitplus/internal/service/recurring_expense_service.go:409.2,409.94 1 0
github.com/dhruvsaxena1998/splitplus/internal/service/recurring_expense_service.go:409.94,411.3 1 0
github.com/dhruvsaxena1998/splitplus/internal/service/recurring_expense_service.go:413.2,413.30 1 0
github.com/dhruvsaxena1998/splitplus/internal/service/recurring_expense_service.go:416.152,418.77 1 0
github.com/dhruvsaxena1998/splitplus/internal/service/recurring_expense_service.go:418.77,420.3 1 0
github.com/dhruvsaxena1998/splitplus/internal/service/recurring_expense_service.go:422.2,422.58 1 0
github.com/dhruvsaxena1998/splitplus/internal/service/recurring_expense_service.go:425.145,428.16 2 0
github.com/dhruvsaxena1998/splitplus/internal/service/recurring_expense_service.go:428.16,430.3 1 0
github.com/dhruvsaxena1998/splitplus/internal/service/recurring_expense_service.go:433.2,433.90 1 0
github.com/dhruvsaxena1998/splitplus/internal/service/recurring_expense_service.go:433.90,435.3 1 0
github.com/dhruvsaxena1998/splitplus/internal/service/recurring_expense_service.go:438.2,440.31 3 0
github.com/dhruvsaxena1998/splitplus/internal/service/recurring_expense_service.go:440.31,442.3 1 0
github.com/dhruvsaxena1998/splitplus/internal/service/recurring_expense_service.go:445.2,445.94 1 0
github.com/dhruvsaxena1998/splitplus/internal/service/recurring_expense_service.go:445.94,447.3 1 0
github.com/dhruvsaxena1998/splitplus/internal/service/recurring_expense_service.go:450.2,451.56 2 0
github.com/dhruvsaxena1998/splitplus/internal/service/recurring_expense_service.go:451.56,453.3 1 0
github.com/dhruvsaxena1998/splitplus/internal/service/recurring_expense_service.go:456.2,457.17 2 0
github.com/dhruvsaxena1998/splitplus/internal/service/recurring_expense_service.go:457.17,459.3 1 0
github.com/dhruvsaxena1998/splitplus/internal/service/recurring_expense_service.go:462.2,462.67 1 0
github.com/dhruvsaxena1998/splitplus/internal/service/recurring_expense_service.go:462.67,464.3 1 0
github.com/dhruvsaxena1998/splitplus/internal/service/recurring_expense_service.go:467.2,468.16 2 0
github.com/dhruvsaxena1998/splitplus/internal/service/recurring_expense_service.go:468.16,470.3 1 0
github.com/dhruvsaxena1998/splitplus/internal/service/recurring_expense_service.go:473.2,475.26 3 0
github.com/dhruvsaxena1998/splitplus/internal/service/recurring_expense_service.go:475.26,477.3 1 0
github.com/dhruvsaxena1998/splitplus/internal/service/recurring_expense_service.go:480.2,484.29 3 0
github.com/dhruvsaxena1998/splitplus/internal/service/recurring_expense_service.go:484.29,486.3 1 0
github.com/dhruvsaxena1998/splitplus/internal/service/recurring_expense_service.go:487.2,488.28 2 0
github.com/dhruvsaxena1998/splitplus/internal/service/recurring_expense_service.go:488.28,490.3 1 0
github.com/dhruvsaxena1998/splitplus/internal/service/recurring_expense_service.go:493.2,508.16 2 0
github.com/dhruvsaxena1998/splitplus/internal/service/recurring_expense_service.go:508.16,510.3 1 0
github.com/dhruvsaxena1998/splitplus/internal/service/recurring_expense_service.go:512.2,512.21 1 0
github.com/dhruvsaxena1998/splitplus/internal/service/recurring_expense_service.go:515.114,518.16 2 0
github.com/dhruvsaxena1998/splitplus/internal/service/recurring_expense_service.go:518.16,520.3 1 0
github.com/dhruvsaxena1998/splitplus/internal/service/recurring_expense_service.go:523.2,523.86 1 0
github.com/dhruvsaxena1998/splitplus/internal/service/recurring_expense_service.go:523.86,525.3 1 0
github.com/dhruvsaxena1998/splitplus/internal/service/recurring_expense_service.go:527.2,527.47 1 0
github.com/dhruvsaxena1998/splitplus/internal/service/recurring_expense_service.go:530.152,533.16 2 0
github.com/dhruvsaxena1998/splitplus/internal/service/recurring_expense_service.go:533.16,535.3 1 0
github.com/dhruvsaxena1998/splitplus/internal/service/recurring_expense_service.go:538.2,538.94 1 0
github.com/dhruvsaxena1998/splitplus/internal/service/recurring_expense_service.go:538.94,540.3 1 0
github.com/dhruvsaxena1998/splitplus/internal/service/recurring_expense_service.go:543.2,543.37 1 0
github.com/dhruvsaxena1998/splitplus/internal/service/recurring_expense_service.go:543.37,545.3 1 0
github.com/dhruvsaxena1998/splitplus/internal/service/recurring_expense_service.go:548.2,548.64 1 0
github.com/dhruvsaxena1998/splitplus/internal/service/recurring_expense_service.go:548.64,550.3 1 0
github.com/dhruvsaxena1998/splitplus/internal/service/recurring_expense_service.go:553.2,554.16 2 0
github.com/dhruvsaxena1998/splitplus/internal/service/recurring_expense_service.go:554.16,556.3 1 0
github.com/dhruvsaxena1998/splitplus/internal/service/recurring_expense_service.go:558.2,559.16 2 0
github.com/dhruvsaxena1998/splitplus/internal/service/recurring_expense_service.go:559.16,561.3 1 0
github.com/dhruvsaxena1998/splitplus/internal/service/recurring_expense_service.go:564.2,565.32 2 0
github.com/dhruvsaxena1998/splitplus/internal/service/recurring_expense_service.go:565.32,572.3 2 0
github.com/dhruvsaxena1998/splitplus/internal/service/recurring_expense_service.go:574.2,575.30 2 0
github.com/dhruvsaxena1998/splitplus/internal/service/recurring_expense_service.go:575.30,582.3 2 0
github.com/dhruvsaxena1998/splitplus/internal/service/recurring_expense_service.go:585.2,599.16 3 0
github.com/dhruvsaxena1998/splitplus/internal/service/recurring_expense_service.go:599.16,601.3 1 0
github.com/dhruvsaxena1998/splitplus/internal/service/recurring_expense_service.go:604.2,605.39 2 0
github.com/dhruvsaxena1998/splitplus/internal/service/recurring_expense_service.go:605.39,608.3 2 0
github.com/dhruvsaxena1998/splitplus/internal/service/recurring_expense_service.go:609.2,610.38 2 0
github.com/dhruvsaxena1998/splitplus/internal/service/recurring_expense_service.go:610.38,613.3 2 0
github.com/dhruvsaxena1998/splitplus/internal/service/recurring_expense_service.go:615.2,616.16 2 0
github.com/dhruvsaxena1998/splitplus/internal/service/recurring_expense_service.go:616.16,618.3 1 0
github.com/dhruvsaxena1998/splitplus/internal/service/recurring_expense_service.go:621.2,622.86 2 0
github.com/dhruvsaxena1998/splitplus/internal/service/recurring_expense_service.go:622.86,624.101 1 0
github.com/dhruvsaxena1998/splitplus/internal/service/recurring_expense_service.go:624.101,626.4 1 0
github.com/dhruvsaxena1998/splitplus/internal/service/recurring_expense_service.go:630.2,635.16 3 0
github.com/dhruvsaxena1998/splitplus/internal/service/recurring_expense_service.go:635.16,637.3 1 0
github.com/dhruvsaxena1998/splitplus/internal/service/recurring_expense_service.go:640.2,640.15 1 0
github.com/dhruvsaxena1998/splitplus/internal/service/recurring_expense_service.go:640.15,645.17 2 0
github.com/dhruvsaxena1998/splitplus/internal/service/recurring_expense_service.go:645.17,647.4 1 0
github.com/dhruvsaxena1998/splitplus/internal/service/recurring_expense_service.go:650.2,650.27 1 0
github.com/dhruvsaxena1998/splitplus/internal/service/recurring_expense_service.go:653.90,656.16 2 0
github.com/dhruvsaxena1998/splitplus/internal/service/recurring_expense_service.go:656.16,658.3 1 0
github.com/dhruvsaxena1998/splitplus/internal/service/recurring_expense_service.go:661.2,661.47 1 0
github.com/dhruvsaxena1998/splitplus/internal/service/recurring_expense_service.go:661.47,664.17 2 0
github.com/dhruvsaxena1998/splitplus/internal/service/recurring_expense_service.go:664.17,667.12 1 0
github.com/dhruvsaxena1998/splitplus/internal/service/recurring_expense_service.go:671.2,671.12 1 0
github.com/dhruvsaxena1998/splitplus/internal/service/recurring_expense_service.go:674.46,675.16 1 0
github.com/dhruvsaxena1998/splitplus/internal/service/recurring_expense_service.go:675.16,677.3 1 0
github.com/dhruvsaxena1998/splitplus/internal/service/recurring_expense_service.go:678.2,678.11 1 0
github.com/dhruvsaxena1998/splitplus/internal/service/settlement_service.go:66.121,71.2 1 0
github.com/dhruvsaxena1998/splitplus/internal/service/settlement_service.go:73.109,78.16 2 0
github.com/dhruvsaxena1998/splitplus/internal/service/settlement_service.go:78.16,80.3 1 0
github.com/dhruvsaxena1998/splitplus/internal/service/settlement_service.go:81.2,81.12 1 0
github.com/dhruvsaxena1998/splitplus/internal/service/settlement_service.go:84.65,90.28 2 0
github.com/dhruvsaxena1998/splitplus/internal/service/settlement_service.go:90.28,92.3 1 0
github.com/dhruvsaxena1998/splitplus/internal/service/settlement_service.go:93.2,93.12 1 0
github.com/dhruvsaxena1998/splitplus/internal/service/settlement_service.go:96.121,99.16 2 0
github.com/dhruvsaxena1998/splitplus/internal/service/settlement_service.go:99.16,101.3 1 0
github.com/dhruvsaxena1998/splitplus/internal/service/settlement_service.go:104.2,104.87 1 0
github.com/dhruvsaxena1998/splitplus/internal/service/settlement_service.go:104.87,106.3 1 0
github.com/dhruvsaxena1998/splitplus/internal/service/settlement_service.go:109.2,109.85 1 0
github.com/dhruvsaxena1998/splitplus/internal/service/settlement_service.go:109.85,111.3 1 0
github.com/dhruvsaxena1998/splitplus/internal/service/settlement_service.go:112.2,112.85 1 0
github.com/dhruvsaxena1998/splitplus/internal/service/settlement_service.go:112.85,114.3 1 0
github.com/dhruvsaxena1998/splitplus/internal/service/settlement_service.go:117.2,117.36 1 0
github.com/dhruvsaxena1998/splitplus/internal/service/settlement_service.go:117.36,119.3 1 0
github.com/dhruvsaxena1998/splitplus/internal/service/settlement_service.go:122.2,123.56 2 0
github.com/dhruvsaxena1998/splitplus/internal/service/settlement_service.go:123.56,125.3 1 0
github.com/dhruvsaxena1998/splitplus/internal/service/settlement_service.go:128.2,129.18 2 0
github.com/dhruvsaxena1998/splitplus/internal/service/settlement_service.go:129.18,131.3 1 0
github.com/dhruvsaxena1998/splitplus/internal/service/settlement_service.go:132.2,132.49 1 0
github.com/dhruvsaxena1998/splitplus/internal/service/settlement_service.go:132.49,134.3 1 0
github.com/dhruvsaxena1998/splitplus/internal/service/settlement_service.go:137.2,138.24 2 0
github.com/dhruvsaxena1998/splitplus/internal/service/settlement_service.go:138.24,140.3 1 0
github.com/dhruvsaxena1998/splitplus/internal/service/settlement_service.go:143.2,144.16 2 0
github.com/dhruvsaxena1998/splitplus/internal/service/settlement_service.go:144.16,146.3 1 0
github.com/dhruvsaxena1998/splitplus/internal/service/settlement_service.go:149.2,162.16 2 0
github.com/dhruvsaxena1998/splitplus/internal/service/settlement_service.go:162.16,164.3 1 0
github.com/dhruvsaxena1998/splitplus/internal/service/settlement_service.go:167.2,180.24 2 0
github.com/dhruvsaxena1998/splitplus/internal/service/settlement_service.go:183.132,185.16 2 0
github.com/dhruvsaxena1998/splitplus/internal/service/settlement_service.go:185.16,187.3 1 0
github.com/dhruvsaxena1998/splitplus/internal/service/settlement_service.go:190.2,190.88 1 0
github.com/dhruvsaxena1998/splitplus/internal/service/settlement_service.go:190.88,192.3 1 0
github.com/dhruvsaxena1998/splitplus/internal/service/settlement_service.go:194.2,194.24 1 0
github.com/dhruvsaxena1998/splitplus/internal/service/settlement_service.go:197.149,200.16 2 0
github.com/dhruvsaxena1998/splitplus/internal/service/settlement_service.go:200.16,202.3 1 0
github.com/dhruvsaxena1998/splitplus/internal/service/settlement_service.go:205.2,205.77 1 0
github.com/dhruvsaxena1998/splitplus/internal/service/settlement_service.go:205.77,207.3 1 0
github.com/dhruvsaxena1998/splitplus/internal/service/settlement_service.go:209.2,209.52 1 0
github.com/dhruvsaxena1998/splitplus/internal/service/settlement_service.go:212.133,214.2 1 0
github.com/dhruvsaxena1998/splitplus/internal/service/settlement_service.go:216.121,219.16 2 0
github.com/dhruvsaxena1998/splitplus/internal/service/settlement_service.go:219.16,221.3 1 0
github.com/dhruvsaxena1998/splitplus/internal/service/settlement_service.go:224.2,224.92 1 0
github.com/dhruvsaxena1998/splitplus/internal/service/settlement_service.go:224.92,226.3 1 0
github.com/dhruvsaxena1998/splitplus/internal/service/settlement_service.go:229.2,230.56 2 0
github.com/dhruvsaxena1998/splitplus/internal/service/settlement_service.go:230.56,232.3 1 0
github.com/dhruvsaxena1998/splitplus/internal/service/settlement_service.go:235.2,235.55 1 0
github.com/dhruvsaxena1998/splitplus/internal/service/settlement_service.go:235.55,237.3 1 0
github.com/dhruvsaxena1998/splitplus/internal/service/settlement_service.go:240.2,241.16 2 0
github.com/dhruvsaxena1998/splitplus/internal/service/settlement_service.go:241.16,243.3 1 0
github.com/dhruvsaxena1998/splitplus/internal/service/settlement_service.go:246.2,247.24 2 0
github.com/dhruvsaxena1998/splitplus/internal/service/settlement_service.go:247.24,249.3 1 0
github.com/dhruvsaxena1998/splitplus/internal/service/settlement_service.go:252.2,253.16 2 0
github.com/dhruvsaxena1998/splitplus/internal/service/settlement_service.go:253.16,255.3 1 0
github.com/dhruvsaxena1998/splitplus/internal/service/settlement_service.go:258.2,268.16 2 0
github.com/dhruvsaxena1998/splitplus/internal/service/settlement_service.go:268.16,270.3 1 0
github.com/dhruvsaxena1998/splitplus/internal/service/settlement_service.go:273.2,285.31 2 0
github.com/dhruvsaxena1998/splitplus/internal/service/settlement_service.go:288.133,291.16 2 0
github.com/dhruvsaxena1998/splitplus/internal/service/settlement_service.go:291.16,293.3 1 0
github.com/dhruvsaxena1998/splitplus/internal/service/settlement_service.go:296.2,296.92 1 0
github.com/dhruvsaxena1998/splitplus/internal/service/settlement_service.go:296.92,298.3 1 0
github.com/dhruvsaxena1998/splitplus/internal/service/settlement_service.go:301.2,301.55 1 0
github.com/dhruvsaxena1998/splitplus/internal/service/settlement_service.go:301.55,303.3 1 0
github.com/dhruvsaxena1998/splitplus/internal/service/settlement_service.go:306.2,311.16 2 0
github.com/dhruvsaxena1998/splitplus/internal/service/settlement_service.go:311.16,313.3 1 0
github.com/dhruvsaxena1998/splitplus/internal/service/settlement_service.go:316.2,316.69 1 0
github.com/dhruvsaxena1998/splitplus/internal/service/settlement_service.go:316.69,327.3 1 0
github.com/dhruvsaxena1998/splitplus/internal/service/settlement_service.go:327.8,327.46 1 0
github.com/dhruvsaxena1998/splitplus/internal/service/settlement_service.go:327.46,340.3 1 0
github.com/dhruvsaxena1998/splitplus/internal/service/settlement_service.go:342.2,342.31 1 0
github.com/dhruvsaxena1998/splitplus/internal/service/settlement_service.go:345.112,347.16 2 0
github.com/dhruvsaxena1998/splitplus/internal/service/settlement_service.go:347.16,349.3 1 0
github.com/dhruvsaxena1998/splitplus/internal/service/settlement_service.go:352.2,352.88 1 0
github.com/dhruvsaxena1998/splitplus/internal/service/settlement_service.go:352.88,354.3 1 0
github.com/dhruvsaxena1998/splitplus/internal/service/settlement_service.go:356.2,356.67 1 0
github.com/dhruvsaxena1998/splitplus/internal/service/settlement_service.go:356.67,358.3 1 0
github.com/dhruvsaxena1998/splitplus/internal/service/settlement_service.go:361.2,370.12 2 0
github.com/dhruvsaxena1998/splitplus/internal/service/user_service.go:27.65,29.2 1 1
github.com/dhruvsaxena1998/splitplus/internal/service/user_service.go:35.22,37.17 2 1
github.com/dhruvsaxena1998/splitplus/internal/service/user_service.go:37.17,39.3 1 1
github.com/dhruvsaxena1998/splitplus/internal/service/user_service.go:42.2,46.16 2 1
github.com/dhruvsaxena1998/splitplus/internal/service/user_service.go:46.16,48.54 2 1
github.com/dhruvsaxena1998/splitplus/internal/service/user_service.go:48.54,50.4 1 1
github.com/dhruvsaxena1998/splitplus/internal/service/user_service.go:51.3,51.26 1 1
github.com/dhruvsaxena1998/splitplus/internal/service/user_service.go:54.2,54.18 1 1
